<?xml version="1.0" encoding="UTF-8"?>
<!-- Generated by org.testng.reporters.JUnitXMLReporter -->
<testsuite ignored="0" hostname="LAPTOP-P9UGU7PC" failures="0" tests="6" name="Default test" time="24.48" errors="0" timestamp="2024-01-13T00:02:13 IST">
  <testcase classname="com.qa.Webshop.baseTest.baseTest" name="@BeforeTest setUp" time="24.031">
    <failure type="com.microsoft.playwright.PlaywrightException" message="Error {
  message=&amp;apos;NS_ERROR_UNKNOWN_HOST
  name=&amp;apos;Error
  stack=&amp;apos;Error: NS_ERROR_UNKNOWN_HOST
    at FrameManager.frameAbortedNavigation (C:\Users\HP\AppData\Local\Temp\playwright-java-6207073177838020012\package\lib\server\frames.js:216:14)
    at FrameManager.requestFailed (C:\Users\HP\AppData\Local\Temp\playwright-java-6207073177838020012\package\lib\server\frames.js:276:12)
    at FFNetworkManager._onRequestFailed (C:\Users\HP\AppData\Local\Temp\playwright-java-6207073177838020012\package\lib\server\firefox\ffNetworkManager.js:136:30)
    at FFSession.emit (node:events:514:28)
    at C:\Users\HP\AppData\Local\Temp\playwright-java-6207073177838020012\package\lib\server\firefox\ffConnection.js:154:41
}
Call log:
- navigating to &amp;quot;https://demowebshop.tricentis.com/&amp;quot;, waiting until &amp;quot;load&amp;quot;
">
      <![CDATA[com.microsoft.playwright.PlaywrightException: Error {
  message='NS_ERROR_UNKNOWN_HOST
  name='Error
  stack='Error: NS_ERROR_UNKNOWN_HOST
    at FrameManager.frameAbortedNavigation (C:\Users\HP\AppData\Local\Temp\playwright-java-6207073177838020012\package\lib\server\frames.js:216:14)
    at FrameManager.requestFailed (C:\Users\HP\AppData\Local\Temp\playwright-java-6207073177838020012\package\lib\server\frames.js:276:12)
    at FFNetworkManager._onRequestFailed (C:\Users\HP\AppData\Local\Temp\playwright-java-6207073177838020012\package\lib\server\firefox\ffNetworkManager.js:136:30)
    at FFSession.emit (node:events:514:28)
    at C:\Users\HP\AppData\Local\Temp\playwright-java-6207073177838020012\package\lib\server\firefox\ffConnection.js:154:41
}
Call log:
- navigating to "https://demowebshop.tricentis.com/", waiting until "load"

at com.microsoft.playwright.impl.WaitableResult.get(WaitableResult.java:54)
at com.microsoft.playwright.impl.ChannelOwner.runUntil(ChannelOwner.java:120)
at com.microsoft.playwright.impl.Connection.sendMessage(Connection.java:129)
at com.microsoft.playwright.impl.ChannelOwner.sendMessage(ChannelOwner.java:106)
at com.microsoft.playwright.impl.FrameImpl.navigateImpl(FrameImpl.java:463)
at com.microsoft.playwright.impl.PageImpl.lambda$navigate$45(PageImpl.java:836)
at com.microsoft.playwright.impl.LoggingSupport.withLogging(LoggingSupport.java:47)
at com.microsoft.playwright.impl.ChannelOwner.withLogging(ChannelOwner.java:89)
at com.microsoft.playwright.impl.PageImpl.navigate(PageImpl.java:836)
at com.microsoft.playwright.impl.PageImpl.navigate(PageImpl.java:42)
at com.microsoft.playwright.Page.navigate(Page.java:5305)
at com.qa.Webshop.Factory.Factory.initialiseBrows(Factory.java:48)
at com.qa.Webshop.baseTest.baseTest.setUp(baseTest.java:69)
at java.base/jdk.internal.reflect.NativeMethodAccessorImpl.invoke0(Native Method)
at java.base/jdk.internal.reflect.NativeMethodAccessorImpl.invoke(NativeMethodAccessorImpl.java:77)
at java.base/jdk.internal.reflect.DelegatingMethodAccessorImpl.invoke(DelegatingMethodAccessorImpl.java:43)
at java.base/java.lang.reflect.Method.invoke(Method.java:568)
at org.testng.internal.MethodInvocationHelper.invokeMethod(MethodInvocationHelper.java:133)
at org.testng.internal.MethodInvocationHelper.invokeMethodConsideringTimeout(MethodInvocationHelper.java:62)
at org.testng.internal.ConfigInvoker.invokeConfigurationMethod(ConfigInvoker.java:385)
at org.testng.internal.ConfigInvoker.invokeConfigurations(ConfigInvoker.java:321)
at org.testng.TestRunner.invokeTestConfigurations(TestRunner.java:637)
at org.testng.TestRunner.beforeRun(TestRunner.java:627)
at org.testng.TestRunner.run(TestRunner.java:589)
at org.testng.SuiteRunner.runTest(SuiteRunner.java:377)
at org.testng.SuiteRunner.runSequentially(SuiteRunner.java:371)
at org.testng.SuiteRunner.privateRun(SuiteRunner.java:332)
at org.testng.SuiteRunner.run(SuiteRunner.java:276)
at org.testng.SuiteRunnerWorker.runSuite(SuiteRunnerWorker.java:53)
at org.testng.SuiteRunnerWorker.run(SuiteRunnerWorker.java:96)
at org.testng.TestNG.runSuitesSequentially(TestNG.java:1212)
at org.testng.TestNG.runSuitesLocally(TestNG.java:1134)
at org.testng.TestNG.runSuites(TestNG.java:1063)
at org.testng.TestNG.run(TestNG.java:1031)
at org.testng.remote.AbstractRemoteTestNG.run(AbstractRemoteTestNG.java:115)
at org.testng.remote.RemoteTestNG.initAndRun(RemoteTestNG.java:251)
at org.testng.remote.RemoteTestNG.main(RemoteTestNG.java:77)
Caused by: com.microsoft.playwright.impl.DriverException: Error {
  message='NS_ERROR_UNKNOWN_HOST
  name='Error
  stack='Error: NS_ERROR_UNKNOWN_HOST
    at FrameManager.frameAbortedNavigation (C:\Users\HP\AppData\Local\Temp\playwright-java-6207073177838020012\package\lib\server\frames.js:216:14)
    at FrameManager.requestFailed (C:\Users\HP\AppData\Local\Temp\playwright-java-6207073177838020012\package\lib\server\frames.js:276:12)
    at FFNetworkManager._onRequestFailed (C:\Users\HP\AppData\Local\Temp\playwright-java-6207073177838020012\package\lib\server\firefox\ffNetworkManager.js:136:30)
    at FFSession.emit (node:events:514:28)
    at C:\Users\HP\AppData\Local\Temp\playwright-java-6207073177838020012\package\lib\server\firefox\ffConnection.js:154:41
}
Call log:
- navigating to "https://demowebshop.tricentis.com/", waiting until "load"

at com.microsoft.playwright.impl.Connection.dispatch(Connection.java:257)
at com.microsoft.playwright.impl.Connection.processOneMessage(Connection.java:209)
at com.microsoft.playwright.impl.ChannelOwner.runUntil(ChannelOwner.java:118)
... 35 more
]]>
    </failure>
  </testcase> <!-- @BeforeTest setUp -->
  <testcase classname="com.qa.Webshop.baseTest.baseTest" name="@AfterMethod getTestResult" time="-1.705084332781E9">
    <skipped/>
  </testcase> <!-- @AfterMethod getTestResult -->
  <testcase classname="com.qa.Webshop.baseTest.baseTest" name="@AfterMethod getTestResult" time="-1.70508433282E9">
    <skipped/>
  </testcase> <!-- @AfterMethod getTestResult -->
  <testcase classname="com.qa.Webshop.baseTest.baseTest" name="@AfterMethod getTestResult" time="-1.705084332834E9">
    <skipped/>
  </testcase> <!-- @AfterMethod getTestResult -->
  <testcase classname="com.qa.Webshop.baseTest.baseTest" name="@AfterMethod getTestResult" time="-1.705084332881E9">
    <skipped/>
  </testcase> <!-- @AfterMethod getTestResult -->
  <testcase classname="com.qa.Webshop.baseTest.baseTest" name="@AfterMethod getTestResult" time="-1.705084332919E9">
    <skipped/>
  </testcase> <!-- @AfterMethod getTestResult -->
  <testcase classname="com.qa.Webshop.baseTest.baseTest" name="@AfterMethod getTestResult" time="-1.70508433302E9">
    <skipped/>
  </testcase> <!-- @AfterMethod getTestResult -->
  <testcase classname="com.qa.Webshop.baseTest.baseTest" name="@AfterTest flushReport" time="-1.705084333024E9">
    <skipped/>
  </testcase> <!-- @AfterTest flushReport -->
  <testcase classname="com.qa.Webshop.Test.TestAutomation" name="regstrationPage" time="0.0">
    <skipped/>
  </testcase> <!-- regstrationPage -->
  <testcase classname="com.qa.Webshop.Test.TestAutomation" name="buyingBookTest" time="0.0">
    <skipped/>
  </testcase> <!-- buyingBookTest -->
  <testcase classname="com.qa.Webshop.Test.TestAutomation" name="buyingcomputer" time="0.0">
    <skipped/>
  </testcase> <!-- buyingcomputer -->
  <testcase classname="com.qa.Webshop.Test.TestAutomation" name="buyingElectronic" time="0.0">
    <skipped/>
  </testcase> <!-- buyingElectronic -->
  <testcase classname="com.qa.Webshop.Test.TestAutomation" name="buyingJwelery" time="0.0">
    <skipped/>
  </testcase> <!-- buyingJwelery -->
  <testcase classname="com.qa.Webshop.Test.TestAutomation" name="checkoutPageTest" time="0.0">
    <skipped/>
  </testcase> <!-- checkoutPageTest -->
</testsuite> <!-- Default test -->
