<html>
<head>
<title>TestNG:  Default test</title>
<link href="../testng.css" rel="stylesheet" type="text/css" />
<link href="../my-testng.css" rel="stylesheet" type="text/css" />

<style type="text/css">
.log { display: none;} 
.stack-trace { display: none;} 
</style>
<script type="text/javascript">
<!--
function flip(e) {
  current = e.style.display;
  if (current == 'block') {
    e.style.display = 'none';
    return 0;
  }
  else {
    e.style.display = 'block';
    return 1;
  }
}

function toggleBox(szDivId, elem, msg1, msg2)
{
  var res = -1;  if (document.getElementById) {
    res = flip(document.getElementById(szDivId));
  }
  else if (document.all) {
    // this is the way old msie versions work
    res = flip(document.all[szDivId]);
  }
  if(elem) {
    if(res == 0) elem.innerHTML = msg1; else elem.innerHTML = msg2;
  }

}

function toggleAllBoxes() {
  if (document.getElementsByTagName) {
    d = document.getElementsByTagName('div');
    for (i = 0; i < d.length; i++) {
      if (d[i].className == 'log') {
        flip(d[i]);
      }
    }
  }
}

// -->
</script>

</head>
<body>
<h2 align='center'>Default test</h2><table border='1' align="center">
<tr>
<td>Tests passed/Failed/Skipped:</td><td>0/0/6</td>
</tr><tr>
<td>Started on:</td><td>Sat Jan 13 00:01:48 IST 2024</td>
</tr>
<tr><td>Total time:</td><td>24 seconds (24480 ms)</td>
</tr><tr>
<td>Included groups:</td><td></td>
</tr><tr>
<td>Excluded groups:</td><td></td>
</tr>
</table><p/>
<small><i>(Hover the method name to see the test class name)</i></small><p/>
<table width='100%' border='1' class='invocation-failed'>
<tr><td colspan='4' align='center'><b>FAILED CONFIGURATIONS</b></td></tr>
<tr><td><b>Test method</b></td>
<td width="30%"><b>Exception</b></td>
<td width="10%"><b>Time (seconds)</b></td>
<td><b>Instance</b></td>
</tr>
<tr>
<td title='com.qa.Webshop.Test.TestAutomation.setUp()'><b>setUp</b><br>Test class: com.qa.Webshop.Test.TestAutomation</td>
<td><div><pre>com.microsoft.playwright.PlaywrightException: Error {
  message=&apos;NS_ERROR_UNKNOWN_HOST
  name=&apos;Error
  stack=&apos;Error: NS_ERROR_UNKNOWN_HOST
    at FrameManager.frameAbortedNavigation (C:\Users\HP\AppData\Local\Temp\playwright-java-6207073177838020012\package\lib\server\frames.js:216:14)
    at FrameManager.requestFailed (C:\Users\HP\AppData\Local\Temp\playwright-java-6207073177838020012\package\lib\server\frames.js:276:12)
    at FFNetworkManager._onRequestFailed (C:\Users\HP\AppData\Local\Temp\playwright-java-6207073177838020012\package\lib\server\firefox\ffNetworkManager.js:136:30)
    at FFSession.emit (node:events:514:28)
    at C:\Users\HP\AppData\Local\Temp\playwright-java-6207073177838020012\package\lib\server\firefox\ffConnection.js:154:41
}
Call log:
- navigating to &quot;https://demowebshop.tricentis.com/&quot;, waiting until &quot;load&quot;

	at com.microsoft.playwright.impl.WaitableResult.get(WaitableResult.java:54)
	at com.microsoft.playwright.impl.ChannelOwner.runUntil(ChannelOwner.java:120)
	at com.microsoft.playwright.impl.Connection.sendMessage(Connection.java:129)
	at com.microsoft.playwright.impl.ChannelOwner.sendMessage(ChannelOwner.java:106)
	at com.microsoft.playwright.impl.FrameImpl.navigateImpl(FrameImpl.java:463)
	at com.microsoft.playwright.impl.PageImpl.lambda$navigate$45(PageImpl.java:836)
	at com.microsoft.playwright.impl.LoggingSupport.withLogging(LoggingSupport.java:47)
	at com.microsoft.playwright.impl.ChannelOwner.withLogging(ChannelOwner.java:89)
	at com.microsoft.playwright.impl.PageImpl.navigate(PageImpl.java:836)
	at com.microsoft.playwright.impl.PageImpl.navigate(PageImpl.java:42)
	at com.microsoft.playwright.Page.navigate(Page.java:5305)
	at com.qa.Webshop.Factory.Factory.initialiseBrows(Factory.java:48)
	at com.qa.Webshop.baseTest.baseTest.setUp(baseTest.java:69)
	at java.base/jdk.internal.reflect.NativeMethodAccessorImpl.invoke0(Native Method)
	at java.base/jdk.internal.reflect.NativeMethodAccessorImpl.invoke(NativeMethodAccessorImpl.java:77)
	at java.base/jdk.internal.reflect.DelegatingMethodAccessorImpl.invoke(DelegatingMethodAccessorImpl.java:43)
	at java.base/java.lang.reflect.Method.invoke(Method.java:568)
	at org.testng.internal.MethodInvocationHelper.invokeMethod(MethodInvocationHelper.java:133)
	at org.testng.internal.MethodInvocationHelper.invokeMethodConsideringTimeout(MethodInvocationHelper.java:62)
	at org.testng.internal.ConfigInvoker.invokeConfigurationMethod(ConfigInvoker.java:385)
	at org.testng.internal.ConfigInvoker.invokeConfigurations(ConfigInvoker.java:321)
	at org.testng.TestRunner.invokeTestConfigurations(TestRunner.java:637)
	at org.testng.TestRunner.beforeRun(TestRunner.java:627)
	at org.testng.TestRunner.run(TestRunner.java:589)
	at org.testng.SuiteRunner.runTest(SuiteRunner.java:377)
	at org.testng.SuiteRunner.runSequentially(SuiteRunner.java:371)
	at org.testng.SuiteRunner.privateRun(SuiteRunner.java:332)
	at org.testng.SuiteRunner.run(SuiteRunner.java:276)
	at org.testng.SuiteRunnerWorker.runSuite(SuiteRunnerWorker.java:53)
	at org.testng.SuiteRunnerWorker.run(SuiteRunnerWorker.java:96)
	at org.testng.TestNG.runSuitesSequentially(TestNG.java:1212)
	at org.testng.TestNG.runSuitesLocally(TestNG.java:1134)
	at org.testng.TestNG.runSuites(TestNG.java:1063)
	at org.testng.TestNG.run(TestNG.java:1031)
	at org.testng.remote.AbstractRemoteTestNG.run(AbstractRemoteTestNG.java:115)
	at org.testng.remote.RemoteTestNG.initAndRun(RemoteTestNG.java:251)
	at org.testng.remote.RemoteTestNG.main(RemoteTestNG.java:77)
Caused by: com.microsoft.playwright.impl.DriverException: Error {
  message=&apos;NS_ERROR_UNKNOWN_HOST
  name=&apos;Error
  stack=&apos;Error: NS_ERROR_UNKNOWN_HOST
    at FrameManager.frameAbortedNavigation (C:\Users\HP\AppData\Local\Temp\playwright-java-6207073177838020012\package\lib\server\frames.js:216:14)
    at FrameManager.requestFailed (C:\Users\HP\AppData\Local\Temp\playwright-java-6207073177838020012\package\lib\server\frames.js:276:12)
    at FFNetworkManager._onRequestFailed (C:\Users\HP\AppData\Local\Temp\playwright-java-6207073177838020012\package\lib\server\firefox\ffNetworkManager.js:136:30)
    at FFSession.emit (node:events:514:28)
    at C:\Users\HP\AppData\Local\Temp\playwright-java-6207073177838020012\package\lib\server\firefox\ffConnection.js:154:41
}
Call log:
- navigating to &quot;https://demowebshop.tricentis.com/&quot;, waiting until &quot;load&quot;

	at com.microsoft.playwright.impl.Connection.dispatch(Connection.java:257)
	at com.microsoft.playwright.impl.Connection.processOneMessage(Connection.java:209)
	at com.microsoft.playwright.impl.ChannelOwner.runUntil(ChannelOwner.java:118)
	... 35 more
</pre></div><a href='#' onClick='toggleBox("stack-trace599984672", this, "Click to show all stack frames", "Click to hide stack frames")'>Click to show all stack frames</a>
<div class='stack-trace' id='stack-trace599984672'><pre>com.microsoft.playwright.PlaywrightException: Error {
  message=&apos;NS_ERROR_UNKNOWN_HOST
  name=&apos;Error
  stack=&apos;Error: NS_ERROR_UNKNOWN_HOST
    at FrameManager.frameAbortedNavigation (C:\Users\HP\AppData\Local\Temp\playwright-java-6207073177838020012\package\lib\server\frames.js:216:14)
    at FrameManager.requestFailed (C:\Users\HP\AppData\Local\Temp\playwright-java-6207073177838020012\package\lib\server\frames.js:276:12)
    at FFNetworkManager._onRequestFailed (C:\Users\HP\AppData\Local\Temp\playwright-java-6207073177838020012\package\lib\server\firefox\ffNetworkManager.js:136:30)
    at FFSession.emit (node:events:514:28)
    at C:\Users\HP\AppData\Local\Temp\playwright-java-6207073177838020012\package\lib\server\firefox\ffConnection.js:154:41
}
Call log:
- navigating to &quot;https://demowebshop.tricentis.com/&quot;, waiting until &quot;load&quot;

	at com.microsoft.playwright.impl.WaitableResult.get(WaitableResult.java:54)
	at com.microsoft.playwright.impl.ChannelOwner.runUntil(ChannelOwner.java:120)
	at com.microsoft.playwright.impl.Connection.sendMessage(Connection.java:129)
	at com.microsoft.playwright.impl.ChannelOwner.sendMessage(ChannelOwner.java:106)
	at com.microsoft.playwright.impl.FrameImpl.navigateImpl(FrameImpl.java:463)
	at com.microsoft.playwright.impl.PageImpl.lambda$navigate$45(PageImpl.java:836)
	at com.microsoft.playwright.impl.LoggingSupport.withLogging(LoggingSupport.java:47)
	at com.microsoft.playwright.impl.ChannelOwner.withLogging(ChannelOwner.java:89)
	at com.microsoft.playwright.impl.PageImpl.navigate(PageImpl.java:836)
	at com.microsoft.playwright.impl.PageImpl.navigate(PageImpl.java:42)
	at com.microsoft.playwright.Page.navigate(Page.java:5305)
	at com.qa.Webshop.Factory.Factory.initialiseBrows(Factory.java:48)
	at com.qa.Webshop.baseTest.baseTest.setUp(baseTest.java:69)
	at java.base/jdk.internal.reflect.NativeMethodAccessorImpl.invoke0(Native Method)
	at java.base/jdk.internal.reflect.NativeMethodAccessorImpl.invoke(NativeMethodAccessorImpl.java:77)
	at java.base/jdk.internal.reflect.DelegatingMethodAccessorImpl.invoke(DelegatingMethodAccessorImpl.java:43)
	at java.base/java.lang.reflect.Method.invoke(Method.java:568)
	at org.testng.internal.MethodInvocationHelper.invokeMethod(MethodInvocationHelper.java:133)
	at org.testng.internal.MethodInvocationHelper.invokeMethodConsideringTimeout(MethodInvocationHelper.java:62)
	at org.testng.internal.ConfigInvoker.invokeConfigurationMethod(ConfigInvoker.java:385)
	at org.testng.internal.ConfigInvoker.invokeConfigurations(ConfigInvoker.java:321)
	at org.testng.TestRunner.invokeTestConfigurations(TestRunner.java:637)
	at org.testng.TestRunner.beforeRun(TestRunner.java:627)
	at org.testng.TestRunner.run(TestRunner.java:589)
	at org.testng.SuiteRunner.runTest(SuiteRunner.java:377)
	at org.testng.SuiteRunner.runSequentially(SuiteRunner.java:371)
	at org.testng.SuiteRunner.privateRun(SuiteRunner.java:332)
	at org.testng.SuiteRunner.run(SuiteRunner.java:276)
	at org.testng.SuiteRunnerWorker.runSuite(SuiteRunnerWorker.java:53)
	at org.testng.SuiteRunnerWorker.run(SuiteRunnerWorker.java:96)
	at org.testng.TestNG.runSuitesSequentially(TestNG.java:1212)
	at org.testng.TestNG.runSuitesLocally(TestNG.java:1134)
	at org.testng.TestNG.runSuites(TestNG.java:1063)
	at org.testng.TestNG.run(TestNG.java:1031)
	at org.testng.remote.AbstractRemoteTestNG.run(AbstractRemoteTestNG.java:115)
	at org.testng.remote.RemoteTestNG.initAndRun(RemoteTestNG.java:251)
	at org.testng.remote.RemoteTestNG.main(RemoteTestNG.java:77)
Caused by: com.microsoft.playwright.impl.DriverException: Error {
  message=&apos;NS_ERROR_UNKNOWN_HOST
  name=&apos;Error
  stack=&apos;Error: NS_ERROR_UNKNOWN_HOST
    at FrameManager.frameAbortedNavigation (C:\Users\HP\AppData\Local\Temp\playwright-java-6207073177838020012\package\lib\server\frames.js:216:14)
    at FrameManager.requestFailed (C:\Users\HP\AppData\Local\Temp\playwright-java-6207073177838020012\package\lib\server\frames.js:276:12)
    at FFNetworkManager._onRequestFailed (C:\Users\HP\AppData\Local\Temp\playwright-java-6207073177838020012\package\lib\server\firefox\ffNetworkManager.js:136:30)
    at FFSession.emit (node:events:514:28)
    at C:\Users\HP\AppData\Local\Temp\playwright-java-6207073177838020012\package\lib\server\firefox\ffConnection.js:154:41
}
Call log:
- navigating to &quot;https://demowebshop.tricentis.com/&quot;, waiting until &quot;load&quot;

	at com.microsoft.playwright.impl.Connection.dispatch(Connection.java:257)
	at com.microsoft.playwright.impl.Connection.processOneMessage(Connection.java:209)
	at com.microsoft.playwright.impl.ChannelOwner.runUntil(ChannelOwner.java:118)
	... 35 more
</pre></div></td>
<td>24</td>
<td>com.qa.Webshop.Test.TestAutomation@6babf3bf</td></tr>
</table><p>
<table width='100%' border='1' class='invocation-skipped'>
<tr><td colspan='4' align='center'><b>SKIPPED CONFIGURATIONS</b></td></tr>
<tr><td><b>Test method</b></td>
<td width="30%"><b>Exception</b></td>
<td width="10%"><b>Time (seconds)</b></td>
<td><b>Instance</b></td>
</tr>
<tr>
<td title='com.qa.Webshop.Test.TestAutomation.getTestResult()'><b>getTestResult</b><br>Test class: com.qa.Webshop.Test.TestAutomation</td>
<td></td>
<td>-1705084333</td>
<td>com.qa.Webshop.Test.TestAutomation@6babf3bf</td></tr>
<tr>
<td title='com.qa.Webshop.Test.TestAutomation.flushReport()'><b>flushReport</b><br>Test class: com.qa.Webshop.Test.TestAutomation</td>
<td></td>
<td>-1705084333</td>
<td>com.qa.Webshop.Test.TestAutomation@6babf3bf</td></tr>
<tr>
<td title='com.qa.Webshop.Test.TestAutomation.getTestResult()'><b>getTestResult</b><br>Test class: com.qa.Webshop.Test.TestAutomation</td>
<td></td>
<td>-1705084332</td>
<td>com.qa.Webshop.Test.TestAutomation@6babf3bf</td></tr>
<tr>
<td title='com.qa.Webshop.Test.TestAutomation.getTestResult()'><b>getTestResult</b><br>Test class: com.qa.Webshop.Test.TestAutomation</td>
<td></td>
<td>-1705084332</td>
<td>com.qa.Webshop.Test.TestAutomation@6babf3bf</td></tr>
<tr>
<td title='com.qa.Webshop.Test.TestAutomation.getTestResult()'><b>getTestResult</b><br>Test class: com.qa.Webshop.Test.TestAutomation</td>
<td></td>
<td>-1705084332</td>
<td>com.qa.Webshop.Test.TestAutomation@6babf3bf</td></tr>
<tr>
<td title='com.qa.Webshop.Test.TestAutomation.getTestResult()'><b>getTestResult</b><br>Test class: com.qa.Webshop.Test.TestAutomation</td>
<td></td>
<td>-1705084332</td>
<td>com.qa.Webshop.Test.TestAutomation@6babf3bf</td></tr>
<tr>
<td title='com.qa.Webshop.Test.TestAutomation.getTestResult()'><b>getTestResult</b><br>Test class: com.qa.Webshop.Test.TestAutomation</td>
<td></td>
<td>-1705084332</td>
<td>com.qa.Webshop.Test.TestAutomation@6babf3bf</td></tr>
</table><p>
<table width='100%' border='1' class='invocation-skipped'>
<tr><td colspan='4' align='center'><b>SKIPPED TESTS</b></td></tr>
<tr><td><b>Test method</b></td>
<td width="30%"><b>Exception</b></td>
<td width="10%"><b>Time (seconds)</b></td>
<td><b>Instance</b></td>
</tr>
<tr>
<td title='com.qa.Webshop.Test.TestAutomation.buyingcomputer()'><b>buyingcomputer</b><br>Test class: com.qa.Webshop.Test.TestAutomation</td>
<td><div><pre>com.microsoft.playwright.PlaywrightException: Error {
  message=&apos;NS_ERROR_UNKNOWN_HOST
  name=&apos;Error
  stack=&apos;Error: NS_ERROR_UNKNOWN_HOST
    at FrameManager.frameAbortedNavigation (C:\Users\HP\AppData\Local\Temp\playwright-java-6207073177838020012\package\lib\server\frames.js:216:14)
    at FrameManager.requestFailed (C:\Users\HP\AppData\Local\Temp\playwright-java-6207073177838020012\package\lib\server\frames.js:276:12)
    at FFNetworkManager._onRequestFailed (C:\Users\HP\AppData\Local\Temp\playwright-java-6207073177838020012\package\lib\server\firefox\ffNetworkManager.js:136:30)
    at FFSession.emit (node:events:514:28)
    at C:\Users\HP\AppData\Local\Temp\playwright-java-6207073177838020012\package\lib\server\firefox\ffConnection.js:154:41
}
Call log:
- navigating to &quot;https://demowebshop.tricentis.com/&quot;, waiting until &quot;load&quot;

	at com.microsoft.playwright.impl.WaitableResult.get(WaitableResult.java:54)
	at com.microsoft.playwright.impl.ChannelOwner.runUntil(ChannelOwner.java:120)
	at com.microsoft.playwright.impl.Connection.sendMessage(Connection.java:129)
	at com.microsoft.playwright.impl.ChannelOwner.sendMessage(ChannelOwner.java:106)
	at com.microsoft.playwright.impl.FrameImpl.navigateImpl(FrameImpl.java:463)
	at com.microsoft.playwright.impl.PageImpl.lambda$navigate$45(PageImpl.java:836)
	at com.microsoft.playwright.impl.LoggingSupport.withLogging(LoggingSupport.java:47)
	at com.microsoft.playwright.impl.ChannelOwner.withLogging(ChannelOwner.java:89)
	at com.microsoft.playwright.impl.PageImpl.navigate(PageImpl.java:836)
	at com.microsoft.playwright.impl.PageImpl.navigate(PageImpl.java:42)
	at com.microsoft.playwright.Page.navigate(Page.java:5305)
	at com.qa.Webshop.Factory.Factory.initialiseBrows(Factory.java:48)
	at com.qa.Webshop.baseTest.baseTest.setUp(baseTest.java:69)
	at java.base/jdk.internal.reflect.NativeMethodAccessorImpl.invoke0(Native Method)
	at java.base/jdk.internal.reflect.NativeMethodAccessorImpl.invoke(NativeMethodAccessorImpl.java:77)
	at java.base/jdk.internal.reflect.DelegatingMethodAccessorImpl.invoke(DelegatingMethodAccessorImpl.java:43)
	at java.base/java.lang.reflect.Method.invoke(Method.java:568)
	at org.testng.internal.MethodInvocationHelper.invokeMethod(MethodInvocationHelper.java:133)
	at org.testng.internal.MethodInvocationHelper.invokeMethodConsideringTimeout(MethodInvocationHelper.java:62)
	at org.testng.internal.ConfigInvoker.invokeConfigurationMethod(ConfigInvoker.java:385)
	at org.testng.internal.ConfigInvoker.invokeConfigurations(ConfigInvoker.java:321)
	at org.testng.TestRunner.invokeTestConfigurations(TestRunner.java:637)
	at org.testng.TestRunner.beforeRun(TestRunner.java:627)
	at org.testng.TestRunner.run(TestRunner.java:589)
	at org.testng.SuiteRunner.runTest(SuiteRunner.java:377)
	at org.testng.SuiteRunner.runSequentially(SuiteRunner.java:371)
	at org.testng.SuiteRunner.privateRun(SuiteRunner.java:332)
	at org.testng.SuiteRunner.run(SuiteRunner.java:276)
	at org.testng.SuiteRunnerWorker.runSuite(SuiteRunnerWorker.java:53)
	at org.testng.SuiteRunnerWorker.run(SuiteRunnerWorker.java:96)
	at org.testng.TestNG.runSuitesSequentially(TestNG.java:1212)
	at org.testng.TestNG.runSuitesLocally(TestNG.java:1134)
	at org.testng.TestNG.runSuites(TestNG.java:1063)
	at org.testng.TestNG.run(TestNG.java:1031)
	at org.testng.remote.AbstractRemoteTestNG.run(AbstractRemoteTestNG.java:115)
	at org.testng.remote.RemoteTestNG.initAndRun(RemoteTestNG.java:251)
	at org.testng.remote.RemoteTestNG.main(RemoteTestNG.java:77)
Caused by: com.microsoft.playwright.impl.DriverException: Error {
  message=&apos;NS_ERROR_UNKNOWN_HOST
  name=&apos;Error
  stack=&apos;Error: NS_ERROR_UNKNOWN_HOST
    at FrameManager.frameAbortedNavigation (C:\Users\HP\AppData\Local\Temp\playwright-java-6207073177838020012\package\lib\server\frames.js:216:14)
    at FrameManager.requestFailed (C:\Users\HP\AppData\Local\Temp\playwright-java-6207073177838020012\package\lib\server\frames.js:276:12)
    at FFNetworkManager._onRequestFailed (C:\Users\HP\AppData\Local\Temp\playwright-java-6207073177838020012\package\lib\server\firefox\ffNetworkManager.js:136:30)
    at FFSession.emit (node:events:514:28)
    at C:\Users\HP\AppData\Local\Temp\playwright-java-6207073177838020012\package\lib\server\firefox\ffConnection.js:154:41
}
Call log:
- navigating to &quot;https://demowebshop.tricentis.com/&quot;, waiting until &quot;load&quot;

	at com.microsoft.playwright.impl.Connection.dispatch(Connection.java:257)
	at com.microsoft.playwright.impl.Connection.processOneMessage(Connection.java:209)
	at com.microsoft.playwright.impl.ChannelOwner.runUntil(ChannelOwner.java:118)
	... 35 more
</pre></div><a href='#' onClick='toggleBox("stack-trace309060377", this, "Click to show all stack frames", "Click to hide stack frames")'>Click to show all stack frames</a>
<div class='stack-trace' id='stack-trace309060377'><pre>com.microsoft.playwright.PlaywrightException: Error {
  message=&apos;NS_ERROR_UNKNOWN_HOST
  name=&apos;Error
  stack=&apos;Error: NS_ERROR_UNKNOWN_HOST
    at FrameManager.frameAbortedNavigation (C:\Users\HP\AppData\Local\Temp\playwright-java-6207073177838020012\package\lib\server\frames.js:216:14)
    at FrameManager.requestFailed (C:\Users\HP\AppData\Local\Temp\playwright-java-6207073177838020012\package\lib\server\frames.js:276:12)
    at FFNetworkManager._onRequestFailed (C:\Users\HP\AppData\Local\Temp\playwright-java-6207073177838020012\package\lib\server\firefox\ffNetworkManager.js:136:30)
    at FFSession.emit (node:events:514:28)
    at C:\Users\HP\AppData\Local\Temp\playwright-java-6207073177838020012\package\lib\server\firefox\ffConnection.js:154:41
}
Call log:
- navigating to &quot;https://demowebshop.tricentis.com/&quot;, waiting until &quot;load&quot;

	at com.microsoft.playwright.impl.WaitableResult.get(WaitableResult.java:54)
	at com.microsoft.playwright.impl.ChannelOwner.runUntil(ChannelOwner.java:120)
	at com.microsoft.playwright.impl.Connection.sendMessage(Connection.java:129)
	at com.microsoft.playwright.impl.ChannelOwner.sendMessage(ChannelOwner.java:106)
	at com.microsoft.playwright.impl.FrameImpl.navigateImpl(FrameImpl.java:463)
	at com.microsoft.playwright.impl.PageImpl.lambda$navigate$45(PageImpl.java:836)
	at com.microsoft.playwright.impl.LoggingSupport.withLogging(LoggingSupport.java:47)
	at com.microsoft.playwright.impl.ChannelOwner.withLogging(ChannelOwner.java:89)
	at com.microsoft.playwright.impl.PageImpl.navigate(PageImpl.java:836)
	at com.microsoft.playwright.impl.PageImpl.navigate(PageImpl.java:42)
	at com.microsoft.playwright.Page.navigate(Page.java:5305)
	at com.qa.Webshop.Factory.Factory.initialiseBrows(Factory.java:48)
	at com.qa.Webshop.baseTest.baseTest.setUp(baseTest.java:69)
	at java.base/jdk.internal.reflect.NativeMethodAccessorImpl.invoke0(Native Method)
	at java.base/jdk.internal.reflect.NativeMethodAccessorImpl.invoke(NativeMethodAccessorImpl.java:77)
	at java.base/jdk.internal.reflect.DelegatingMethodAccessorImpl.invoke(DelegatingMethodAccessorImpl.java:43)
	at java.base/java.lang.reflect.Method.invoke(Method.java:568)
	at org.testng.internal.MethodInvocationHelper.invokeMethod(MethodInvocationHelper.java:133)
	at org.testng.internal.MethodInvocationHelper.invokeMethodConsideringTimeout(MethodInvocationHelper.java:62)
	at org.testng.internal.ConfigInvoker.invokeConfigurationMethod(ConfigInvoker.java:385)
	at org.testng.internal.ConfigInvoker.invokeConfigurations(ConfigInvoker.java:321)
	at org.testng.TestRunner.invokeTestConfigurations(TestRunner.java:637)
	at org.testng.TestRunner.beforeRun(TestRunner.java:627)
	at org.testng.TestRunner.run(TestRunner.java:589)
	at org.testng.SuiteRunner.runTest(SuiteRunner.java:377)
	at org.testng.SuiteRunner.runSequentially(SuiteRunner.java:371)
	at org.testng.SuiteRunner.privateRun(SuiteRunner.java:332)
	at org.testng.SuiteRunner.run(SuiteRunner.java:276)
	at org.testng.SuiteRunnerWorker.runSuite(SuiteRunnerWorker.java:53)
	at org.testng.SuiteRunnerWorker.run(SuiteRunnerWorker.java:96)
	at org.testng.TestNG.runSuitesSequentially(TestNG.java:1212)
	at org.testng.TestNG.runSuitesLocally(TestNG.java:1134)
	at org.testng.TestNG.runSuites(TestNG.java:1063)
	at org.testng.TestNG.run(TestNG.java:1031)
	at org.testng.remote.AbstractRemoteTestNG.run(AbstractRemoteTestNG.java:115)
	at org.testng.remote.RemoteTestNG.initAndRun(RemoteTestNG.java:251)
	at org.testng.remote.RemoteTestNG.main(RemoteTestNG.java:77)
Caused by: com.microsoft.playwright.impl.DriverException: Error {
  message=&apos;NS_ERROR_UNKNOWN_HOST
  name=&apos;Error
  stack=&apos;Error: NS_ERROR_UNKNOWN_HOST
    at FrameManager.frameAbortedNavigation (C:\Users\HP\AppData\Local\Temp\playwright-java-6207073177838020012\package\lib\server\frames.js:216:14)
    at FrameManager.requestFailed (C:\Users\HP\AppData\Local\Temp\playwright-java-6207073177838020012\package\lib\server\frames.js:276:12)
    at FFNetworkManager._onRequestFailed (C:\Users\HP\AppData\Local\Temp\playwright-java-6207073177838020012\package\lib\server\firefox\ffNetworkManager.js:136:30)
    at FFSession.emit (node:events:514:28)
    at C:\Users\HP\AppData\Local\Temp\playwright-java-6207073177838020012\package\lib\server\firefox\ffConnection.js:154:41
}
Call log:
- navigating to &quot;https://demowebshop.tricentis.com/&quot;, waiting until &quot;load&quot;

	at com.microsoft.playwright.impl.Connection.dispatch(Connection.java:257)
	at com.microsoft.playwright.impl.Connection.processOneMessage(Connection.java:209)
	at com.microsoft.playwright.impl.ChannelOwner.runUntil(ChannelOwner.java:118)
	... 35 more
</pre></div></td>
<td>0</td>
<td>com.qa.Webshop.Test.TestAutomation@6babf3bf</td></tr>
<tr>
<td title='com.qa.Webshop.Test.TestAutomation.buyingJwelery()'><b>buyingJwelery</b><br>Test class: com.qa.Webshop.Test.TestAutomation</td>
<td><div><pre>com.microsoft.playwright.PlaywrightException: Error {
  message=&apos;NS_ERROR_UNKNOWN_HOST
  name=&apos;Error
  stack=&apos;Error: NS_ERROR_UNKNOWN_HOST
    at FrameManager.frameAbortedNavigation (C:\Users\HP\AppData\Local\Temp\playwright-java-6207073177838020012\package\lib\server\frames.js:216:14)
    at FrameManager.requestFailed (C:\Users\HP\AppData\Local\Temp\playwright-java-6207073177838020012\package\lib\server\frames.js:276:12)
    at FFNetworkManager._onRequestFailed (C:\Users\HP\AppData\Local\Temp\playwright-java-6207073177838020012\package\lib\server\firefox\ffNetworkManager.js:136:30)
    at FFSession.emit (node:events:514:28)
    at C:\Users\HP\AppData\Local\Temp\playwright-java-6207073177838020012\package\lib\server\firefox\ffConnection.js:154:41
}
Call log:
- navigating to &quot;https://demowebshop.tricentis.com/&quot;, waiting until &quot;load&quot;

	at com.microsoft.playwright.impl.WaitableResult.get(WaitableResult.java:54)
	at com.microsoft.playwright.impl.ChannelOwner.runUntil(ChannelOwner.java:120)
	at com.microsoft.playwright.impl.Connection.sendMessage(Connection.java:129)
	at com.microsoft.playwright.impl.ChannelOwner.sendMessage(ChannelOwner.java:106)
	at com.microsoft.playwright.impl.FrameImpl.navigateImpl(FrameImpl.java:463)
	at com.microsoft.playwright.impl.PageImpl.lambda$navigate$45(PageImpl.java:836)
	at com.microsoft.playwright.impl.LoggingSupport.withLogging(LoggingSupport.java:47)
	at com.microsoft.playwright.impl.ChannelOwner.withLogging(ChannelOwner.java:89)
	at com.microsoft.playwright.impl.PageImpl.navigate(PageImpl.java:836)
	at com.microsoft.playwright.impl.PageImpl.navigate(PageImpl.java:42)
	at com.microsoft.playwright.Page.navigate(Page.java:5305)
	at com.qa.Webshop.Factory.Factory.initialiseBrows(Factory.java:48)
	at com.qa.Webshop.baseTest.baseTest.setUp(baseTest.java:69)
	at java.base/jdk.internal.reflect.NativeMethodAccessorImpl.invoke0(Native Method)
	at java.base/jdk.internal.reflect.NativeMethodAccessorImpl.invoke(NativeMethodAccessorImpl.java:77)
	at java.base/jdk.internal.reflect.DelegatingMethodAccessorImpl.invoke(DelegatingMethodAccessorImpl.java:43)
	at java.base/java.lang.reflect.Method.invoke(Method.java:568)
	at org.testng.internal.MethodInvocationHelper.invokeMethod(MethodInvocationHelper.java:133)
	at org.testng.internal.MethodInvocationHelper.invokeMethodConsideringTimeout(MethodInvocationHelper.java:62)
	at org.testng.internal.ConfigInvoker.invokeConfigurationMethod(ConfigInvoker.java:385)
	at org.testng.internal.ConfigInvoker.invokeConfigurations(ConfigInvoker.java:321)
	at org.testng.TestRunner.invokeTestConfigurations(TestRunner.java:637)
	at org.testng.TestRunner.beforeRun(TestRunner.java:627)
	at org.testng.TestRunner.run(TestRunner.java:589)
	at org.testng.SuiteRunner.runTest(SuiteRunner.java:377)
	at org.testng.SuiteRunner.runSequentially(SuiteRunner.java:371)
	at org.testng.SuiteRunner.privateRun(SuiteRunner.java:332)
	at org.testng.SuiteRunner.run(SuiteRunner.java:276)
	at org.testng.SuiteRunnerWorker.runSuite(SuiteRunnerWorker.java:53)
	at org.testng.SuiteRunnerWorker.run(SuiteRunnerWorker.java:96)
	at org.testng.TestNG.runSuitesSequentially(TestNG.java:1212)
	at org.testng.TestNG.runSuitesLocally(TestNG.java:1134)
	at org.testng.TestNG.runSuites(TestNG.java:1063)
	at org.testng.TestNG.run(TestNG.java:1031)
	at org.testng.remote.AbstractRemoteTestNG.run(AbstractRemoteTestNG.java:115)
	at org.testng.remote.RemoteTestNG.initAndRun(RemoteTestNG.java:251)
	at org.testng.remote.RemoteTestNG.main(RemoteTestNG.java:77)
Caused by: com.microsoft.playwright.impl.DriverException: Error {
  message=&apos;NS_ERROR_UNKNOWN_HOST
  name=&apos;Error
  stack=&apos;Error: NS_ERROR_UNKNOWN_HOST
    at FrameManager.frameAbortedNavigation (C:\Users\HP\AppData\Local\Temp\playwright-java-6207073177838020012\package\lib\server\frames.js:216:14)
    at FrameManager.requestFailed (C:\Users\HP\AppData\Local\Temp\playwright-java-6207073177838020012\package\lib\server\frames.js:276:12)
    at FFNetworkManager._onRequestFailed (C:\Users\HP\AppData\Local\Temp\playwright-java-6207073177838020012\package\lib\server\firefox\ffNetworkManager.js:136:30)
    at FFSession.emit (node:events:514:28)
    at C:\Users\HP\AppData\Local\Temp\playwright-java-6207073177838020012\package\lib\server\firefox\ffConnection.js:154:41
}
Call log:
- navigating to &quot;https://demowebshop.tricentis.com/&quot;, waiting until &quot;load&quot;

	at com.microsoft.playwright.impl.Connection.dispatch(Connection.java:257)
	at com.microsoft.playwright.impl.Connection.processOneMessage(Connection.java:209)
	at com.microsoft.playwright.impl.ChannelOwner.runUntil(ChannelOwner.java:118)
	... 35 more
</pre></div><a href='#' onClick='toggleBox("stack-trace506775047", this, "Click to show all stack frames", "Click to hide stack frames")'>Click to show all stack frames</a>
<div class='stack-trace' id='stack-trace506775047'><pre>com.microsoft.playwright.PlaywrightException: Error {
  message=&apos;NS_ERROR_UNKNOWN_HOST
  name=&apos;Error
  stack=&apos;Error: NS_ERROR_UNKNOWN_HOST
    at FrameManager.frameAbortedNavigation (C:\Users\HP\AppData\Local\Temp\playwright-java-6207073177838020012\package\lib\server\frames.js:216:14)
    at FrameManager.requestFailed (C:\Users\HP\AppData\Local\Temp\playwright-java-6207073177838020012\package\lib\server\frames.js:276:12)
    at FFNetworkManager._onRequestFailed (C:\Users\HP\AppData\Local\Temp\playwright-java-6207073177838020012\package\lib\server\firefox\ffNetworkManager.js:136:30)
    at FFSession.emit (node:events:514:28)
    at C:\Users\HP\AppData\Local\Temp\playwright-java-6207073177838020012\package\lib\server\firefox\ffConnection.js:154:41
}
Call log:
- navigating to &quot;https://demowebshop.tricentis.com/&quot;, waiting until &quot;load&quot;

	at com.microsoft.playwright.impl.WaitableResult.get(WaitableResult.java:54)
	at com.microsoft.playwright.impl.ChannelOwner.runUntil(ChannelOwner.java:120)
	at com.microsoft.playwright.impl.Connection.sendMessage(Connection.java:129)
	at com.microsoft.playwright.impl.ChannelOwner.sendMessage(ChannelOwner.java:106)
	at com.microsoft.playwright.impl.FrameImpl.navigateImpl(FrameImpl.java:463)
	at com.microsoft.playwright.impl.PageImpl.lambda$navigate$45(PageImpl.java:836)
	at com.microsoft.playwright.impl.LoggingSupport.withLogging(LoggingSupport.java:47)
	at com.microsoft.playwright.impl.ChannelOwner.withLogging(ChannelOwner.java:89)
	at com.microsoft.playwright.impl.PageImpl.navigate(PageImpl.java:836)
	at com.microsoft.playwright.impl.PageImpl.navigate(PageImpl.java:42)
	at com.microsoft.playwright.Page.navigate(Page.java:5305)
	at com.qa.Webshop.Factory.Factory.initialiseBrows(Factory.java:48)
	at com.qa.Webshop.baseTest.baseTest.setUp(baseTest.java:69)
	at java.base/jdk.internal.reflect.NativeMethodAccessorImpl.invoke0(Native Method)
	at java.base/jdk.internal.reflect.NativeMethodAccessorImpl.invoke(NativeMethodAccessorImpl.java:77)
	at java.base/jdk.internal.reflect.DelegatingMethodAccessorImpl.invoke(DelegatingMethodAccessorImpl.java:43)
	at java.base/java.lang.reflect.Method.invoke(Method.java:568)
	at org.testng.internal.MethodInvocationHelper.invokeMethod(MethodInvocationHelper.java:133)
	at org.testng.internal.MethodInvocationHelper.invokeMethodConsideringTimeout(MethodInvocationHelper.java:62)
	at org.testng.internal.ConfigInvoker.invokeConfigurationMethod(ConfigInvoker.java:385)
	at org.testng.internal.ConfigInvoker.invokeConfigurations(ConfigInvoker.java:321)
	at org.testng.TestRunner.invokeTestConfigurations(TestRunner.java:637)
	at org.testng.TestRunner.beforeRun(TestRunner.java:627)
	at org.testng.TestRunner.run(TestRunner.java:589)
	at org.testng.SuiteRunner.runTest(SuiteRunner.java:377)
	at org.testng.SuiteRunner.runSequentially(SuiteRunner.java:371)
	at org.testng.SuiteRunner.privateRun(SuiteRunner.java:332)
	at org.testng.SuiteRunner.run(SuiteRunner.java:276)
	at org.testng.SuiteRunnerWorker.runSuite(SuiteRunnerWorker.java:53)
	at org.testng.SuiteRunnerWorker.run(SuiteRunnerWorker.java:96)
	at org.testng.TestNG.runSuitesSequentially(TestNG.java:1212)
	at org.testng.TestNG.runSuitesLocally(TestNG.java:1134)
	at org.testng.TestNG.runSuites(TestNG.java:1063)
	at org.testng.TestNG.run(TestNG.java:1031)
	at org.testng.remote.AbstractRemoteTestNG.run(AbstractRemoteTestNG.java:115)
	at org.testng.remote.RemoteTestNG.initAndRun(RemoteTestNG.java:251)
	at org.testng.remote.RemoteTestNG.main(RemoteTestNG.java:77)
Caused by: com.microsoft.playwright.impl.DriverException: Error {
  message=&apos;NS_ERROR_UNKNOWN_HOST
  name=&apos;Error
  stack=&apos;Error: NS_ERROR_UNKNOWN_HOST
    at FrameManager.frameAbortedNavigation (C:\Users\HP\AppData\Local\Temp\playwright-java-6207073177838020012\package\lib\server\frames.js:216:14)
    at FrameManager.requestFailed (C:\Users\HP\AppData\Local\Temp\playwright-java-6207073177838020012\package\lib\server\frames.js:276:12)
    at FFNetworkManager._onRequestFailed (C:\Users\HP\AppData\Local\Temp\playwright-java-6207073177838020012\package\lib\server\firefox\ffNetworkManager.js:136:30)
    at FFSession.emit (node:events:514:28)
    at C:\Users\HP\AppData\Local\Temp\playwright-java-6207073177838020012\package\lib\server\firefox\ffConnection.js:154:41
}
Call log:
- navigating to &quot;https://demowebshop.tricentis.com/&quot;, waiting until &quot;load&quot;

	at com.microsoft.playwright.impl.Connection.dispatch(Connection.java:257)
	at com.microsoft.playwright.impl.Connection.processOneMessage(Connection.java:209)
	at com.microsoft.playwright.impl.ChannelOwner.runUntil(ChannelOwner.java:118)
	... 35 more
</pre></div></td>
<td>0</td>
<td>com.qa.Webshop.Test.TestAutomation@6babf3bf</td></tr>
<tr>
<td title='com.qa.Webshop.Test.TestAutomation.regstrationPage()'><b>regstrationPage</b><br>Test class: com.qa.Webshop.Test.TestAutomation</td>
<td><div><pre>com.microsoft.playwright.PlaywrightException: Error {
  message=&apos;NS_ERROR_UNKNOWN_HOST
  name=&apos;Error
  stack=&apos;Error: NS_ERROR_UNKNOWN_HOST
    at FrameManager.frameAbortedNavigation (C:\Users\HP\AppData\Local\Temp\playwright-java-6207073177838020012\package\lib\server\frames.js:216:14)
    at FrameManager.requestFailed (C:\Users\HP\AppData\Local\Temp\playwright-java-6207073177838020012\package\lib\server\frames.js:276:12)
    at FFNetworkManager._onRequestFailed (C:\Users\HP\AppData\Local\Temp\playwright-java-6207073177838020012\package\lib\server\firefox\ffNetworkManager.js:136:30)
    at FFSession.emit (node:events:514:28)
    at C:\Users\HP\AppData\Local\Temp\playwright-java-6207073177838020012\package\lib\server\firefox\ffConnection.js:154:41
}
Call log:
- navigating to &quot;https://demowebshop.tricentis.com/&quot;, waiting until &quot;load&quot;

	at com.microsoft.playwright.impl.WaitableResult.get(WaitableResult.java:54)
	at com.microsoft.playwright.impl.ChannelOwner.runUntil(ChannelOwner.java:120)
	at com.microsoft.playwright.impl.Connection.sendMessage(Connection.java:129)
	at com.microsoft.playwright.impl.ChannelOwner.sendMessage(ChannelOwner.java:106)
	at com.microsoft.playwright.impl.FrameImpl.navigateImpl(FrameImpl.java:463)
	at com.microsoft.playwright.impl.PageImpl.lambda$navigate$45(PageImpl.java:836)
	at com.microsoft.playwright.impl.LoggingSupport.withLogging(LoggingSupport.java:47)
	at com.microsoft.playwright.impl.ChannelOwner.withLogging(ChannelOwner.java:89)
	at com.microsoft.playwright.impl.PageImpl.navigate(PageImpl.java:836)
	at com.microsoft.playwright.impl.PageImpl.navigate(PageImpl.java:42)
	at com.microsoft.playwright.Page.navigate(Page.java:5305)
	at com.qa.Webshop.Factory.Factory.initialiseBrows(Factory.java:48)
	at com.qa.Webshop.baseTest.baseTest.setUp(baseTest.java:69)
	at java.base/jdk.internal.reflect.NativeMethodAccessorImpl.invoke0(Native Method)
	at java.base/jdk.internal.reflect.NativeMethodAccessorImpl.invoke(NativeMethodAccessorImpl.java:77)
	at java.base/jdk.internal.reflect.DelegatingMethodAccessorImpl.invoke(DelegatingMethodAccessorImpl.java:43)
	at java.base/java.lang.reflect.Method.invoke(Method.java:568)
	at org.testng.internal.MethodInvocationHelper.invokeMethod(MethodInvocationHelper.java:133)
	at org.testng.internal.MethodInvocationHelper.invokeMethodConsideringTimeout(MethodInvocationHelper.java:62)
	at org.testng.internal.ConfigInvoker.invokeConfigurationMethod(ConfigInvoker.java:385)
	at org.testng.internal.ConfigInvoker.invokeConfigurations(ConfigInvoker.java:321)
	at org.testng.TestRunner.invokeTestConfigurations(TestRunner.java:637)
	at org.testng.TestRunner.beforeRun(TestRunner.java:627)
	at org.testng.TestRunner.run(TestRunner.java:589)
	at org.testng.SuiteRunner.runTest(SuiteRunner.java:377)
	at org.testng.SuiteRunner.runSequentially(SuiteRunner.java:371)
	at org.testng.SuiteRunner.privateRun(SuiteRunner.java:332)
	at org.testng.SuiteRunner.run(SuiteRunner.java:276)
	at org.testng.SuiteRunnerWorker.runSuite(SuiteRunnerWorker.java:53)
	at org.testng.SuiteRunnerWorker.run(SuiteRunnerWorker.java:96)
	at org.testng.TestNG.runSuitesSequentially(TestNG.java:1212)
	at org.testng.TestNG.runSuitesLocally(TestNG.java:1134)
	at org.testng.TestNG.runSuites(TestNG.java:1063)
	at org.testng.TestNG.run(TestNG.java:1031)
	at org.testng.remote.AbstractRemoteTestNG.run(AbstractRemoteTestNG.java:115)
	at org.testng.remote.RemoteTestNG.initAndRun(RemoteTestNG.java:251)
	at org.testng.remote.RemoteTestNG.main(RemoteTestNG.java:77)
Caused by: com.microsoft.playwright.impl.DriverException: Error {
  message=&apos;NS_ERROR_UNKNOWN_HOST
  name=&apos;Error
  stack=&apos;Error: NS_ERROR_UNKNOWN_HOST
    at FrameManager.frameAbortedNavigation (C:\Users\HP\AppData\Local\Temp\playwright-java-6207073177838020012\package\lib\server\frames.js:216:14)
    at FrameManager.requestFailed (C:\Users\HP\AppData\Local\Temp\playwright-java-6207073177838020012\package\lib\server\frames.js:276:12)
    at FFNetworkManager._onRequestFailed (C:\Users\HP\AppData\Local\Temp\playwright-java-6207073177838020012\package\lib\server\firefox\ffNetworkManager.js:136:30)
    at FFSession.emit (node:events:514:28)
    at C:\Users\HP\AppData\Local\Temp\playwright-java-6207073177838020012\package\lib\server\firefox\ffConnection.js:154:41
}
Call log:
- navigating to &quot;https://demowebshop.tricentis.com/&quot;, waiting until &quot;load&quot;

	at com.microsoft.playwright.impl.Connection.dispatch(Connection.java:257)
	at com.microsoft.playwright.impl.Connection.processOneMessage(Connection.java:209)
	at com.microsoft.playwright.impl.ChannelOwner.runUntil(ChannelOwner.java:118)
	... 35 more
</pre></div><a href='#' onClick='toggleBox("stack-trace130850024", this, "Click to show all stack frames", "Click to hide stack frames")'>Click to show all stack frames</a>
<div class='stack-trace' id='stack-trace130850024'><pre>com.microsoft.playwright.PlaywrightException: Error {
  message=&apos;NS_ERROR_UNKNOWN_HOST
  name=&apos;Error
  stack=&apos;Error: NS_ERROR_UNKNOWN_HOST
    at FrameManager.frameAbortedNavigation (C:\Users\HP\AppData\Local\Temp\playwright-java-6207073177838020012\package\lib\server\frames.js:216:14)
    at FrameManager.requestFailed (C:\Users\HP\AppData\Local\Temp\playwright-java-6207073177838020012\package\lib\server\frames.js:276:12)
    at FFNetworkManager._onRequestFailed (C:\Users\HP\AppData\Local\Temp\playwright-java-6207073177838020012\package\lib\server\firefox\ffNetworkManager.js:136:30)
    at FFSession.emit (node:events:514:28)
    at C:\Users\HP\AppData\Local\Temp\playwright-java-6207073177838020012\package\lib\server\firefox\ffConnection.js:154:41
}
Call log:
- navigating to &quot;https://demowebshop.tricentis.com/&quot;, waiting until &quot;load&quot;

	at com.microsoft.playwright.impl.WaitableResult.get(WaitableResult.java:54)
	at com.microsoft.playwright.impl.ChannelOwner.runUntil(ChannelOwner.java:120)
	at com.microsoft.playwright.impl.Connection.sendMessage(Connection.java:129)
	at com.microsoft.playwright.impl.ChannelOwner.sendMessage(ChannelOwner.java:106)
	at com.microsoft.playwright.impl.FrameImpl.navigateImpl(FrameImpl.java:463)
	at com.microsoft.playwright.impl.PageImpl.lambda$navigate$45(PageImpl.java:836)
	at com.microsoft.playwright.impl.LoggingSupport.withLogging(LoggingSupport.java:47)
	at com.microsoft.playwright.impl.ChannelOwner.withLogging(ChannelOwner.java:89)
	at com.microsoft.playwright.impl.PageImpl.navigate(PageImpl.java:836)
	at com.microsoft.playwright.impl.PageImpl.navigate(PageImpl.java:42)
	at com.microsoft.playwright.Page.navigate(Page.java:5305)
	at com.qa.Webshop.Factory.Factory.initialiseBrows(Factory.java:48)
	at com.qa.Webshop.baseTest.baseTest.setUp(baseTest.java:69)
	at java.base/jdk.internal.reflect.NativeMethodAccessorImpl.invoke0(Native Method)
	at java.base/jdk.internal.reflect.NativeMethodAccessorImpl.invoke(NativeMethodAccessorImpl.java:77)
	at java.base/jdk.internal.reflect.DelegatingMethodAccessorImpl.invoke(DelegatingMethodAccessorImpl.java:43)
	at java.base/java.lang.reflect.Method.invoke(Method.java:568)
	at org.testng.internal.MethodInvocationHelper.invokeMethod(MethodInvocationHelper.java:133)
	at org.testng.internal.MethodInvocationHelper.invokeMethodConsideringTimeout(MethodInvocationHelper.java:62)
	at org.testng.internal.ConfigInvoker.invokeConfigurationMethod(ConfigInvoker.java:385)
	at org.testng.internal.ConfigInvoker.invokeConfigurations(ConfigInvoker.java:321)
	at org.testng.TestRunner.invokeTestConfigurations(TestRunner.java:637)
	at org.testng.TestRunner.beforeRun(TestRunner.java:627)
	at org.testng.TestRunner.run(TestRunner.java:589)
	at org.testng.SuiteRunner.runTest(SuiteRunner.java:377)
	at org.testng.SuiteRunner.runSequentially(SuiteRunner.java:371)
	at org.testng.SuiteRunner.privateRun(SuiteRunner.java:332)
	at org.testng.SuiteRunner.run(SuiteRunner.java:276)
	at org.testng.SuiteRunnerWorker.runSuite(SuiteRunnerWorker.java:53)
	at org.testng.SuiteRunnerWorker.run(SuiteRunnerWorker.java:96)
	at org.testng.TestNG.runSuitesSequentially(TestNG.java:1212)
	at org.testng.TestNG.runSuitesLocally(TestNG.java:1134)
	at org.testng.TestNG.runSuites(TestNG.java:1063)
	at org.testng.TestNG.run(TestNG.java:1031)
	at org.testng.remote.AbstractRemoteTestNG.run(AbstractRemoteTestNG.java:115)
	at org.testng.remote.RemoteTestNG.initAndRun(RemoteTestNG.java:251)
	at org.testng.remote.RemoteTestNG.main(RemoteTestNG.java:77)
Caused by: com.microsoft.playwright.impl.DriverException: Error {
  message=&apos;NS_ERROR_UNKNOWN_HOST
  name=&apos;Error
  stack=&apos;Error: NS_ERROR_UNKNOWN_HOST
    at FrameManager.frameAbortedNavigation (C:\Users\HP\AppData\Local\Temp\playwright-java-6207073177838020012\package\lib\server\frames.js:216:14)
    at FrameManager.requestFailed (C:\Users\HP\AppData\Local\Temp\playwright-java-6207073177838020012\package\lib\server\frames.js:276:12)
    at FFNetworkManager._onRequestFailed (C:\Users\HP\AppData\Local\Temp\playwright-java-6207073177838020012\package\lib\server\firefox\ffNetworkManager.js:136:30)
    at FFSession.emit (node:events:514:28)
    at C:\Users\HP\AppData\Local\Temp\playwright-java-6207073177838020012\package\lib\server\firefox\ffConnection.js:154:41
}
Call log:
- navigating to &quot;https://demowebshop.tricentis.com/&quot;, waiting until &quot;load&quot;

	at com.microsoft.playwright.impl.Connection.dispatch(Connection.java:257)
	at com.microsoft.playwright.impl.Connection.processOneMessage(Connection.java:209)
	at com.microsoft.playwright.impl.ChannelOwner.runUntil(ChannelOwner.java:118)
	... 35 more
</pre></div></td>
<td>0</td>
<td>com.qa.Webshop.Test.TestAutomation@6babf3bf</td></tr>
<tr>
<td title='com.qa.Webshop.Test.TestAutomation.buyingElectronic()'><b>buyingElectronic</b><br>Test class: com.qa.Webshop.Test.TestAutomation</td>
<td><div><pre>com.microsoft.playwright.PlaywrightException: Error {
  message=&apos;NS_ERROR_UNKNOWN_HOST
  name=&apos;Error
  stack=&apos;Error: NS_ERROR_UNKNOWN_HOST
    at FrameManager.frameAbortedNavigation (C:\Users\HP\AppData\Local\Temp\playwright-java-6207073177838020012\package\lib\server\frames.js:216:14)
    at FrameManager.requestFailed (C:\Users\HP\AppData\Local\Temp\playwright-java-6207073177838020012\package\lib\server\frames.js:276:12)
    at FFNetworkManager._onRequestFailed (C:\Users\HP\AppData\Local\Temp\playwright-java-6207073177838020012\package\lib\server\firefox\ffNetworkManager.js:136:30)
    at FFSession.emit (node:events:514:28)
    at C:\Users\HP\AppData\Local\Temp\playwright-java-6207073177838020012\package\lib\server\firefox\ffConnection.js:154:41
}
Call log:
- navigating to &quot;https://demowebshop.tricentis.com/&quot;, waiting until &quot;load&quot;

	at com.microsoft.playwright.impl.WaitableResult.get(WaitableResult.java:54)
	at com.microsoft.playwright.impl.ChannelOwner.runUntil(ChannelOwner.java:120)
	at com.microsoft.playwright.impl.Connection.sendMessage(Connection.java:129)
	at com.microsoft.playwright.impl.ChannelOwner.sendMessage(ChannelOwner.java:106)
	at com.microsoft.playwright.impl.FrameImpl.navigateImpl(FrameImpl.java:463)
	at com.microsoft.playwright.impl.PageImpl.lambda$navigate$45(PageImpl.java:836)
	at com.microsoft.playwright.impl.LoggingSupport.withLogging(LoggingSupport.java:47)
	at com.microsoft.playwright.impl.ChannelOwner.withLogging(ChannelOwner.java:89)
	at com.microsoft.playwright.impl.PageImpl.navigate(PageImpl.java:836)
	at com.microsoft.playwright.impl.PageImpl.navigate(PageImpl.java:42)
	at com.microsoft.playwright.Page.navigate(Page.java:5305)
	at com.qa.Webshop.Factory.Factory.initialiseBrows(Factory.java:48)
	at com.qa.Webshop.baseTest.baseTest.setUp(baseTest.java:69)
	at java.base/jdk.internal.reflect.NativeMethodAccessorImpl.invoke0(Native Method)
	at java.base/jdk.internal.reflect.NativeMethodAccessorImpl.invoke(NativeMethodAccessorImpl.java:77)
	at java.base/jdk.internal.reflect.DelegatingMethodAccessorImpl.invoke(DelegatingMethodAccessorImpl.java:43)
	at java.base/java.lang.reflect.Method.invoke(Method.java:568)
	at org.testng.internal.MethodInvocationHelper.invokeMethod(MethodInvocationHelper.java:133)
	at org.testng.internal.MethodInvocationHelper.invokeMethodConsideringTimeout(MethodInvocationHelper.java:62)
	at org.testng.internal.ConfigInvoker.invokeConfigurationMethod(ConfigInvoker.java:385)
	at org.testng.internal.ConfigInvoker.invokeConfigurations(ConfigInvoker.java:321)
	at org.testng.TestRunner.invokeTestConfigurations(TestRunner.java:637)
	at org.testng.TestRunner.beforeRun(TestRunner.java:627)
	at org.testng.TestRunner.run(TestRunner.java:589)
	at org.testng.SuiteRunner.runTest(SuiteRunner.java:377)
	at org.testng.SuiteRunner.runSequentially(SuiteRunner.java:371)
	at org.testng.SuiteRunner.privateRun(SuiteRunner.java:332)
	at org.testng.SuiteRunner.run(SuiteRunner.java:276)
	at org.testng.SuiteRunnerWorker.runSuite(SuiteRunnerWorker.java:53)
	at org.testng.SuiteRunnerWorker.run(SuiteRunnerWorker.java:96)
	at org.testng.TestNG.runSuitesSequentially(TestNG.java:1212)
	at org.testng.TestNG.runSuitesLocally(TestNG.java:1134)
	at org.testng.TestNG.runSuites(TestNG.java:1063)
	at org.testng.TestNG.run(TestNG.java:1031)
	at org.testng.remote.AbstractRemoteTestNG.run(AbstractRemoteTestNG.java:115)
	at org.testng.remote.RemoteTestNG.initAndRun(RemoteTestNG.java:251)
	at org.testng.remote.RemoteTestNG.main(RemoteTestNG.java:77)
Caused by: com.microsoft.playwright.impl.DriverException: Error {
  message=&apos;NS_ERROR_UNKNOWN_HOST
  name=&apos;Error
  stack=&apos;Error: NS_ERROR_UNKNOWN_HOST
    at FrameManager.frameAbortedNavigation (C:\Users\HP\AppData\Local\Temp\playwright-java-6207073177838020012\package\lib\server\frames.js:216:14)
    at FrameManager.requestFailed (C:\Users\HP\AppData\Local\Temp\playwright-java-6207073177838020012\package\lib\server\frames.js:276:12)
    at FFNetworkManager._onRequestFailed (C:\Users\HP\AppData\Local\Temp\playwright-java-6207073177838020012\package\lib\server\firefox\ffNetworkManager.js:136:30)
    at FFSession.emit (node:events:514:28)
    at C:\Users\HP\AppData\Local\Temp\playwright-java-6207073177838020012\package\lib\server\firefox\ffConnection.js:154:41
}
Call log:
- navigating to &quot;https://demowebshop.tricentis.com/&quot;, waiting until &quot;load&quot;

	at com.microsoft.playwright.impl.Connection.dispatch(Connection.java:257)
	at com.microsoft.playwright.impl.Connection.processOneMessage(Connection.java:209)
	at com.microsoft.playwright.impl.ChannelOwner.runUntil(ChannelOwner.java:118)
	... 35 more
</pre></div><a href='#' onClick='toggleBox("stack-trace1547116051", this, "Click to show all stack frames", "Click to hide stack frames")'>Click to show all stack frames</a>
<div class='stack-trace' id='stack-trace1547116051'><pre>com.microsoft.playwright.PlaywrightException: Error {
  message=&apos;NS_ERROR_UNKNOWN_HOST
  name=&apos;Error
  stack=&apos;Error: NS_ERROR_UNKNOWN_HOST
    at FrameManager.frameAbortedNavigation (C:\Users\HP\AppData\Local\Temp\playwright-java-6207073177838020012\package\lib\server\frames.js:216:14)
    at FrameManager.requestFailed (C:\Users\HP\AppData\Local\Temp\playwright-java-6207073177838020012\package\lib\server\frames.js:276:12)
    at FFNetworkManager._onRequestFailed (C:\Users\HP\AppData\Local\Temp\playwright-java-6207073177838020012\package\lib\server\firefox\ffNetworkManager.js:136:30)
    at FFSession.emit (node:events:514:28)
    at C:\Users\HP\AppData\Local\Temp\playwright-java-6207073177838020012\package\lib\server\firefox\ffConnection.js:154:41
}
Call log:
- navigating to &quot;https://demowebshop.tricentis.com/&quot;, waiting until &quot;load&quot;

	at com.microsoft.playwright.impl.WaitableResult.get(WaitableResult.java:54)
	at com.microsoft.playwright.impl.ChannelOwner.runUntil(ChannelOwner.java:120)
	at com.microsoft.playwright.impl.Connection.sendMessage(Connection.java:129)
	at com.microsoft.playwright.impl.ChannelOwner.sendMessage(ChannelOwner.java:106)
	at com.microsoft.playwright.impl.FrameImpl.navigateImpl(FrameImpl.java:463)
	at com.microsoft.playwright.impl.PageImpl.lambda$navigate$45(PageImpl.java:836)
	at com.microsoft.playwright.impl.LoggingSupport.withLogging(LoggingSupport.java:47)
	at com.microsoft.playwright.impl.ChannelOwner.withLogging(ChannelOwner.java:89)
	at com.microsoft.playwright.impl.PageImpl.navigate(PageImpl.java:836)
	at com.microsoft.playwright.impl.PageImpl.navigate(PageImpl.java:42)
	at com.microsoft.playwright.Page.navigate(Page.java:5305)
	at com.qa.Webshop.Factory.Factory.initialiseBrows(Factory.java:48)
	at com.qa.Webshop.baseTest.baseTest.setUp(baseTest.java:69)
	at java.base/jdk.internal.reflect.NativeMethodAccessorImpl.invoke0(Native Method)
	at java.base/jdk.internal.reflect.NativeMethodAccessorImpl.invoke(NativeMethodAccessorImpl.java:77)
	at java.base/jdk.internal.reflect.DelegatingMethodAccessorImpl.invoke(DelegatingMethodAccessorImpl.java:43)
	at java.base/java.lang.reflect.Method.invoke(Method.java:568)
	at org.testng.internal.MethodInvocationHelper.invokeMethod(MethodInvocationHelper.java:133)
	at org.testng.internal.MethodInvocationHelper.invokeMethodConsideringTimeout(MethodInvocationHelper.java:62)
	at org.testng.internal.ConfigInvoker.invokeConfigurationMethod(ConfigInvoker.java:385)
	at org.testng.internal.ConfigInvoker.invokeConfigurations(ConfigInvoker.java:321)
	at org.testng.TestRunner.invokeTestConfigurations(TestRunner.java:637)
	at org.testng.TestRunner.beforeRun(TestRunner.java:627)
	at org.testng.TestRunner.run(TestRunner.java:589)
	at org.testng.SuiteRunner.runTest(SuiteRunner.java:377)
	at org.testng.SuiteRunner.runSequentially(SuiteRunner.java:371)
	at org.testng.SuiteRunner.privateRun(SuiteRunner.java:332)
	at org.testng.SuiteRunner.run(SuiteRunner.java:276)
	at org.testng.SuiteRunnerWorker.runSuite(SuiteRunnerWorker.java:53)
	at org.testng.SuiteRunnerWorker.run(SuiteRunnerWorker.java:96)
	at org.testng.TestNG.runSuitesSequentially(TestNG.java:1212)
	at org.testng.TestNG.runSuitesLocally(TestNG.java:1134)
	at org.testng.TestNG.runSuites(TestNG.java:1063)
	at org.testng.TestNG.run(TestNG.java:1031)
	at org.testng.remote.AbstractRemoteTestNG.run(AbstractRemoteTestNG.java:115)
	at org.testng.remote.RemoteTestNG.initAndRun(RemoteTestNG.java:251)
	at org.testng.remote.RemoteTestNG.main(RemoteTestNG.java:77)
Caused by: com.microsoft.playwright.impl.DriverException: Error {
  message=&apos;NS_ERROR_UNKNOWN_HOST
  name=&apos;Error
  stack=&apos;Error: NS_ERROR_UNKNOWN_HOST
    at FrameManager.frameAbortedNavigation (C:\Users\HP\AppData\Local\Temp\playwright-java-6207073177838020012\package\lib\server\frames.js:216:14)
    at FrameManager.requestFailed (C:\Users\HP\AppData\Local\Temp\playwright-java-6207073177838020012\package\lib\server\frames.js:276:12)
    at FFNetworkManager._onRequestFailed (C:\Users\HP\AppData\Local\Temp\playwright-java-6207073177838020012\package\lib\server\firefox\ffNetworkManager.js:136:30)
    at FFSession.emit (node:events:514:28)
    at C:\Users\HP\AppData\Local\Temp\playwright-java-6207073177838020012\package\lib\server\firefox\ffConnection.js:154:41
}
Call log:
- navigating to &quot;https://demowebshop.tricentis.com/&quot;, waiting until &quot;load&quot;

	at com.microsoft.playwright.impl.Connection.dispatch(Connection.java:257)
	at com.microsoft.playwright.impl.Connection.processOneMessage(Connection.java:209)
	at com.microsoft.playwright.impl.ChannelOwner.runUntil(ChannelOwner.java:118)
	... 35 more
</pre></div></td>
<td>0</td>
<td>com.qa.Webshop.Test.TestAutomation@6babf3bf</td></tr>
<tr>
<td title='com.qa.Webshop.Test.TestAutomation.buyingBookTest()'><b>buyingBookTest</b><br>Test class: com.qa.Webshop.Test.TestAutomation</td>
<td><div><pre>com.microsoft.playwright.PlaywrightException: Error {
  message=&apos;NS_ERROR_UNKNOWN_HOST
  name=&apos;Error
  stack=&apos;Error: NS_ERROR_UNKNOWN_HOST
    at FrameManager.frameAbortedNavigation (C:\Users\HP\AppData\Local\Temp\playwright-java-6207073177838020012\package\lib\server\frames.js:216:14)
    at FrameManager.requestFailed (C:\Users\HP\AppData\Local\Temp\playwright-java-6207073177838020012\package\lib\server\frames.js:276:12)
    at FFNetworkManager._onRequestFailed (C:\Users\HP\AppData\Local\Temp\playwright-java-6207073177838020012\package\lib\server\firefox\ffNetworkManager.js:136:30)
    at FFSession.emit (node:events:514:28)
    at C:\Users\HP\AppData\Local\Temp\playwright-java-6207073177838020012\package\lib\server\firefox\ffConnection.js:154:41
}
Call log:
- navigating to &quot;https://demowebshop.tricentis.com/&quot;, waiting until &quot;load&quot;

	at com.microsoft.playwright.impl.WaitableResult.get(WaitableResult.java:54)
	at com.microsoft.playwright.impl.ChannelOwner.runUntil(ChannelOwner.java:120)
	at com.microsoft.playwright.impl.Connection.sendMessage(Connection.java:129)
	at com.microsoft.playwright.impl.ChannelOwner.sendMessage(ChannelOwner.java:106)
	at com.microsoft.playwright.impl.FrameImpl.navigateImpl(FrameImpl.java:463)
	at com.microsoft.playwright.impl.PageImpl.lambda$navigate$45(PageImpl.java:836)
	at com.microsoft.playwright.impl.LoggingSupport.withLogging(LoggingSupport.java:47)
	at com.microsoft.playwright.impl.ChannelOwner.withLogging(ChannelOwner.java:89)
	at com.microsoft.playwright.impl.PageImpl.navigate(PageImpl.java:836)
	at com.microsoft.playwright.impl.PageImpl.navigate(PageImpl.java:42)
	at com.microsoft.playwright.Page.navigate(Page.java:5305)
	at com.qa.Webshop.Factory.Factory.initialiseBrows(Factory.java:48)
	at com.qa.Webshop.baseTest.baseTest.setUp(baseTest.java:69)
	at java.base/jdk.internal.reflect.NativeMethodAccessorImpl.invoke0(Native Method)
	at java.base/jdk.internal.reflect.NativeMethodAccessorImpl.invoke(NativeMethodAccessorImpl.java:77)
	at java.base/jdk.internal.reflect.DelegatingMethodAccessorImpl.invoke(DelegatingMethodAccessorImpl.java:43)
	at java.base/java.lang.reflect.Method.invoke(Method.java:568)
	at org.testng.internal.MethodInvocationHelper.invokeMethod(MethodInvocationHelper.java:133)
	at org.testng.internal.MethodInvocationHelper.invokeMethodConsideringTimeout(MethodInvocationHelper.java:62)
	at org.testng.internal.ConfigInvoker.invokeConfigurationMethod(ConfigInvoker.java:385)
	at org.testng.internal.ConfigInvoker.invokeConfigurations(ConfigInvoker.java:321)
	at org.testng.TestRunner.invokeTestConfigurations(TestRunner.java:637)
	at org.testng.TestRunner.beforeRun(TestRunner.java:627)
	at org.testng.TestRunner.run(TestRunner.java:589)
	at org.testng.SuiteRunner.runTest(SuiteRunner.java:377)
	at org.testng.SuiteRunner.runSequentially(SuiteRunner.java:371)
	at org.testng.SuiteRunner.privateRun(SuiteRunner.java:332)
	at org.testng.SuiteRunner.run(SuiteRunner.java:276)
	at org.testng.SuiteRunnerWorker.runSuite(SuiteRunnerWorker.java:53)
	at org.testng.SuiteRunnerWorker.run(SuiteRunnerWorker.java:96)
	at org.testng.TestNG.runSuitesSequentially(TestNG.java:1212)
	at org.testng.TestNG.runSuitesLocally(TestNG.java:1134)
	at org.testng.TestNG.runSuites(TestNG.java:1063)
	at org.testng.TestNG.run(TestNG.java:1031)
	at org.testng.remote.AbstractRemoteTestNG.run(AbstractRemoteTestNG.java:115)
	at org.testng.remote.RemoteTestNG.initAndRun(RemoteTestNG.java:251)
	at org.testng.remote.RemoteTestNG.main(RemoteTestNG.java:77)
Caused by: com.microsoft.playwright.impl.DriverException: Error {
  message=&apos;NS_ERROR_UNKNOWN_HOST
  name=&apos;Error
  stack=&apos;Error: NS_ERROR_UNKNOWN_HOST
    at FrameManager.frameAbortedNavigation (C:\Users\HP\AppData\Local\Temp\playwright-java-6207073177838020012\package\lib\server\frames.js:216:14)
    at FrameManager.requestFailed (C:\Users\HP\AppData\Local\Temp\playwright-java-6207073177838020012\package\lib\server\frames.js:276:12)
    at FFNetworkManager._onRequestFailed (C:\Users\HP\AppData\Local\Temp\playwright-java-6207073177838020012\package\lib\server\firefox\ffNetworkManager.js:136:30)
    at FFSession.emit (node:events:514:28)
    at C:\Users\HP\AppData\Local\Temp\playwright-java-6207073177838020012\package\lib\server\firefox\ffConnection.js:154:41
}
Call log:
- navigating to &quot;https://demowebshop.tricentis.com/&quot;, waiting until &quot;load&quot;

	at com.microsoft.playwright.impl.Connection.dispatch(Connection.java:257)
	at com.microsoft.playwright.impl.Connection.processOneMessage(Connection.java:209)
	at com.microsoft.playwright.impl.ChannelOwner.runUntil(ChannelOwner.java:118)
	... 35 more
</pre></div><a href='#' onClick='toggleBox("stack-trace1986581856", this, "Click to show all stack frames", "Click to hide stack frames")'>Click to show all stack frames</a>
<div class='stack-trace' id='stack-trace1986581856'><pre>com.microsoft.playwright.PlaywrightException: Error {
  message=&apos;NS_ERROR_UNKNOWN_HOST
  name=&apos;Error
  stack=&apos;Error: NS_ERROR_UNKNOWN_HOST
    at FrameManager.frameAbortedNavigation (C:\Users\HP\AppData\Local\Temp\playwright-java-6207073177838020012\package\lib\server\frames.js:216:14)
    at FrameManager.requestFailed (C:\Users\HP\AppData\Local\Temp\playwright-java-6207073177838020012\package\lib\server\frames.js:276:12)
    at FFNetworkManager._onRequestFailed (C:\Users\HP\AppData\Local\Temp\playwright-java-6207073177838020012\package\lib\server\firefox\ffNetworkManager.js:136:30)
    at FFSession.emit (node:events:514:28)
    at C:\Users\HP\AppData\Local\Temp\playwright-java-6207073177838020012\package\lib\server\firefox\ffConnection.js:154:41
}
Call log:
- navigating to &quot;https://demowebshop.tricentis.com/&quot;, waiting until &quot;load&quot;

	at com.microsoft.playwright.impl.WaitableResult.get(WaitableResult.java:54)
	at com.microsoft.playwright.impl.ChannelOwner.runUntil(ChannelOwner.java:120)
	at com.microsoft.playwright.impl.Connection.sendMessage(Connection.java:129)
	at com.microsoft.playwright.impl.ChannelOwner.sendMessage(ChannelOwner.java:106)
	at com.microsoft.playwright.impl.FrameImpl.navigateImpl(FrameImpl.java:463)
	at com.microsoft.playwright.impl.PageImpl.lambda$navigate$45(PageImpl.java:836)
	at com.microsoft.playwright.impl.LoggingSupport.withLogging(LoggingSupport.java:47)
	at com.microsoft.playwright.impl.ChannelOwner.withLogging(ChannelOwner.java:89)
	at com.microsoft.playwright.impl.PageImpl.navigate(PageImpl.java:836)
	at com.microsoft.playwright.impl.PageImpl.navigate(PageImpl.java:42)
	at com.microsoft.playwright.Page.navigate(Page.java:5305)
	at com.qa.Webshop.Factory.Factory.initialiseBrows(Factory.java:48)
	at com.qa.Webshop.baseTest.baseTest.setUp(baseTest.java:69)
	at java.base/jdk.internal.reflect.NativeMethodAccessorImpl.invoke0(Native Method)
	at java.base/jdk.internal.reflect.NativeMethodAccessorImpl.invoke(NativeMethodAccessorImpl.java:77)
	at java.base/jdk.internal.reflect.DelegatingMethodAccessorImpl.invoke(DelegatingMethodAccessorImpl.java:43)
	at java.base/java.lang.reflect.Method.invoke(Method.java:568)
	at org.testng.internal.MethodInvocationHelper.invokeMethod(MethodInvocationHelper.java:133)
	at org.testng.internal.MethodInvocationHelper.invokeMethodConsideringTimeout(MethodInvocationHelper.java:62)
	at org.testng.internal.ConfigInvoker.invokeConfigurationMethod(ConfigInvoker.java:385)
	at org.testng.internal.ConfigInvoker.invokeConfigurations(ConfigInvoker.java:321)
	at org.testng.TestRunner.invokeTestConfigurations(TestRunner.java:637)
	at org.testng.TestRunner.beforeRun(TestRunner.java:627)
	at org.testng.TestRunner.run(TestRunner.java:589)
	at org.testng.SuiteRunner.runTest(SuiteRunner.java:377)
	at org.testng.SuiteRunner.runSequentially(SuiteRunner.java:371)
	at org.testng.SuiteRunner.privateRun(SuiteRunner.java:332)
	at org.testng.SuiteRunner.run(SuiteRunner.java:276)
	at org.testng.SuiteRunnerWorker.runSuite(SuiteRunnerWorker.java:53)
	at org.testng.SuiteRunnerWorker.run(SuiteRunnerWorker.java:96)
	at org.testng.TestNG.runSuitesSequentially(TestNG.java:1212)
	at org.testng.TestNG.runSuitesLocally(TestNG.java:1134)
	at org.testng.TestNG.runSuites(TestNG.java:1063)
	at org.testng.TestNG.run(TestNG.java:1031)
	at org.testng.remote.AbstractRemoteTestNG.run(AbstractRemoteTestNG.java:115)
	at org.testng.remote.RemoteTestNG.initAndRun(RemoteTestNG.java:251)
	at org.testng.remote.RemoteTestNG.main(RemoteTestNG.java:77)
Caused by: com.microsoft.playwright.impl.DriverException: Error {
  message=&apos;NS_ERROR_UNKNOWN_HOST
  name=&apos;Error
  stack=&apos;Error: NS_ERROR_UNKNOWN_HOST
    at FrameManager.frameAbortedNavigation (C:\Users\HP\AppData\Local\Temp\playwright-java-6207073177838020012\package\lib\server\frames.js:216:14)
    at FrameManager.requestFailed (C:\Users\HP\AppData\Local\Temp\playwright-java-6207073177838020012\package\lib\server\frames.js:276:12)
    at FFNetworkManager._onRequestFailed (C:\Users\HP\AppData\Local\Temp\playwright-java-6207073177838020012\package\lib\server\firefox\ffNetworkManager.js:136:30)
    at FFSession.emit (node:events:514:28)
    at C:\Users\HP\AppData\Local\Temp\playwright-java-6207073177838020012\package\lib\server\firefox\ffConnection.js:154:41
}
Call log:
- navigating to &quot;https://demowebshop.tricentis.com/&quot;, waiting until &quot;load&quot;

	at com.microsoft.playwright.impl.Connection.dispatch(Connection.java:257)
	at com.microsoft.playwright.impl.Connection.processOneMessage(Connection.java:209)
	at com.microsoft.playwright.impl.ChannelOwner.runUntil(ChannelOwner.java:118)
	... 35 more
</pre></div></td>
<td>0</td>
<td>com.qa.Webshop.Test.TestAutomation@6babf3bf</td></tr>
<tr>
<td title='com.qa.Webshop.Test.TestAutomation.checkoutPageTest()'><b>checkoutPageTest</b><br>Test class: com.qa.Webshop.Test.TestAutomation</td>
<td><div><pre>com.microsoft.playwright.PlaywrightException: Error {
  message=&apos;NS_ERROR_UNKNOWN_HOST
  name=&apos;Error
  stack=&apos;Error: NS_ERROR_UNKNOWN_HOST
    at FrameManager.frameAbortedNavigation (C:\Users\HP\AppData\Local\Temp\playwright-java-6207073177838020012\package\lib\server\frames.js:216:14)
    at FrameManager.requestFailed (C:\Users\HP\AppData\Local\Temp\playwright-java-6207073177838020012\package\lib\server\frames.js:276:12)
    at FFNetworkManager._onRequestFailed (C:\Users\HP\AppData\Local\Temp\playwright-java-6207073177838020012\package\lib\server\firefox\ffNetworkManager.js:136:30)
    at FFSession.emit (node:events:514:28)
    at C:\Users\HP\AppData\Local\Temp\playwright-java-6207073177838020012\package\lib\server\firefox\ffConnection.js:154:41
}
Call log:
- navigating to &quot;https://demowebshop.tricentis.com/&quot;, waiting until &quot;load&quot;

	at com.microsoft.playwright.impl.WaitableResult.get(WaitableResult.java:54)
	at com.microsoft.playwright.impl.ChannelOwner.runUntil(ChannelOwner.java:120)
	at com.microsoft.playwright.impl.Connection.sendMessage(Connection.java:129)
	at com.microsoft.playwright.impl.ChannelOwner.sendMessage(ChannelOwner.java:106)
	at com.microsoft.playwright.impl.FrameImpl.navigateImpl(FrameImpl.java:463)
	at com.microsoft.playwright.impl.PageImpl.lambda$navigate$45(PageImpl.java:836)
	at com.microsoft.playwright.impl.LoggingSupport.withLogging(LoggingSupport.java:47)
	at com.microsoft.playwright.impl.ChannelOwner.withLogging(ChannelOwner.java:89)
	at com.microsoft.playwright.impl.PageImpl.navigate(PageImpl.java:836)
	at com.microsoft.playwright.impl.PageImpl.navigate(PageImpl.java:42)
	at com.microsoft.playwright.Page.navigate(Page.java:5305)
	at com.qa.Webshop.Factory.Factory.initialiseBrows(Factory.java:48)
	at com.qa.Webshop.baseTest.baseTest.setUp(baseTest.java:69)
	at java.base/jdk.internal.reflect.NativeMethodAccessorImpl.invoke0(Native Method)
	at java.base/jdk.internal.reflect.NativeMethodAccessorImpl.invoke(NativeMethodAccessorImpl.java:77)
	at java.base/jdk.internal.reflect.DelegatingMethodAccessorImpl.invoke(DelegatingMethodAccessorImpl.java:43)
	at java.base/java.lang.reflect.Method.invoke(Method.java:568)
	at org.testng.internal.MethodInvocationHelper.invokeMethod(MethodInvocationHelper.java:133)
	at org.testng.internal.MethodInvocationHelper.invokeMethodConsideringTimeout(MethodInvocationHelper.java:62)
	at org.testng.internal.ConfigInvoker.invokeConfigurationMethod(ConfigInvoker.java:385)
	at org.testng.internal.ConfigInvoker.invokeConfigurations(ConfigInvoker.java:321)
	at org.testng.TestRunner.invokeTestConfigurations(TestRunner.java:637)
	at org.testng.TestRunner.beforeRun(TestRunner.java:627)
	at org.testng.TestRunner.run(TestRunner.java:589)
	at org.testng.SuiteRunner.runTest(SuiteRunner.java:377)
	at org.testng.SuiteRunner.runSequentially(SuiteRunner.java:371)
	at org.testng.SuiteRunner.privateRun(SuiteRunner.java:332)
	at org.testng.SuiteRunner.run(SuiteRunner.java:276)
	at org.testng.SuiteRunnerWorker.runSuite(SuiteRunnerWorker.java:53)
	at org.testng.SuiteRunnerWorker.run(SuiteRunnerWorker.java:96)
	at org.testng.TestNG.runSuitesSequentially(TestNG.java:1212)
	at org.testng.TestNG.runSuitesLocally(TestNG.java:1134)
	at org.testng.TestNG.runSuites(TestNG.java:1063)
	at org.testng.TestNG.run(TestNG.java:1031)
	at org.testng.remote.AbstractRemoteTestNG.run(AbstractRemoteTestNG.java:115)
	at org.testng.remote.RemoteTestNG.initAndRun(RemoteTestNG.java:251)
	at org.testng.remote.RemoteTestNG.main(RemoteTestNG.java:77)
Caused by: com.microsoft.playwright.impl.DriverException: Error {
  message=&apos;NS_ERROR_UNKNOWN_HOST
  name=&apos;Error
  stack=&apos;Error: NS_ERROR_UNKNOWN_HOST
    at FrameManager.frameAbortedNavigation (C:\Users\HP\AppData\Local\Temp\playwright-java-6207073177838020012\package\lib\server\frames.js:216:14)
    at FrameManager.requestFailed (C:\Users\HP\AppData\Local\Temp\playwright-java-6207073177838020012\package\lib\server\frames.js:276:12)
    at FFNetworkManager._onRequestFailed (C:\Users\HP\AppData\Local\Temp\playwright-java-6207073177838020012\package\lib\server\firefox\ffNetworkManager.js:136:30)
    at FFSession.emit (node:events:514:28)
    at C:\Users\HP\AppData\Local\Temp\playwright-java-6207073177838020012\package\lib\server\firefox\ffConnection.js:154:41
}
Call log:
- navigating to &quot;https://demowebshop.tricentis.com/&quot;, waiting until &quot;load&quot;

	at com.microsoft.playwright.impl.Connection.dispatch(Connection.java:257)
	at com.microsoft.playwright.impl.Connection.processOneMessage(Connection.java:209)
	at com.microsoft.playwright.impl.ChannelOwner.runUntil(ChannelOwner.java:118)
	... 35 more
</pre></div><a href='#' onClick='toggleBox("stack-trace917935693", this, "Click to show all stack frames", "Click to hide stack frames")'>Click to show all stack frames</a>
<div class='stack-trace' id='stack-trace917935693'><pre>com.microsoft.playwright.PlaywrightException: Error {
  message=&apos;NS_ERROR_UNKNOWN_HOST
  name=&apos;Error
  stack=&apos;Error: NS_ERROR_UNKNOWN_HOST
    at FrameManager.frameAbortedNavigation (C:\Users\HP\AppData\Local\Temp\playwright-java-6207073177838020012\package\lib\server\frames.js:216:14)
    at FrameManager.requestFailed (C:\Users\HP\AppData\Local\Temp\playwright-java-6207073177838020012\package\lib\server\frames.js:276:12)
    at FFNetworkManager._onRequestFailed (C:\Users\HP\AppData\Local\Temp\playwright-java-6207073177838020012\package\lib\server\firefox\ffNetworkManager.js:136:30)
    at FFSession.emit (node:events:514:28)
    at C:\Users\HP\AppData\Local\Temp\playwright-java-6207073177838020012\package\lib\server\firefox\ffConnection.js:154:41
}
Call log:
- navigating to &quot;https://demowebshop.tricentis.com/&quot;, waiting until &quot;load&quot;

	at com.microsoft.playwright.impl.WaitableResult.get(WaitableResult.java:54)
	at com.microsoft.playwright.impl.ChannelOwner.runUntil(ChannelOwner.java:120)
	at com.microsoft.playwright.impl.Connection.sendMessage(Connection.java:129)
	at com.microsoft.playwright.impl.ChannelOwner.sendMessage(ChannelOwner.java:106)
	at com.microsoft.playwright.impl.FrameImpl.navigateImpl(FrameImpl.java:463)
	at com.microsoft.playwright.impl.PageImpl.lambda$navigate$45(PageImpl.java:836)
	at com.microsoft.playwright.impl.LoggingSupport.withLogging(LoggingSupport.java:47)
	at com.microsoft.playwright.impl.ChannelOwner.withLogging(ChannelOwner.java:89)
	at com.microsoft.playwright.impl.PageImpl.navigate(PageImpl.java:836)
	at com.microsoft.playwright.impl.PageImpl.navigate(PageImpl.java:42)
	at com.microsoft.playwright.Page.navigate(Page.java:5305)
	at com.qa.Webshop.Factory.Factory.initialiseBrows(Factory.java:48)
	at com.qa.Webshop.baseTest.baseTest.setUp(baseTest.java:69)
	at java.base/jdk.internal.reflect.NativeMethodAccessorImpl.invoke0(Native Method)
	at java.base/jdk.internal.reflect.NativeMethodAccessorImpl.invoke(NativeMethodAccessorImpl.java:77)
	at java.base/jdk.internal.reflect.DelegatingMethodAccessorImpl.invoke(DelegatingMethodAccessorImpl.java:43)
	at java.base/java.lang.reflect.Method.invoke(Method.java:568)
	at org.testng.internal.MethodInvocationHelper.invokeMethod(MethodInvocationHelper.java:133)
	at org.testng.internal.MethodInvocationHelper.invokeMethodConsideringTimeout(MethodInvocationHelper.java:62)
	at org.testng.internal.ConfigInvoker.invokeConfigurationMethod(ConfigInvoker.java:385)
	at org.testng.internal.ConfigInvoker.invokeConfigurations(ConfigInvoker.java:321)
	at org.testng.TestRunner.invokeTestConfigurations(TestRunner.java:637)
	at org.testng.TestRunner.beforeRun(TestRunner.java:627)
	at org.testng.TestRunner.run(TestRunner.java:589)
	at org.testng.SuiteRunner.runTest(SuiteRunner.java:377)
	at org.testng.SuiteRunner.runSequentially(SuiteRunner.java:371)
	at org.testng.SuiteRunner.privateRun(SuiteRunner.java:332)
	at org.testng.SuiteRunner.run(SuiteRunner.java:276)
	at org.testng.SuiteRunnerWorker.runSuite(SuiteRunnerWorker.java:53)
	at org.testng.SuiteRunnerWorker.run(SuiteRunnerWorker.java:96)
	at org.testng.TestNG.runSuitesSequentially(TestNG.java:1212)
	at org.testng.TestNG.runSuitesLocally(TestNG.java:1134)
	at org.testng.TestNG.runSuites(TestNG.java:1063)
	at org.testng.TestNG.run(TestNG.java:1031)
	at org.testng.remote.AbstractRemoteTestNG.run(AbstractRemoteTestNG.java:115)
	at org.testng.remote.RemoteTestNG.initAndRun(RemoteTestNG.java:251)
	at org.testng.remote.RemoteTestNG.main(RemoteTestNG.java:77)
Caused by: com.microsoft.playwright.impl.DriverException: Error {
  message=&apos;NS_ERROR_UNKNOWN_HOST
  name=&apos;Error
  stack=&apos;Error: NS_ERROR_UNKNOWN_HOST
    at FrameManager.frameAbortedNavigation (C:\Users\HP\AppData\Local\Temp\playwright-java-6207073177838020012\package\lib\server\frames.js:216:14)
    at FrameManager.requestFailed (C:\Users\HP\AppData\Local\Temp\playwright-java-6207073177838020012\package\lib\server\frames.js:276:12)
    at FFNetworkManager._onRequestFailed (C:\Users\HP\AppData\Local\Temp\playwright-java-6207073177838020012\package\lib\server\firefox\ffNetworkManager.js:136:30)
    at FFSession.emit (node:events:514:28)
    at C:\Users\HP\AppData\Local\Temp\playwright-java-6207073177838020012\package\lib\server\firefox\ffConnection.js:154:41
}
Call log:
- navigating to &quot;https://demowebshop.tricentis.com/&quot;, waiting until &quot;load&quot;

	at com.microsoft.playwright.impl.Connection.dispatch(Connection.java:257)
	at com.microsoft.playwright.impl.Connection.processOneMessage(Connection.java:209)
	at com.microsoft.playwright.impl.ChannelOwner.runUntil(ChannelOwner.java:118)
	... 35 more
</pre></div></td>
<td>0</td>
<td>com.qa.Webshop.Test.TestAutomation@6babf3bf</td></tr>
</table><p>
</body>
</html>