<!DOCTYPE html PUBLIC "-//W3C//DTD XHTML 1.1//EN" "https://www.w3.org/TR/xhtml11/DTD/xhtml11.dtd">
<html xmlns="https://www.w3.org/1999/xhtml">
<head>
<meta http-equiv="content-type" content="text/html; charset=UTF-8"/>
<title>TestNG Report</title>
<style type="text/css">table {margin-bottom:10px;border-collapse:collapse;empty-cells:show}th,td {border:1px solid #009;padding:.25em .5em}th {vertical-align:bottom}td {vertical-align:top}table a {font-weight:bold}.stripe td {background-color: #E6EBF9}.num {text-align:right}.passedodd td {background-color: #3F3}.passedeven td {background-color: #0A0}.skippedodd td {background-color: #DDD}.skippedeven td {background-color: #CCC}.failedodd td,.attn {background-color: #F33}.failedeven td,.stripe .attn {background-color: #D00}.stacktrace {white-space:pre;font-family:monospace}.totop {font-size:85%;text-align:center;border-bottom:2px solid #000}.invisible {display:none}</style>
</head>
<body>
<table>
<tr><th>Test</th><th># Passed</th><th># Skipped</th><th># Retried</th><th># Failed</th><th>Time (ms)</th><th>Included Groups</th><th>Excluded Groups</th></tr>
<tr><th colspan="8">Default suite</th></tr>
<tr><td><a href="#t0">Default test</a></td><td class="num">0</td><td class="num attn">6</td><td class="num">0</td><td class="num">0</td><td class="num">24,480</td><td></td><td></td></tr>
</table>
<table id='summary'><thead><tr><th>Class</th><th>Method</th><th>Start</th><th>Time (ms)</th></tr></thead><tbody><tr><th colspan="4">Default suite</th></tr></tbody><tbody id="t0"><tr><th colspan="4">Default test &#8212; failed (configuration methods)</th></tr><tr class="failedeven"><td rowspan="1">com.qa.Webshop.Test.TestAutomation</td><td><a href="#m0">setUp</a></td><td rowspan="1">1705084308569</td><td rowspan="1">24031</td></tr><tr><th colspan="4">Default test &#8212; skipped (configuration methods)</th></tr><tr class="skippedeven"><td rowspan="8">com.qa.Webshop.Test.TestAutomation</td><td><a href="#m1">TearDown</a></td><td rowspan="1">1705084333460</td><td rowspan="1">-1705084333460</td></tr><tr class="skippedeven"><td><a href="#m2">flushReport</a></td><td rowspan="1">1705084333024</td><td rowspan="1">-1705084333024</td></tr><tr class="skippedeven"><td><a href="#m3">getTestResult</a></td><td rowspan="6">1705084333020</td><td rowspan="6">-1705084333020</td></tr><tr class="skippedeven"><td><a href="#m4">getTestResult</a></td></tr><tr class="skippedeven"><td><a href="#m5">getTestResult</a></td></tr><tr class="skippedeven"><td><a href="#m6">getTestResult</a></td></tr><tr class="skippedeven"><td><a href="#m7">getTestResult</a></td></tr><tr class="skippedeven"><td><a href="#m8">getTestResult</a></td></tr><tr><th colspan="4">Default test &#8212; skipped</th></tr><tr class="skippedeven"><td rowspan="6">com.qa.Webshop.Test.TestAutomation</td><td><a href="#m9">buyingBookTest</a></td><td rowspan="1">1705084332798</td><td rowspan="1">0</td></tr><tr class="skippedeven"><td><a href="#m10">buyingElectronic</a></td><td rowspan="1">1705084332849</td><td rowspan="1">0</td></tr><tr class="skippedeven"><td><a href="#m11">buyingJwelery</a></td><td rowspan="1">1705084332885</td><td rowspan="1">0</td></tr><tr class="skippedeven"><td><a href="#m12">buyingcomputer</a></td><td rowspan="1">1705084332827</td><td rowspan="1">0</td></tr><tr class="skippedeven"><td><a href="#m13">checkoutPageTest</a></td><td rowspan="1">1705084332939</td><td rowspan="1">0</td></tr><tr class="skippedeven"><td><a href="#m14">regstrationPage</a></td><td rowspan="1">1705084332753</td><td rowspan="1">0</td></tr></tbody>
</table>
<h2>Default test</h2><h3 id="m0">com.qa.Webshop.Test.TestAutomation#setUp</h3><table class="result"><tr><th>Exception</th></tr><tr><td><div class="stacktrace">com.microsoft.playwright.PlaywrightException: Error {
  message=&apos;NS_ERROR_UNKNOWN_HOST
  name=&apos;Error
  stack=&apos;Error: NS_ERROR_UNKNOWN_HOST
    at FrameManager.frameAbortedNavigation (C:\Users\HP\AppData\Local\Temp\playwright-java-6207073177838020012\package\lib\server\frames.js:216:14)
    at FrameManager.requestFailed (C:\Users\HP\AppData\Local\Temp\playwright-java-6207073177838020012\package\lib\server\frames.js:276:12)
    at FFNetworkManager._onRequestFailed (C:\Users\HP\AppData\Local\Temp\playwright-java-6207073177838020012\package\lib\server\firefox\ffNetworkManager.js:136:30)
    at FFSession.emit (node:events:514:28)
    at C:\Users\HP\AppData\Local\Temp\playwright-java-6207073177838020012\package\lib\server\firefox\ffConnection.js:154:41
}
Call log:
- navigating to &quot;https://demowebshop.tricentis.com/&quot;, waiting until &quot;load&quot;

	at com.microsoft.playwright.impl.WaitableResult.get(WaitableResult.java:54)
	at com.microsoft.playwright.impl.ChannelOwner.runUntil(ChannelOwner.java:120)
	at com.microsoft.playwright.impl.Connection.sendMessage(Connection.java:129)
	at com.microsoft.playwright.impl.ChannelOwner.sendMessage(ChannelOwner.java:106)
	at com.microsoft.playwright.impl.FrameImpl.navigateImpl(FrameImpl.java:463)
	at com.microsoft.playwright.impl.PageImpl.lambda$navigate$45(PageImpl.java:836)
	at com.microsoft.playwright.impl.LoggingSupport.withLogging(LoggingSupport.java:47)
	at com.microsoft.playwright.impl.ChannelOwner.withLogging(ChannelOwner.java:89)
	at com.microsoft.playwright.impl.PageImpl.navigate(PageImpl.java:836)
	at com.microsoft.playwright.impl.PageImpl.navigate(PageImpl.java:42)
	at com.microsoft.playwright.Page.navigate(Page.java:5305)
	at com.qa.Webshop.Factory.Factory.initialiseBrows(Factory.java:48)
	at com.qa.Webshop.baseTest.baseTest.setUp(baseTest.java:69)
	at java.base/jdk.internal.reflect.NativeMethodAccessorImpl.invoke0(Native Method)
	at java.base/jdk.internal.reflect.NativeMethodAccessorImpl.invoke(NativeMethodAccessorImpl.java:77)
	at java.base/jdk.internal.reflect.DelegatingMethodAccessorImpl.invoke(DelegatingMethodAccessorImpl.java:43)
	at java.base/java.lang.reflect.Method.invoke(Method.java:568)
	at org.testng.internal.MethodInvocationHelper.invokeMethod(MethodInvocationHelper.java:133)
	at org.testng.internal.MethodInvocationHelper.invokeMethodConsideringTimeout(MethodInvocationHelper.java:62)
	at org.testng.internal.ConfigInvoker.invokeConfigurationMethod(ConfigInvoker.java:385)
	at org.testng.internal.ConfigInvoker.invokeConfigurations(ConfigInvoker.java:321)
	at org.testng.TestRunner.invokeTestConfigurations(TestRunner.java:637)
	at org.testng.TestRunner.beforeRun(TestRunner.java:627)
	at org.testng.TestRunner.run(TestRunner.java:589)
	at org.testng.SuiteRunner.runTest(SuiteRunner.java:377)
	at org.testng.SuiteRunner.runSequentially(SuiteRunner.java:371)
	at org.testng.SuiteRunner.privateRun(SuiteRunner.java:332)
	at org.testng.SuiteRunner.run(SuiteRunner.java:276)
	at org.testng.SuiteRunnerWorker.runSuite(SuiteRunnerWorker.java:53)
	at org.testng.SuiteRunnerWorker.run(SuiteRunnerWorker.java:96)
	at org.testng.TestNG.runSuitesSequentially(TestNG.java:1212)
	at org.testng.TestNG.runSuitesLocally(TestNG.java:1134)
	at org.testng.TestNG.runSuites(TestNG.java:1063)
	at org.testng.TestNG.run(TestNG.java:1031)
	at org.testng.remote.AbstractRemoteTestNG.run(AbstractRemoteTestNG.java:115)
	at org.testng.remote.RemoteTestNG.initAndRun(RemoteTestNG.java:251)
	at org.testng.remote.RemoteTestNG.main(RemoteTestNG.java:77)
Caused by: com.microsoft.playwright.impl.DriverException: Error {
  message=&apos;NS_ERROR_UNKNOWN_HOST
  name=&apos;Error
  stack=&apos;Error: NS_ERROR_UNKNOWN_HOST
    at FrameManager.frameAbortedNavigation (C:\Users\HP\AppData\Local\Temp\playwright-java-6207073177838020012\package\lib\server\frames.js:216:14)
    at FrameManager.requestFailed (C:\Users\HP\AppData\Local\Temp\playwright-java-6207073177838020012\package\lib\server\frames.js:276:12)
    at FFNetworkManager._onRequestFailed (C:\Users\HP\AppData\Local\Temp\playwright-java-6207073177838020012\package\lib\server\firefox\ffNetworkManager.js:136:30)
    at FFSession.emit (node:events:514:28)
    at C:\Users\HP\AppData\Local\Temp\playwright-java-6207073177838020012\package\lib\server\firefox\ffConnection.js:154:41
}
Call log:
- navigating to &quot;https://demowebshop.tricentis.com/&quot;, waiting until &quot;load&quot;

	at com.microsoft.playwright.impl.Connection.dispatch(Connection.java:257)
	at com.microsoft.playwright.impl.Connection.processOneMessage(Connection.java:209)
	at com.microsoft.playwright.impl.ChannelOwner.runUntil(ChannelOwner.java:118)
	... 35 more
</div></td></tr></table><p class="totop"><a href="#summary">back to summary</a></p>
<h3 id="m1">com.qa.Webshop.Test.TestAutomation#TearDown</h3><table class="result"><tr><th class="invisible"/></tr></table><p class="totop"><a href="#summary">back to summary</a></p>
<h3 id="m2">com.qa.Webshop.Test.TestAutomation#flushReport</h3><table class="result"><tr><th class="invisible"/></tr></table><p class="totop"><a href="#summary">back to summary</a></p>
<h3 id="m3">com.qa.Webshop.Test.TestAutomation#getTestResult</h3><table class="result"><tr><th class="invisible"/></tr></table><p class="totop"><a href="#summary">back to summary</a></p>
<h3 id="m4">com.qa.Webshop.Test.TestAutomation#getTestResult</h3><table class="result"><tr><th class="invisible"/></tr></table><p class="totop"><a href="#summary">back to summary</a></p>
<h3 id="m5">com.qa.Webshop.Test.TestAutomation#getTestResult</h3><table class="result"><tr><th class="invisible"/></tr></table><p class="totop"><a href="#summary">back to summary</a></p>
<h3 id="m6">com.qa.Webshop.Test.TestAutomation#getTestResult</h3><table class="result"><tr><th class="invisible"/></tr></table><p class="totop"><a href="#summary">back to summary</a></p>
<h3 id="m7">com.qa.Webshop.Test.TestAutomation#getTestResult</h3><table class="result"><tr><th class="invisible"/></tr></table><p class="totop"><a href="#summary">back to summary</a></p>
<h3 id="m8">com.qa.Webshop.Test.TestAutomation#getTestResult</h3><table class="result"><tr><th class="invisible"/></tr></table><p class="totop"><a href="#summary">back to summary</a></p>
<h3 id="m9">com.qa.Webshop.Test.TestAutomation#buyingBookTest</h3><table class="result"><tr><th>Exception</th></tr><tr><td><div class="stacktrace">com.microsoft.playwright.PlaywrightException: Error {
  message=&apos;NS_ERROR_UNKNOWN_HOST
  name=&apos;Error
  stack=&apos;Error: NS_ERROR_UNKNOWN_HOST
    at FrameManager.frameAbortedNavigation (C:\Users\HP\AppData\Local\Temp\playwright-java-6207073177838020012\package\lib\server\frames.js:216:14)
    at FrameManager.requestFailed (C:\Users\HP\AppData\Local\Temp\playwright-java-6207073177838020012\package\lib\server\frames.js:276:12)
    at FFNetworkManager._onRequestFailed (C:\Users\HP\AppData\Local\Temp\playwright-java-6207073177838020012\package\lib\server\firefox\ffNetworkManager.js:136:30)
    at FFSession.emit (node:events:514:28)
    at C:\Users\HP\AppData\Local\Temp\playwright-java-6207073177838020012\package\lib\server\firefox\ffConnection.js:154:41
}
Call log:
- navigating to &quot;https://demowebshop.tricentis.com/&quot;, waiting until &quot;load&quot;

	at com.microsoft.playwright.impl.WaitableResult.get(WaitableResult.java:54)
	at com.microsoft.playwright.impl.ChannelOwner.runUntil(ChannelOwner.java:120)
	at com.microsoft.playwright.impl.Connection.sendMessage(Connection.java:129)
	at com.microsoft.playwright.impl.ChannelOwner.sendMessage(ChannelOwner.java:106)
	at com.microsoft.playwright.impl.FrameImpl.navigateImpl(FrameImpl.java:463)
	at com.microsoft.playwright.impl.PageImpl.lambda$navigate$45(PageImpl.java:836)
	at com.microsoft.playwright.impl.LoggingSupport.withLogging(LoggingSupport.java:47)
	at com.microsoft.playwright.impl.ChannelOwner.withLogging(ChannelOwner.java:89)
	at com.microsoft.playwright.impl.PageImpl.navigate(PageImpl.java:836)
	at com.microsoft.playwright.impl.PageImpl.navigate(PageImpl.java:42)
	at com.microsoft.playwright.Page.navigate(Page.java:5305)
	at com.qa.Webshop.Factory.Factory.initialiseBrows(Factory.java:48)
	at com.qa.Webshop.baseTest.baseTest.setUp(baseTest.java:69)
	at java.base/jdk.internal.reflect.NativeMethodAccessorImpl.invoke0(Native Method)
	at java.base/jdk.internal.reflect.NativeMethodAccessorImpl.invoke(NativeMethodAccessorImpl.java:77)
	at java.base/jdk.internal.reflect.DelegatingMethodAccessorImpl.invoke(DelegatingMethodAccessorImpl.java:43)
	at java.base/java.lang.reflect.Method.invoke(Method.java:568)
	at org.testng.internal.MethodInvocationHelper.invokeMethod(MethodInvocationHelper.java:133)
	at org.testng.internal.MethodInvocationHelper.invokeMethodConsideringTimeout(MethodInvocationHelper.java:62)
	at org.testng.internal.ConfigInvoker.invokeConfigurationMethod(ConfigInvoker.java:385)
	at org.testng.internal.ConfigInvoker.invokeConfigurations(ConfigInvoker.java:321)
	at org.testng.TestRunner.invokeTestConfigurations(TestRunner.java:637)
	at org.testng.TestRunner.beforeRun(TestRunner.java:627)
	at org.testng.TestRunner.run(TestRunner.java:589)
	at org.testng.SuiteRunner.runTest(SuiteRunner.java:377)
	at org.testng.SuiteRunner.runSequentially(SuiteRunner.java:371)
	at org.testng.SuiteRunner.privateRun(SuiteRunner.java:332)
	at org.testng.SuiteRunner.run(SuiteRunner.java:276)
	at org.testng.SuiteRunnerWorker.runSuite(SuiteRunnerWorker.java:53)
	at org.testng.SuiteRunnerWorker.run(SuiteRunnerWorker.java:96)
	at org.testng.TestNG.runSuitesSequentially(TestNG.java:1212)
	at org.testng.TestNG.runSuitesLocally(TestNG.java:1134)
	at org.testng.TestNG.runSuites(TestNG.java:1063)
	at org.testng.TestNG.run(TestNG.java:1031)
	at org.testng.remote.AbstractRemoteTestNG.run(AbstractRemoteTestNG.java:115)
	at org.testng.remote.RemoteTestNG.initAndRun(RemoteTestNG.java:251)
	at org.testng.remote.RemoteTestNG.main(RemoteTestNG.java:77)
Caused by: com.microsoft.playwright.impl.DriverException: Error {
  message=&apos;NS_ERROR_UNKNOWN_HOST
  name=&apos;Error
  stack=&apos;Error: NS_ERROR_UNKNOWN_HOST
    at FrameManager.frameAbortedNavigation (C:\Users\HP\AppData\Local\Temp\playwright-java-6207073177838020012\package\lib\server\frames.js:216:14)
    at FrameManager.requestFailed (C:\Users\HP\AppData\Local\Temp\playwright-java-6207073177838020012\package\lib\server\frames.js:276:12)
    at FFNetworkManager._onRequestFailed (C:\Users\HP\AppData\Local\Temp\playwright-java-6207073177838020012\package\lib\server\firefox\ffNetworkManager.js:136:30)
    at FFSession.emit (node:events:514:28)
    at C:\Users\HP\AppData\Local\Temp\playwright-java-6207073177838020012\package\lib\server\firefox\ffConnection.js:154:41
}
Call log:
- navigating to &quot;https://demowebshop.tricentis.com/&quot;, waiting until &quot;load&quot;

	at com.microsoft.playwright.impl.Connection.dispatch(Connection.java:257)
	at com.microsoft.playwright.impl.Connection.processOneMessage(Connection.java:209)
	at com.microsoft.playwright.impl.ChannelOwner.runUntil(ChannelOwner.java:118)
	... 35 more
</div></td></tr></table><p class="totop"><a href="#summary">back to summary</a></p>
<h3 id="m10">com.qa.Webshop.Test.TestAutomation#buyingElectronic</h3><table class="result"><tr><th>Exception</th></tr><tr><td><div class="stacktrace">com.microsoft.playwright.PlaywrightException: Error {
  message=&apos;NS_ERROR_UNKNOWN_HOST
  name=&apos;Error
  stack=&apos;Error: NS_ERROR_UNKNOWN_HOST
    at FrameManager.frameAbortedNavigation (C:\Users\HP\AppData\Local\Temp\playwright-java-6207073177838020012\package\lib\server\frames.js:216:14)
    at FrameManager.requestFailed (C:\Users\HP\AppData\Local\Temp\playwright-java-6207073177838020012\package\lib\server\frames.js:276:12)
    at FFNetworkManager._onRequestFailed (C:\Users\HP\AppData\Local\Temp\playwright-java-6207073177838020012\package\lib\server\firefox\ffNetworkManager.js:136:30)
    at FFSession.emit (node:events:514:28)
    at C:\Users\HP\AppData\Local\Temp\playwright-java-6207073177838020012\package\lib\server\firefox\ffConnection.js:154:41
}
Call log:
- navigating to &quot;https://demowebshop.tricentis.com/&quot;, waiting until &quot;load&quot;

	at com.microsoft.playwright.impl.WaitableResult.get(WaitableResult.java:54)
	at com.microsoft.playwright.impl.ChannelOwner.runUntil(ChannelOwner.java:120)
	at com.microsoft.playwright.impl.Connection.sendMessage(Connection.java:129)
	at com.microsoft.playwright.impl.ChannelOwner.sendMessage(ChannelOwner.java:106)
	at com.microsoft.playwright.impl.FrameImpl.navigateImpl(FrameImpl.java:463)
	at com.microsoft.playwright.impl.PageImpl.lambda$navigate$45(PageImpl.java:836)
	at com.microsoft.playwright.impl.LoggingSupport.withLogging(LoggingSupport.java:47)
	at com.microsoft.playwright.impl.ChannelOwner.withLogging(ChannelOwner.java:89)
	at com.microsoft.playwright.impl.PageImpl.navigate(PageImpl.java:836)
	at com.microsoft.playwright.impl.PageImpl.navigate(PageImpl.java:42)
	at com.microsoft.playwright.Page.navigate(Page.java:5305)
	at com.qa.Webshop.Factory.Factory.initialiseBrows(Factory.java:48)
	at com.qa.Webshop.baseTest.baseTest.setUp(baseTest.java:69)
	at java.base/jdk.internal.reflect.NativeMethodAccessorImpl.invoke0(Native Method)
	at java.base/jdk.internal.reflect.NativeMethodAccessorImpl.invoke(NativeMethodAccessorImpl.java:77)
	at java.base/jdk.internal.reflect.DelegatingMethodAccessorImpl.invoke(DelegatingMethodAccessorImpl.java:43)
	at java.base/java.lang.reflect.Method.invoke(Method.java:568)
	at org.testng.internal.MethodInvocationHelper.invokeMethod(MethodInvocationHelper.java:133)
	at org.testng.internal.MethodInvocationHelper.invokeMethodConsideringTimeout(MethodInvocationHelper.java:62)
	at org.testng.internal.ConfigInvoker.invokeConfigurationMethod(ConfigInvoker.java:385)
	at org.testng.internal.ConfigInvoker.invokeConfigurations(ConfigInvoker.java:321)
	at org.testng.TestRunner.invokeTestConfigurations(TestRunner.java:637)
	at org.testng.TestRunner.beforeRun(TestRunner.java:627)
	at org.testng.TestRunner.run(TestRunner.java:589)
	at org.testng.SuiteRunner.runTest(SuiteRunner.java:377)
	at org.testng.SuiteRunner.runSequentially(SuiteRunner.java:371)
	at org.testng.SuiteRunner.privateRun(SuiteRunner.java:332)
	at org.testng.SuiteRunner.run(SuiteRunner.java:276)
	at org.testng.SuiteRunnerWorker.runSuite(SuiteRunnerWorker.java:53)
	at org.testng.SuiteRunnerWorker.run(SuiteRunnerWorker.java:96)
	at org.testng.TestNG.runSuitesSequentially(TestNG.java:1212)
	at org.testng.TestNG.runSuitesLocally(TestNG.java:1134)
	at org.testng.TestNG.runSuites(TestNG.java:1063)
	at org.testng.TestNG.run(TestNG.java:1031)
	at org.testng.remote.AbstractRemoteTestNG.run(AbstractRemoteTestNG.java:115)
	at org.testng.remote.RemoteTestNG.initAndRun(RemoteTestNG.java:251)
	at org.testng.remote.RemoteTestNG.main(RemoteTestNG.java:77)
Caused by: com.microsoft.playwright.impl.DriverException: Error {
  message=&apos;NS_ERROR_UNKNOWN_HOST
  name=&apos;Error
  stack=&apos;Error: NS_ERROR_UNKNOWN_HOST
    at FrameManager.frameAbortedNavigation (C:\Users\HP\AppData\Local\Temp\playwright-java-6207073177838020012\package\lib\server\frames.js:216:14)
    at FrameManager.requestFailed (C:\Users\HP\AppData\Local\Temp\playwright-java-6207073177838020012\package\lib\server\frames.js:276:12)
    at FFNetworkManager._onRequestFailed (C:\Users\HP\AppData\Local\Temp\playwright-java-6207073177838020012\package\lib\server\firefox\ffNetworkManager.js:136:30)
    at FFSession.emit (node:events:514:28)
    at C:\Users\HP\AppData\Local\Temp\playwright-java-6207073177838020012\package\lib\server\firefox\ffConnection.js:154:41
}
Call log:
- navigating to &quot;https://demowebshop.tricentis.com/&quot;, waiting until &quot;load&quot;

	at com.microsoft.playwright.impl.Connection.dispatch(Connection.java:257)
	at com.microsoft.playwright.impl.Connection.processOneMessage(Connection.java:209)
	at com.microsoft.playwright.impl.ChannelOwner.runUntil(ChannelOwner.java:118)
	... 35 more
</div></td></tr></table><p class="totop"><a href="#summary">back to summary</a></p>
<h3 id="m11">com.qa.Webshop.Test.TestAutomation#buyingJwelery</h3><table class="result"><tr><th>Exception</th></tr><tr><td><div class="stacktrace">com.microsoft.playwright.PlaywrightException: Error {
  message=&apos;NS_ERROR_UNKNOWN_HOST
  name=&apos;Error
  stack=&apos;Error: NS_ERROR_UNKNOWN_HOST
    at FrameManager.frameAbortedNavigation (C:\Users\HP\AppData\Local\Temp\playwright-java-6207073177838020012\package\lib\server\frames.js:216:14)
    at FrameManager.requestFailed (C:\Users\HP\AppData\Local\Temp\playwright-java-6207073177838020012\package\lib\server\frames.js:276:12)
    at FFNetworkManager._onRequestFailed (C:\Users\HP\AppData\Local\Temp\playwright-java-6207073177838020012\package\lib\server\firefox\ffNetworkManager.js:136:30)
    at FFSession.emit (node:events:514:28)
    at C:\Users\HP\AppData\Local\Temp\playwright-java-6207073177838020012\package\lib\server\firefox\ffConnection.js:154:41
}
Call log:
- navigating to &quot;https://demowebshop.tricentis.com/&quot;, waiting until &quot;load&quot;

	at com.microsoft.playwright.impl.WaitableResult.get(WaitableResult.java:54)
	at com.microsoft.playwright.impl.ChannelOwner.runUntil(ChannelOwner.java:120)
	at com.microsoft.playwright.impl.Connection.sendMessage(Connection.java:129)
	at com.microsoft.playwright.impl.ChannelOwner.sendMessage(ChannelOwner.java:106)
	at com.microsoft.playwright.impl.FrameImpl.navigateImpl(FrameImpl.java:463)
	at com.microsoft.playwright.impl.PageImpl.lambda$navigate$45(PageImpl.java:836)
	at com.microsoft.playwright.impl.LoggingSupport.withLogging(LoggingSupport.java:47)
	at com.microsoft.playwright.impl.ChannelOwner.withLogging(ChannelOwner.java:89)
	at com.microsoft.playwright.impl.PageImpl.navigate(PageImpl.java:836)
	at com.microsoft.playwright.impl.PageImpl.navigate(PageImpl.java:42)
	at com.microsoft.playwright.Page.navigate(Page.java:5305)
	at com.qa.Webshop.Factory.Factory.initialiseBrows(Factory.java:48)
	at com.qa.Webshop.baseTest.baseTest.setUp(baseTest.java:69)
	at java.base/jdk.internal.reflect.NativeMethodAccessorImpl.invoke0(Native Method)
	at java.base/jdk.internal.reflect.NativeMethodAccessorImpl.invoke(NativeMethodAccessorImpl.java:77)
	at java.base/jdk.internal.reflect.DelegatingMethodAccessorImpl.invoke(DelegatingMethodAccessorImpl.java:43)
	at java.base/java.lang.reflect.Method.invoke(Method.java:568)
	at org.testng.internal.MethodInvocationHelper.invokeMethod(MethodInvocationHelper.java:133)
	at org.testng.internal.MethodInvocationHelper.invokeMethodConsideringTimeout(MethodInvocationHelper.java:62)
	at org.testng.internal.ConfigInvoker.invokeConfigurationMethod(ConfigInvoker.java:385)
	at org.testng.internal.ConfigInvoker.invokeConfigurations(ConfigInvoker.java:321)
	at org.testng.TestRunner.invokeTestConfigurations(TestRunner.java:637)
	at org.testng.TestRunner.beforeRun(TestRunner.java:627)
	at org.testng.TestRunner.run(TestRunner.java:589)
	at org.testng.SuiteRunner.runTest(SuiteRunner.java:377)
	at org.testng.SuiteRunner.runSequentially(SuiteRunner.java:371)
	at org.testng.SuiteRunner.privateRun(SuiteRunner.java:332)
	at org.testng.SuiteRunner.run(SuiteRunner.java:276)
	at org.testng.SuiteRunnerWorker.runSuite(SuiteRunnerWorker.java:53)
	at org.testng.SuiteRunnerWorker.run(SuiteRunnerWorker.java:96)
	at org.testng.TestNG.runSuitesSequentially(TestNG.java:1212)
	at org.testng.TestNG.runSuitesLocally(TestNG.java:1134)
	at org.testng.TestNG.runSuites(TestNG.java:1063)
	at org.testng.TestNG.run(TestNG.java:1031)
	at org.testng.remote.AbstractRemoteTestNG.run(AbstractRemoteTestNG.java:115)
	at org.testng.remote.RemoteTestNG.initAndRun(RemoteTestNG.java:251)
	at org.testng.remote.RemoteTestNG.main(RemoteTestNG.java:77)
Caused by: com.microsoft.playwright.impl.DriverException: Error {
  message=&apos;NS_ERROR_UNKNOWN_HOST
  name=&apos;Error
  stack=&apos;Error: NS_ERROR_UNKNOWN_HOST
    at FrameManager.frameAbortedNavigation (C:\Users\HP\AppData\Local\Temp\playwright-java-6207073177838020012\package\lib\server\frames.js:216:14)
    at FrameManager.requestFailed (C:\Users\HP\AppData\Local\Temp\playwright-java-6207073177838020012\package\lib\server\frames.js:276:12)
    at FFNetworkManager._onRequestFailed (C:\Users\HP\AppData\Local\Temp\playwright-java-6207073177838020012\package\lib\server\firefox\ffNetworkManager.js:136:30)
    at FFSession.emit (node:events:514:28)
    at C:\Users\HP\AppData\Local\Temp\playwright-java-6207073177838020012\package\lib\server\firefox\ffConnection.js:154:41
}
Call log:
- navigating to &quot;https://demowebshop.tricentis.com/&quot;, waiting until &quot;load&quot;

	at com.microsoft.playwright.impl.Connection.dispatch(Connection.java:257)
	at com.microsoft.playwright.impl.Connection.processOneMessage(Connection.java:209)
	at com.microsoft.playwright.impl.ChannelOwner.runUntil(ChannelOwner.java:118)
	... 35 more
</div></td></tr></table><p class="totop"><a href="#summary">back to summary</a></p>
<h3 id="m12">com.qa.Webshop.Test.TestAutomation#buyingcomputer</h3><table class="result"><tr><th>Exception</th></tr><tr><td><div class="stacktrace">com.microsoft.playwright.PlaywrightException: Error {
  message=&apos;NS_ERROR_UNKNOWN_HOST
  name=&apos;Error
  stack=&apos;Error: NS_ERROR_UNKNOWN_HOST
    at FrameManager.frameAbortedNavigation (C:\Users\HP\AppData\Local\Temp\playwright-java-6207073177838020012\package\lib\server\frames.js:216:14)
    at FrameManager.requestFailed (C:\Users\HP\AppData\Local\Temp\playwright-java-6207073177838020012\package\lib\server\frames.js:276:12)
    at FFNetworkManager._onRequestFailed (C:\Users\HP\AppData\Local\Temp\playwright-java-6207073177838020012\package\lib\server\firefox\ffNetworkManager.js:136:30)
    at FFSession.emit (node:events:514:28)
    at C:\Users\HP\AppData\Local\Temp\playwright-java-6207073177838020012\package\lib\server\firefox\ffConnection.js:154:41
}
Call log:
- navigating to &quot;https://demowebshop.tricentis.com/&quot;, waiting until &quot;load&quot;

	at com.microsoft.playwright.impl.WaitableResult.get(WaitableResult.java:54)
	at com.microsoft.playwright.impl.ChannelOwner.runUntil(ChannelOwner.java:120)
	at com.microsoft.playwright.impl.Connection.sendMessage(Connection.java:129)
	at com.microsoft.playwright.impl.ChannelOwner.sendMessage(ChannelOwner.java:106)
	at com.microsoft.playwright.impl.FrameImpl.navigateImpl(FrameImpl.java:463)
	at com.microsoft.playwright.impl.PageImpl.lambda$navigate$45(PageImpl.java:836)
	at com.microsoft.playwright.impl.LoggingSupport.withLogging(LoggingSupport.java:47)
	at com.microsoft.playwright.impl.ChannelOwner.withLogging(ChannelOwner.java:89)
	at com.microsoft.playwright.impl.PageImpl.navigate(PageImpl.java:836)
	at com.microsoft.playwright.impl.PageImpl.navigate(PageImpl.java:42)
	at com.microsoft.playwright.Page.navigate(Page.java:5305)
	at com.qa.Webshop.Factory.Factory.initialiseBrows(Factory.java:48)
	at com.qa.Webshop.baseTest.baseTest.setUp(baseTest.java:69)
	at java.base/jdk.internal.reflect.NativeMethodAccessorImpl.invoke0(Native Method)
	at java.base/jdk.internal.reflect.NativeMethodAccessorImpl.invoke(NativeMethodAccessorImpl.java:77)
	at java.base/jdk.internal.reflect.DelegatingMethodAccessorImpl.invoke(DelegatingMethodAccessorImpl.java:43)
	at java.base/java.lang.reflect.Method.invoke(Method.java:568)
	at org.testng.internal.MethodInvocationHelper.invokeMethod(MethodInvocationHelper.java:133)
	at org.testng.internal.MethodInvocationHelper.invokeMethodConsideringTimeout(MethodInvocationHelper.java:62)
	at org.testng.internal.ConfigInvoker.invokeConfigurationMethod(ConfigInvoker.java:385)
	at org.testng.internal.ConfigInvoker.invokeConfigurations(ConfigInvoker.java:321)
	at org.testng.TestRunner.invokeTestConfigurations(TestRunner.java:637)
	at org.testng.TestRunner.beforeRun(TestRunner.java:627)
	at org.testng.TestRunner.run(TestRunner.java:589)
	at org.testng.SuiteRunner.runTest(SuiteRunner.java:377)
	at org.testng.SuiteRunner.runSequentially(SuiteRunner.java:371)
	at org.testng.SuiteRunner.privateRun(SuiteRunner.java:332)
	at org.testng.SuiteRunner.run(SuiteRunner.java:276)
	at org.testng.SuiteRunnerWorker.runSuite(SuiteRunnerWorker.java:53)
	at org.testng.SuiteRunnerWorker.run(SuiteRunnerWorker.java:96)
	at org.testng.TestNG.runSuitesSequentially(TestNG.java:1212)
	at org.testng.TestNG.runSuitesLocally(TestNG.java:1134)
	at org.testng.TestNG.runSuites(TestNG.java:1063)
	at org.testng.TestNG.run(TestNG.java:1031)
	at org.testng.remote.AbstractRemoteTestNG.run(AbstractRemoteTestNG.java:115)
	at org.testng.remote.RemoteTestNG.initAndRun(RemoteTestNG.java:251)
	at org.testng.remote.RemoteTestNG.main(RemoteTestNG.java:77)
Caused by: com.microsoft.playwright.impl.DriverException: Error {
  message=&apos;NS_ERROR_UNKNOWN_HOST
  name=&apos;Error
  stack=&apos;Error: NS_ERROR_UNKNOWN_HOST
    at FrameManager.frameAbortedNavigation (C:\Users\HP\AppData\Local\Temp\playwright-java-6207073177838020012\package\lib\server\frames.js:216:14)
    at FrameManager.requestFailed (C:\Users\HP\AppData\Local\Temp\playwright-java-6207073177838020012\package\lib\server\frames.js:276:12)
    at FFNetworkManager._onRequestFailed (C:\Users\HP\AppData\Local\Temp\playwright-java-6207073177838020012\package\lib\server\firefox\ffNetworkManager.js:136:30)
    at FFSession.emit (node:events:514:28)
    at C:\Users\HP\AppData\Local\Temp\playwright-java-6207073177838020012\package\lib\server\firefox\ffConnection.js:154:41
}
Call log:
- navigating to &quot;https://demowebshop.tricentis.com/&quot;, waiting until &quot;load&quot;

	at com.microsoft.playwright.impl.Connection.dispatch(Connection.java:257)
	at com.microsoft.playwright.impl.Connection.processOneMessage(Connection.java:209)
	at com.microsoft.playwright.impl.ChannelOwner.runUntil(ChannelOwner.java:118)
	... 35 more
</div></td></tr></table><p class="totop"><a href="#summary">back to summary</a></p>
<h3 id="m13">com.qa.Webshop.Test.TestAutomation#checkoutPageTest</h3><table class="result"><tr><th>Exception</th></tr><tr><td><div class="stacktrace">com.microsoft.playwright.PlaywrightException: Error {
  message=&apos;NS_ERROR_UNKNOWN_HOST
  name=&apos;Error
  stack=&apos;Error: NS_ERROR_UNKNOWN_HOST
    at FrameManager.frameAbortedNavigation (C:\Users\HP\AppData\Local\Temp\playwright-java-6207073177838020012\package\lib\server\frames.js:216:14)
    at FrameManager.requestFailed (C:\Users\HP\AppData\Local\Temp\playwright-java-6207073177838020012\package\lib\server\frames.js:276:12)
    at FFNetworkManager._onRequestFailed (C:\Users\HP\AppData\Local\Temp\playwright-java-6207073177838020012\package\lib\server\firefox\ffNetworkManager.js:136:30)
    at FFSession.emit (node:events:514:28)
    at C:\Users\HP\AppData\Local\Temp\playwright-java-6207073177838020012\package\lib\server\firefox\ffConnection.js:154:41
}
Call log:
- navigating to &quot;https://demowebshop.tricentis.com/&quot;, waiting until &quot;load&quot;

	at com.microsoft.playwright.impl.WaitableResult.get(WaitableResult.java:54)
	at com.microsoft.playwright.impl.ChannelOwner.runUntil(ChannelOwner.java:120)
	at com.microsoft.playwright.impl.Connection.sendMessage(Connection.java:129)
	at com.microsoft.playwright.impl.ChannelOwner.sendMessage(ChannelOwner.java:106)
	at com.microsoft.playwright.impl.FrameImpl.navigateImpl(FrameImpl.java:463)
	at com.microsoft.playwright.impl.PageImpl.lambda$navigate$45(PageImpl.java:836)
	at com.microsoft.playwright.impl.LoggingSupport.withLogging(LoggingSupport.java:47)
	at com.microsoft.playwright.impl.ChannelOwner.withLogging(ChannelOwner.java:89)
	at com.microsoft.playwright.impl.PageImpl.navigate(PageImpl.java:836)
	at com.microsoft.playwright.impl.PageImpl.navigate(PageImpl.java:42)
	at com.microsoft.playwright.Page.navigate(Page.java:5305)
	at com.qa.Webshop.Factory.Factory.initialiseBrows(Factory.java:48)
	at com.qa.Webshop.baseTest.baseTest.setUp(baseTest.java:69)
	at java.base/jdk.internal.reflect.NativeMethodAccessorImpl.invoke0(Native Method)
	at java.base/jdk.internal.reflect.NativeMethodAccessorImpl.invoke(NativeMethodAccessorImpl.java:77)
	at java.base/jdk.internal.reflect.DelegatingMethodAccessorImpl.invoke(DelegatingMethodAccessorImpl.java:43)
	at java.base/java.lang.reflect.Method.invoke(Method.java:568)
	at org.testng.internal.MethodInvocationHelper.invokeMethod(MethodInvocationHelper.java:133)
	at org.testng.internal.MethodInvocationHelper.invokeMethodConsideringTimeout(MethodInvocationHelper.java:62)
	at org.testng.internal.ConfigInvoker.invokeConfigurationMethod(ConfigInvoker.java:385)
	at org.testng.internal.ConfigInvoker.invokeConfigurations(ConfigInvoker.java:321)
	at org.testng.TestRunner.invokeTestConfigurations(TestRunner.java:637)
	at org.testng.TestRunner.beforeRun(TestRunner.java:627)
	at org.testng.TestRunner.run(TestRunner.java:589)
	at org.testng.SuiteRunner.runTest(SuiteRunner.java:377)
	at org.testng.SuiteRunner.runSequentially(SuiteRunner.java:371)
	at org.testng.SuiteRunner.privateRun(SuiteRunner.java:332)
	at org.testng.SuiteRunner.run(SuiteRunner.java:276)
	at org.testng.SuiteRunnerWorker.runSuite(SuiteRunnerWorker.java:53)
	at org.testng.SuiteRunnerWorker.run(SuiteRunnerWorker.java:96)
	at org.testng.TestNG.runSuitesSequentially(TestNG.java:1212)
	at org.testng.TestNG.runSuitesLocally(TestNG.java:1134)
	at org.testng.TestNG.runSuites(TestNG.java:1063)
	at org.testng.TestNG.run(TestNG.java:1031)
	at org.testng.remote.AbstractRemoteTestNG.run(AbstractRemoteTestNG.java:115)
	at org.testng.remote.RemoteTestNG.initAndRun(RemoteTestNG.java:251)
	at org.testng.remote.RemoteTestNG.main(RemoteTestNG.java:77)
Caused by: com.microsoft.playwright.impl.DriverException: Error {
  message=&apos;NS_ERROR_UNKNOWN_HOST
  name=&apos;Error
  stack=&apos;Error: NS_ERROR_UNKNOWN_HOST
    at FrameManager.frameAbortedNavigation (C:\Users\HP\AppData\Local\Temp\playwright-java-6207073177838020012\package\lib\server\frames.js:216:14)
    at FrameManager.requestFailed (C:\Users\HP\AppData\Local\Temp\playwright-java-6207073177838020012\package\lib\server\frames.js:276:12)
    at FFNetworkManager._onRequestFailed (C:\Users\HP\AppData\Local\Temp\playwright-java-6207073177838020012\package\lib\server\firefox\ffNetworkManager.js:136:30)
    at FFSession.emit (node:events:514:28)
    at C:\Users\HP\AppData\Local\Temp\playwright-java-6207073177838020012\package\lib\server\firefox\ffConnection.js:154:41
}
Call log:
- navigating to &quot;https://demowebshop.tricentis.com/&quot;, waiting until &quot;load&quot;

	at com.microsoft.playwright.impl.Connection.dispatch(Connection.java:257)
	at com.microsoft.playwright.impl.Connection.processOneMessage(Connection.java:209)
	at com.microsoft.playwright.impl.ChannelOwner.runUntil(ChannelOwner.java:118)
	... 35 more
</div></td></tr></table><p class="totop"><a href="#summary">back to summary</a></p>
<h3 id="m14">com.qa.Webshop.Test.TestAutomation#regstrationPage</h3><table class="result"><tr><th>Exception</th></tr><tr><td><div class="stacktrace">com.microsoft.playwright.PlaywrightException: Error {
  message=&apos;NS_ERROR_UNKNOWN_HOST
  name=&apos;Error
  stack=&apos;Error: NS_ERROR_UNKNOWN_HOST
    at FrameManager.frameAbortedNavigation (C:\Users\HP\AppData\Local\Temp\playwright-java-6207073177838020012\package\lib\server\frames.js:216:14)
    at FrameManager.requestFailed (C:\Users\HP\AppData\Local\Temp\playwright-java-6207073177838020012\package\lib\server\frames.js:276:12)
    at FFNetworkManager._onRequestFailed (C:\Users\HP\AppData\Local\Temp\playwright-java-6207073177838020012\package\lib\server\firefox\ffNetworkManager.js:136:30)
    at FFSession.emit (node:events:514:28)
    at C:\Users\HP\AppData\Local\Temp\playwright-java-6207073177838020012\package\lib\server\firefox\ffConnection.js:154:41
}
Call log:
- navigating to &quot;https://demowebshop.tricentis.com/&quot;, waiting until &quot;load&quot;

	at com.microsoft.playwright.impl.WaitableResult.get(WaitableResult.java:54)
	at com.microsoft.playwright.impl.ChannelOwner.runUntil(ChannelOwner.java:120)
	at com.microsoft.playwright.impl.Connection.sendMessage(Connection.java:129)
	at com.microsoft.playwright.impl.ChannelOwner.sendMessage(ChannelOwner.java:106)
	at com.microsoft.playwright.impl.FrameImpl.navigateImpl(FrameImpl.java:463)
	at com.microsoft.playwright.impl.PageImpl.lambda$navigate$45(PageImpl.java:836)
	at com.microsoft.playwright.impl.LoggingSupport.withLogging(LoggingSupport.java:47)
	at com.microsoft.playwright.impl.ChannelOwner.withLogging(ChannelOwner.java:89)
	at com.microsoft.playwright.impl.PageImpl.navigate(PageImpl.java:836)
	at com.microsoft.playwright.impl.PageImpl.navigate(PageImpl.java:42)
	at com.microsoft.playwright.Page.navigate(Page.java:5305)
	at com.qa.Webshop.Factory.Factory.initialiseBrows(Factory.java:48)
	at com.qa.Webshop.baseTest.baseTest.setUp(baseTest.java:69)
	at java.base/jdk.internal.reflect.NativeMethodAccessorImpl.invoke0(Native Method)
	at java.base/jdk.internal.reflect.NativeMethodAccessorImpl.invoke(NativeMethodAccessorImpl.java:77)
	at java.base/jdk.internal.reflect.DelegatingMethodAccessorImpl.invoke(DelegatingMethodAccessorImpl.java:43)
	at java.base/java.lang.reflect.Method.invoke(Method.java:568)
	at org.testng.internal.MethodInvocationHelper.invokeMethod(MethodInvocationHelper.java:133)
	at org.testng.internal.MethodInvocationHelper.invokeMethodConsideringTimeout(MethodInvocationHelper.java:62)
	at org.testng.internal.ConfigInvoker.invokeConfigurationMethod(ConfigInvoker.java:385)
	at org.testng.internal.ConfigInvoker.invokeConfigurations(ConfigInvoker.java:321)
	at org.testng.TestRunner.invokeTestConfigurations(TestRunner.java:637)
	at org.testng.TestRunner.beforeRun(TestRunner.java:627)
	at org.testng.TestRunner.run(TestRunner.java:589)
	at org.testng.SuiteRunner.runTest(SuiteRunner.java:377)
	at org.testng.SuiteRunner.runSequentially(SuiteRunner.java:371)
	at org.testng.SuiteRunner.privateRun(SuiteRunner.java:332)
	at org.testng.SuiteRunner.run(SuiteRunner.java:276)
	at org.testng.SuiteRunnerWorker.runSuite(SuiteRunnerWorker.java:53)
	at org.testng.SuiteRunnerWorker.run(SuiteRunnerWorker.java:96)
	at org.testng.TestNG.runSuitesSequentially(TestNG.java:1212)
	at org.testng.TestNG.runSuitesLocally(TestNG.java:1134)
	at org.testng.TestNG.runSuites(TestNG.java:1063)
	at org.testng.TestNG.run(TestNG.java:1031)
	at org.testng.remote.AbstractRemoteTestNG.run(AbstractRemoteTestNG.java:115)
	at org.testng.remote.RemoteTestNG.initAndRun(RemoteTestNG.java:251)
	at org.testng.remote.RemoteTestNG.main(RemoteTestNG.java:77)
Caused by: com.microsoft.playwright.impl.DriverException: Error {
  message=&apos;NS_ERROR_UNKNOWN_HOST
  name=&apos;Error
  stack=&apos;Error: NS_ERROR_UNKNOWN_HOST
    at FrameManager.frameAbortedNavigation (C:\Users\HP\AppData\Local\Temp\playwright-java-6207073177838020012\package\lib\server\frames.js:216:14)
    at FrameManager.requestFailed (C:\Users\HP\AppData\Local\Temp\playwright-java-6207073177838020012\package\lib\server\frames.js:276:12)
    at FFNetworkManager._onRequestFailed (C:\Users\HP\AppData\Local\Temp\playwright-java-6207073177838020012\package\lib\server\firefox\ffNetworkManager.js:136:30)
    at FFSession.emit (node:events:514:28)
    at C:\Users\HP\AppData\Local\Temp\playwright-java-6207073177838020012\package\lib\server\firefox\ffConnection.js:154:41
}
Call log:
- navigating to &quot;https://demowebshop.tricentis.com/&quot;, waiting until &quot;load&quot;

	at com.microsoft.playwright.impl.Connection.dispatch(Connection.java:257)
	at com.microsoft.playwright.impl.Connection.processOneMessage(Connection.java:209)
	at com.microsoft.playwright.impl.ChannelOwner.runUntil(ChannelOwner.java:118)
	... 35 more
</div></td></tr></table><p class="totop"><a href="#summary">back to summary</a></p>
</body>
</html>
