<!DOCTYPE html>

<html>
  <head>
  <meta charset='utf-8'>
  <title>TestNG reports</title>

    <link type="text/css" href="testng-reports1.css" rel="stylesheet" id="ultra" />
    <link type="text/css" href="testng-reports.css" rel="stylesheet" id="retro" disabled="false"/>
    <script type="text/javascript" src="jquery.min.js"></script>
    <script type="text/javascript" src="testng-reports.js"></script>
    <script type="text/javascript" src="https://www.google.com/jsapi"></script>
    <script type='text/javascript'>
      google.load('visualization', '1', {packages:['table']});
      google.setOnLoadCallback(drawTable);
      var suiteTableInitFunctions = new Array();
      var suiteTableData = new Array();
    </script>
    <!--
      <script type="text/javascript" src="jquery-ui/js/jquery-ui-1.8.16.custom.min.js"></script>
     -->
  </head>

  <body>
    <div class="top-banner-root">
      <span class="top-banner-title-font">Test results</span>
      <button id="button" class="button">Switch Retro Theme</button> <!-- button -->
      <br/>
      <span class="top-banner-font-1">1 suite</span>
    </div> <!-- top-banner-root -->
    <div class="navigator-root">
      <div class="navigator-suite-header">
        <span>All suites</span>
        <a href="#" title="Collapse/expand all the suites" class="collapse-all-link">
          <img src="collapseall.gif" class="collapse-all-icon">
          </img> <!-- collapse-all-icon -->
        </a> <!-- collapse-all-link -->
      </div> <!-- navigator-suite-header -->
      <div class="suite">
        <div class="rounded-window">
          <div class="suite-header light-rounded-window-top">
            <a href="#" panel-name="suite-Default_suite" class="navigator-link">
              <span class="suite-name border-skipped">Default suite</span>
            </a> <!-- navigator-link -->
          </div> <!-- suite-header light-rounded-window-top -->
          <div class="navigator-suite-content">
            <div class="suite-section-title">
              <span>Info</span>
            </div> <!-- suite-section-title -->
            <div class="suite-section-content">
              <ul>
                <li>
                  <a href="#" panel-name="test-xml-Default_suite" class="navigator-link ">
                    <span>C:\Users\HP\AppData\Local\Temp\testng-eclipse-1736215292\testng-customsuite.xml</span>
                  </a> <!-- navigator-link  -->
                </li>
                <li>
                  <a href="#" panel-name="testlist-Default_suite" class="navigator-link ">
                    <span class="test-stats">1 test</span>
                  </a> <!-- navigator-link  -->
                </li>
                <li>
                  <a href="#" panel-name="group-Default_suite" class="navigator-link ">
                    <span>0 groups</span>
                  </a> <!-- navigator-link  -->
                </li>
                <li>
                  <a href="#" panel-name="times-Default_suite" class="navigator-link ">
                    <span>Times</span>
                  </a> <!-- navigator-link  -->
                </li>
                <li>
                  <a href="#" panel-name="reporter-Default_suite" class="navigator-link ">
                    <span>Reporter output</span>
                  </a> <!-- navigator-link  -->
                </li>
                <li>
                  <a href="#" panel-name="ignored-methods-Default_suite" class="navigator-link ">
                    <span>Ignored methods</span>
                  </a> <!-- navigator-link  -->
                </li>
                <li>
                  <a href="#" panel-name="chronological-Default_suite" class="navigator-link ">
                    <span>Chronological view</span>
                  </a> <!-- navigator-link  -->
                </li>
              </ul>
            </div> <!-- suite-section-content -->
            <div class="result-section">
              <div class="suite-section-title">
                <span>Results</span>
              </div> <!-- suite-section-title -->
              <div class="suite-section-content">
                <ul>
                  <li>
                    <span class="method-stats">6 methods,  6 skipped,  </span>
                  </li>
                  <li>
                    <span class="method-list-title skipped">Skipped methods</span>
                    <span class="show-or-hide-methods skipped">
                      <a href="#" panel-name="suite-Default_suite" class="hide-methods skipped suite-Default_suite"> (hide)</a> <!-- hide-methods skipped suite-Default_suite -->
                      <a href="#" panel-name="suite-Default_suite" class="show-methods skipped suite-Default_suite"> (show)</a> <!-- show-methods skipped suite-Default_suite -->
                    </span>
                    <div class="method-list-content skipped suite-Default_suite">
                      <span>
                        <img src="skipped.png" width="3%"/>
                        <a href="#" panel-name="suite-Default_suite" title="com.qa.Webshop.Test.TestAutomation" class="method navigator-link" hash-for-method="buyingBookTest">buyingBookTest</a> <!-- method navigator-link -->
                      </span>
                      <br/>
                      <span>
                        <img src="skipped.png" width="3%"/>
                        <a href="#" panel-name="suite-Default_suite" title="com.qa.Webshop.Test.TestAutomation" class="method navigator-link" hash-for-method="buyingElectronic">buyingElectronic</a> <!-- method navigator-link -->
                      </span>
                      <br/>
                      <span>
                        <img src="skipped.png" width="3%"/>
                        <a href="#" panel-name="suite-Default_suite" title="com.qa.Webshop.Test.TestAutomation" class="method navigator-link" hash-for-method="buyingJwelery">buyingJwelery</a> <!-- method navigator-link -->
                      </span>
                      <br/>
                      <span>
                        <img src="skipped.png" width="3%"/>
                        <a href="#" panel-name="suite-Default_suite" title="com.qa.Webshop.Test.TestAutomation" class="method navigator-link" hash-for-method="buyingcomputer">buyingcomputer</a> <!-- method navigator-link -->
                      </span>
                      <br/>
                      <span>
                        <img src="skipped.png" width="3%"/>
                        <a href="#" panel-name="suite-Default_suite" title="com.qa.Webshop.Test.TestAutomation" class="method navigator-link" hash-for-method="checkoutPageTest">checkoutPageTest</a> <!-- method navigator-link -->
                      </span>
                      <br/>
                      <span>
                        <img src="skipped.png" width="3%"/>
                        <a href="#" panel-name="suite-Default_suite" title="com.qa.Webshop.Test.TestAutomation" class="method navigator-link" hash-for-method="regstrationPage">regstrationPage</a> <!-- method navigator-link -->
                      </span>
                      <br/>
                    </div> <!-- method-list-content skipped suite-Default_suite -->
                  </li>
                </ul>
              </div> <!-- suite-section-content -->
            </div> <!-- result-section -->
          </div> <!-- navigator-suite-content -->
        </div> <!-- rounded-window -->
      </div> <!-- suite -->
    </div> <!-- navigator-root -->
    <div class="wrapper">
      <div class="main-panel-root">
        <div panel-name="suite-Default_suite" class="panel Default_suite">
          <div class="suite-Default_suite-class-skipped">
            <div class="main-panel-header rounded-window-top">
              <img src="skipped.png"/>
              <span class="class-name">com.qa.Webshop.Test.TestAutomation</span>
            </div> <!-- main-panel-header rounded-window-top -->
            <div class="main-panel-content rounded-window-bottom">
              <div class="method">
                <div class="method-content">
                  <a name="buyingBookTest">
                  </a> <!-- buyingBookTest -->
                  <span class="method-name">buyingBookTest</span>
                  <div class="stack-trace">com.microsoft.playwright.PlaywrightException: Error {
  message=&apos;NS_ERROR_UNKNOWN_HOST
  name=&apos;Error
  stack=&apos;Error: NS_ERROR_UNKNOWN_HOST
    at FrameManager.frameAbortedNavigation (C:\Users\HP\AppData\Local\Temp\playwright-java-6207073177838020012\package\lib\server\frames.js:216:14)
    at FrameManager.requestFailed (C:\Users\HP\AppData\Local\Temp\playwright-java-6207073177838020012\package\lib\server\frames.js:276:12)
    at FFNetworkManager._onRequestFailed (C:\Users\HP\AppData\Local\Temp\playwright-java-6207073177838020012\package\lib\server\firefox\ffNetworkManager.js:136:30)
    at FFSession.emit (node:events:514:28)
    at C:\Users\HP\AppData\Local\Temp\playwright-java-6207073177838020012\package\lib\server\firefox\ffConnection.js:154:41
}
Call log:
- navigating to &quot;https://demowebshop.tricentis.com/&quot;, waiting until &quot;load&quot;

	at com.microsoft.playwright.impl.WaitableResult.get(WaitableResult.java:54)
	at com.microsoft.playwright.impl.ChannelOwner.runUntil(ChannelOwner.java:120)
	at com.microsoft.playwright.impl.Connection.sendMessage(Connection.java:129)
	at com.microsoft.playwright.impl.ChannelOwner.sendMessage(ChannelOwner.java:106)
	at com.microsoft.playwright.impl.FrameImpl.navigateImpl(FrameImpl.java:463)
	at com.microsoft.playwright.impl.PageImpl.lambda$navigate$45(PageImpl.java:836)
	at com.microsoft.playwright.impl.LoggingSupport.withLogging(LoggingSupport.java:47)
	at com.microsoft.playwright.impl.ChannelOwner.withLogging(ChannelOwner.java:89)
	at com.microsoft.playwright.impl.PageImpl.navigate(PageImpl.java:836)
	at com.microsoft.playwright.impl.PageImpl.navigate(PageImpl.java:42)
	at com.microsoft.playwright.Page.navigate(Page.java:5305)
	at com.qa.Webshop.Factory.Factory.initialiseBrows(Factory.java:48)
	at com.qa.Webshop.baseTest.baseTest.setUp(baseTest.java:69)
	at java.base/jdk.internal.reflect.NativeMethodAccessorImpl.invoke0(Native Method)
	at java.base/jdk.internal.reflect.NativeMethodAccessorImpl.invoke(NativeMethodAccessorImpl.java:77)
	at java.base/jdk.internal.reflect.DelegatingMethodAccessorImpl.invoke(DelegatingMethodAccessorImpl.java:43)
	at java.base/java.lang.reflect.Method.invoke(Method.java:568)
	at org.testng.internal.MethodInvocationHelper.invokeMethod(MethodInvocationHelper.java:133)
	at org.testng.internal.MethodInvocationHelper.invokeMethodConsideringTimeout(MethodInvocationHelper.java:62)
	at org.testng.internal.ConfigInvoker.invokeConfigurationMethod(ConfigInvoker.java:385)
	at org.testng.internal.ConfigInvoker.invokeConfigurations(ConfigInvoker.java:321)
	at org.testng.TestRunner.invokeTestConfigurations(TestRunner.java:637)
	at org.testng.TestRunner.beforeRun(TestRunner.java:627)
	at org.testng.TestRunner.run(TestRunner.java:589)
	at org.testng.SuiteRunner.runTest(SuiteRunner.java:377)
	at org.testng.SuiteRunner.runSequentially(SuiteRunner.java:371)
	at org.testng.SuiteRunner.privateRun(SuiteRunner.java:332)
	at org.testng.SuiteRunner.run(SuiteRunner.java:276)
	at org.testng.SuiteRunnerWorker.runSuite(SuiteRunnerWorker.java:53)
	at org.testng.SuiteRunnerWorker.run(SuiteRunnerWorker.java:96)
	at org.testng.TestNG.runSuitesSequentially(TestNG.java:1212)
	at org.testng.TestNG.runSuitesLocally(TestNG.java:1134)
	at org.testng.TestNG.runSuites(TestNG.java:1063)
	at org.testng.TestNG.run(TestNG.java:1031)
	at org.testng.remote.AbstractRemoteTestNG.run(AbstractRemoteTestNG.java:115)
	at org.testng.remote.RemoteTestNG.initAndRun(RemoteTestNG.java:251)
	at org.testng.remote.RemoteTestNG.main(RemoteTestNG.java:77)
Caused by: com.microsoft.playwright.impl.DriverException: Error {
  message=&apos;NS_ERROR_UNKNOWN_HOST
  name=&apos;Error
  stack=&apos;Error: NS_ERROR_UNKNOWN_HOST
    at FrameManager.frameAbortedNavigation (C:\Users\HP\AppData\Local\Temp\playwright-java-6207073177838020012\package\lib\server\frames.js:216:14)
    at FrameManager.requestFailed (C:\Users\HP\AppData\Local\Temp\playwright-java-6207073177838020012\package\lib\server\frames.js:276:12)
    at FFNetworkManager._onRequestFailed (C:\Users\HP\AppData\Local\Temp\playwright-java-6207073177838020012\package\lib\server\firefox\ffNetworkManager.js:136:30)
    at FFSession.emit (node:events:514:28)
    at C:\Users\HP\AppData\Local\Temp\playwright-java-6207073177838020012\package\lib\server\firefox\ffConnection.js:154:41
}
Call log:
- navigating to &quot;https://demowebshop.tricentis.com/&quot;, waiting until &quot;load&quot;

	at com.microsoft.playwright.impl.Connection.dispatch(Connection.java:257)
	at com.microsoft.playwright.impl.Connection.processOneMessage(Connection.java:209)
	at com.microsoft.playwright.impl.ChannelOwner.runUntil(ChannelOwner.java:118)
	... 35 more

</div> <!-- stack-trace -->
                </div> <!-- method-content -->
              </div> <!-- method -->
              <div class="method">
                <div class="method-content">
                  <a name="buyingElectronic">
                  </a> <!-- buyingElectronic -->
                  <span class="method-name">buyingElectronic</span>
                  <div class="stack-trace">com.microsoft.playwright.PlaywrightException: Error {
  message=&apos;NS_ERROR_UNKNOWN_HOST
  name=&apos;Error
  stack=&apos;Error: NS_ERROR_UNKNOWN_HOST
    at FrameManager.frameAbortedNavigation (C:\Users\HP\AppData\Local\Temp\playwright-java-6207073177838020012\package\lib\server\frames.js:216:14)
    at FrameManager.requestFailed (C:\Users\HP\AppData\Local\Temp\playwright-java-6207073177838020012\package\lib\server\frames.js:276:12)
    at FFNetworkManager._onRequestFailed (C:\Users\HP\AppData\Local\Temp\playwright-java-6207073177838020012\package\lib\server\firefox\ffNetworkManager.js:136:30)
    at FFSession.emit (node:events:514:28)
    at C:\Users\HP\AppData\Local\Temp\playwright-java-6207073177838020012\package\lib\server\firefox\ffConnection.js:154:41
}
Call log:
- navigating to &quot;https://demowebshop.tricentis.com/&quot;, waiting until &quot;load&quot;

	at com.microsoft.playwright.impl.WaitableResult.get(WaitableResult.java:54)
	at com.microsoft.playwright.impl.ChannelOwner.runUntil(ChannelOwner.java:120)
	at com.microsoft.playwright.impl.Connection.sendMessage(Connection.java:129)
	at com.microsoft.playwright.impl.ChannelOwner.sendMessage(ChannelOwner.java:106)
	at com.microsoft.playwright.impl.FrameImpl.navigateImpl(FrameImpl.java:463)
	at com.microsoft.playwright.impl.PageImpl.lambda$navigate$45(PageImpl.java:836)
	at com.microsoft.playwright.impl.LoggingSupport.withLogging(LoggingSupport.java:47)
	at com.microsoft.playwright.impl.ChannelOwner.withLogging(ChannelOwner.java:89)
	at com.microsoft.playwright.impl.PageImpl.navigate(PageImpl.java:836)
	at com.microsoft.playwright.impl.PageImpl.navigate(PageImpl.java:42)
	at com.microsoft.playwright.Page.navigate(Page.java:5305)
	at com.qa.Webshop.Factory.Factory.initialiseBrows(Factory.java:48)
	at com.qa.Webshop.baseTest.baseTest.setUp(baseTest.java:69)
	at java.base/jdk.internal.reflect.NativeMethodAccessorImpl.invoke0(Native Method)
	at java.base/jdk.internal.reflect.NativeMethodAccessorImpl.invoke(NativeMethodAccessorImpl.java:77)
	at java.base/jdk.internal.reflect.DelegatingMethodAccessorImpl.invoke(DelegatingMethodAccessorImpl.java:43)
	at java.base/java.lang.reflect.Method.invoke(Method.java:568)
	at org.testng.internal.MethodInvocationHelper.invokeMethod(MethodInvocationHelper.java:133)
	at org.testng.internal.MethodInvocationHelper.invokeMethodConsideringTimeout(MethodInvocationHelper.java:62)
	at org.testng.internal.ConfigInvoker.invokeConfigurationMethod(ConfigInvoker.java:385)
	at org.testng.internal.ConfigInvoker.invokeConfigurations(ConfigInvoker.java:321)
	at org.testng.TestRunner.invokeTestConfigurations(TestRunner.java:637)
	at org.testng.TestRunner.beforeRun(TestRunner.java:627)
	at org.testng.TestRunner.run(TestRunner.java:589)
	at org.testng.SuiteRunner.runTest(SuiteRunner.java:377)
	at org.testng.SuiteRunner.runSequentially(SuiteRunner.java:371)
	at org.testng.SuiteRunner.privateRun(SuiteRunner.java:332)
	at org.testng.SuiteRunner.run(SuiteRunner.java:276)
	at org.testng.SuiteRunnerWorker.runSuite(SuiteRunnerWorker.java:53)
	at org.testng.SuiteRunnerWorker.run(SuiteRunnerWorker.java:96)
	at org.testng.TestNG.runSuitesSequentially(TestNG.java:1212)
	at org.testng.TestNG.runSuitesLocally(TestNG.java:1134)
	at org.testng.TestNG.runSuites(TestNG.java:1063)
	at org.testng.TestNG.run(TestNG.java:1031)
	at org.testng.remote.AbstractRemoteTestNG.run(AbstractRemoteTestNG.java:115)
	at org.testng.remote.RemoteTestNG.initAndRun(RemoteTestNG.java:251)
	at org.testng.remote.RemoteTestNG.main(RemoteTestNG.java:77)
Caused by: com.microsoft.playwright.impl.DriverException: Error {
  message=&apos;NS_ERROR_UNKNOWN_HOST
  name=&apos;Error
  stack=&apos;Error: NS_ERROR_UNKNOWN_HOST
    at FrameManager.frameAbortedNavigation (C:\Users\HP\AppData\Local\Temp\playwright-java-6207073177838020012\package\lib\server\frames.js:216:14)
    at FrameManager.requestFailed (C:\Users\HP\AppData\Local\Temp\playwright-java-6207073177838020012\package\lib\server\frames.js:276:12)
    at FFNetworkManager._onRequestFailed (C:\Users\HP\AppData\Local\Temp\playwright-java-6207073177838020012\package\lib\server\firefox\ffNetworkManager.js:136:30)
    at FFSession.emit (node:events:514:28)
    at C:\Users\HP\AppData\Local\Temp\playwright-java-6207073177838020012\package\lib\server\firefox\ffConnection.js:154:41
}
Call log:
- navigating to &quot;https://demowebshop.tricentis.com/&quot;, waiting until &quot;load&quot;

	at com.microsoft.playwright.impl.Connection.dispatch(Connection.java:257)
	at com.microsoft.playwright.impl.Connection.processOneMessage(Connection.java:209)
	at com.microsoft.playwright.impl.ChannelOwner.runUntil(ChannelOwner.java:118)
	... 35 more

</div> <!-- stack-trace -->
                </div> <!-- method-content -->
              </div> <!-- method -->
              <div class="method">
                <div class="method-content">
                  <a name="buyingJwelery">
                  </a> <!-- buyingJwelery -->
                  <span class="method-name">buyingJwelery</span>
                  <div class="stack-trace">com.microsoft.playwright.PlaywrightException: Error {
  message=&apos;NS_ERROR_UNKNOWN_HOST
  name=&apos;Error
  stack=&apos;Error: NS_ERROR_UNKNOWN_HOST
    at FrameManager.frameAbortedNavigation (C:\Users\HP\AppData\Local\Temp\playwright-java-6207073177838020012\package\lib\server\frames.js:216:14)
    at FrameManager.requestFailed (C:\Users\HP\AppData\Local\Temp\playwright-java-6207073177838020012\package\lib\server\frames.js:276:12)
    at FFNetworkManager._onRequestFailed (C:\Users\HP\AppData\Local\Temp\playwright-java-6207073177838020012\package\lib\server\firefox\ffNetworkManager.js:136:30)
    at FFSession.emit (node:events:514:28)
    at C:\Users\HP\AppData\Local\Temp\playwright-java-6207073177838020012\package\lib\server\firefox\ffConnection.js:154:41
}
Call log:
- navigating to &quot;https://demowebshop.tricentis.com/&quot;, waiting until &quot;load&quot;

	at com.microsoft.playwright.impl.WaitableResult.get(WaitableResult.java:54)
	at com.microsoft.playwright.impl.ChannelOwner.runUntil(ChannelOwner.java:120)
	at com.microsoft.playwright.impl.Connection.sendMessage(Connection.java:129)
	at com.microsoft.playwright.impl.ChannelOwner.sendMessage(ChannelOwner.java:106)
	at com.microsoft.playwright.impl.FrameImpl.navigateImpl(FrameImpl.java:463)
	at com.microsoft.playwright.impl.PageImpl.lambda$navigate$45(PageImpl.java:836)
	at com.microsoft.playwright.impl.LoggingSupport.withLogging(LoggingSupport.java:47)
	at com.microsoft.playwright.impl.ChannelOwner.withLogging(ChannelOwner.java:89)
	at com.microsoft.playwright.impl.PageImpl.navigate(PageImpl.java:836)
	at com.microsoft.playwright.impl.PageImpl.navigate(PageImpl.java:42)
	at com.microsoft.playwright.Page.navigate(Page.java:5305)
	at com.qa.Webshop.Factory.Factory.initialiseBrows(Factory.java:48)
	at com.qa.Webshop.baseTest.baseTest.setUp(baseTest.java:69)
	at java.base/jdk.internal.reflect.NativeMethodAccessorImpl.invoke0(Native Method)
	at java.base/jdk.internal.reflect.NativeMethodAccessorImpl.invoke(NativeMethodAccessorImpl.java:77)
	at java.base/jdk.internal.reflect.DelegatingMethodAccessorImpl.invoke(DelegatingMethodAccessorImpl.java:43)
	at java.base/java.lang.reflect.Method.invoke(Method.java:568)
	at org.testng.internal.MethodInvocationHelper.invokeMethod(MethodInvocationHelper.java:133)
	at org.testng.internal.MethodInvocationHelper.invokeMethodConsideringTimeout(MethodInvocationHelper.java:62)
	at org.testng.internal.ConfigInvoker.invokeConfigurationMethod(ConfigInvoker.java:385)
	at org.testng.internal.ConfigInvoker.invokeConfigurations(ConfigInvoker.java:321)
	at org.testng.TestRunner.invokeTestConfigurations(TestRunner.java:637)
	at org.testng.TestRunner.beforeRun(TestRunner.java:627)
	at org.testng.TestRunner.run(TestRunner.java:589)
	at org.testng.SuiteRunner.runTest(SuiteRunner.java:377)
	at org.testng.SuiteRunner.runSequentially(SuiteRunner.java:371)
	at org.testng.SuiteRunner.privateRun(SuiteRunner.java:332)
	at org.testng.SuiteRunner.run(SuiteRunner.java:276)
	at org.testng.SuiteRunnerWorker.runSuite(SuiteRunnerWorker.java:53)
	at org.testng.SuiteRunnerWorker.run(SuiteRunnerWorker.java:96)
	at org.testng.TestNG.runSuitesSequentially(TestNG.java:1212)
	at org.testng.TestNG.runSuitesLocally(TestNG.java:1134)
	at org.testng.TestNG.runSuites(TestNG.java:1063)
	at org.testng.TestNG.run(TestNG.java:1031)
	at org.testng.remote.AbstractRemoteTestNG.run(AbstractRemoteTestNG.java:115)
	at org.testng.remote.RemoteTestNG.initAndRun(RemoteTestNG.java:251)
	at org.testng.remote.RemoteTestNG.main(RemoteTestNG.java:77)
Caused by: com.microsoft.playwright.impl.DriverException: Error {
  message=&apos;NS_ERROR_UNKNOWN_HOST
  name=&apos;Error
  stack=&apos;Error: NS_ERROR_UNKNOWN_HOST
    at FrameManager.frameAbortedNavigation (C:\Users\HP\AppData\Local\Temp\playwright-java-6207073177838020012\package\lib\server\frames.js:216:14)
    at FrameManager.requestFailed (C:\Users\HP\AppData\Local\Temp\playwright-java-6207073177838020012\package\lib\server\frames.js:276:12)
    at FFNetworkManager._onRequestFailed (C:\Users\HP\AppData\Local\Temp\playwright-java-6207073177838020012\package\lib\server\firefox\ffNetworkManager.js:136:30)
    at FFSession.emit (node:events:514:28)
    at C:\Users\HP\AppData\Local\Temp\playwright-java-6207073177838020012\package\lib\server\firefox\ffConnection.js:154:41
}
Call log:
- navigating to &quot;https://demowebshop.tricentis.com/&quot;, waiting until &quot;load&quot;

	at com.microsoft.playwright.impl.Connection.dispatch(Connection.java:257)
	at com.microsoft.playwright.impl.Connection.processOneMessage(Connection.java:209)
	at com.microsoft.playwright.impl.ChannelOwner.runUntil(ChannelOwner.java:118)
	... 35 more

</div> <!-- stack-trace -->
                </div> <!-- method-content -->
              </div> <!-- method -->
              <div class="method">
                <div class="method-content">
                  <a name="buyingcomputer">
                  </a> <!-- buyingcomputer -->
                  <span class="method-name">buyingcomputer</span>
                  <div class="stack-trace">com.microsoft.playwright.PlaywrightException: Error {
  message=&apos;NS_ERROR_UNKNOWN_HOST
  name=&apos;Error
  stack=&apos;Error: NS_ERROR_UNKNOWN_HOST
    at FrameManager.frameAbortedNavigation (C:\Users\HP\AppData\Local\Temp\playwright-java-6207073177838020012\package\lib\server\frames.js:216:14)
    at FrameManager.requestFailed (C:\Users\HP\AppData\Local\Temp\playwright-java-6207073177838020012\package\lib\server\frames.js:276:12)
    at FFNetworkManager._onRequestFailed (C:\Users\HP\AppData\Local\Temp\playwright-java-6207073177838020012\package\lib\server\firefox\ffNetworkManager.js:136:30)
    at FFSession.emit (node:events:514:28)
    at C:\Users\HP\AppData\Local\Temp\playwright-java-6207073177838020012\package\lib\server\firefox\ffConnection.js:154:41
}
Call log:
- navigating to &quot;https://demowebshop.tricentis.com/&quot;, waiting until &quot;load&quot;

	at com.microsoft.playwright.impl.WaitableResult.get(WaitableResult.java:54)
	at com.microsoft.playwright.impl.ChannelOwner.runUntil(ChannelOwner.java:120)
	at com.microsoft.playwright.impl.Connection.sendMessage(Connection.java:129)
	at com.microsoft.playwright.impl.ChannelOwner.sendMessage(ChannelOwner.java:106)
	at com.microsoft.playwright.impl.FrameImpl.navigateImpl(FrameImpl.java:463)
	at com.microsoft.playwright.impl.PageImpl.lambda$navigate$45(PageImpl.java:836)
	at com.microsoft.playwright.impl.LoggingSupport.withLogging(LoggingSupport.java:47)
	at com.microsoft.playwright.impl.ChannelOwner.withLogging(ChannelOwner.java:89)
	at com.microsoft.playwright.impl.PageImpl.navigate(PageImpl.java:836)
	at com.microsoft.playwright.impl.PageImpl.navigate(PageImpl.java:42)
	at com.microsoft.playwright.Page.navigate(Page.java:5305)
	at com.qa.Webshop.Factory.Factory.initialiseBrows(Factory.java:48)
	at com.qa.Webshop.baseTest.baseTest.setUp(baseTest.java:69)
	at java.base/jdk.internal.reflect.NativeMethodAccessorImpl.invoke0(Native Method)
	at java.base/jdk.internal.reflect.NativeMethodAccessorImpl.invoke(NativeMethodAccessorImpl.java:77)
	at java.base/jdk.internal.reflect.DelegatingMethodAccessorImpl.invoke(DelegatingMethodAccessorImpl.java:43)
	at java.base/java.lang.reflect.Method.invoke(Method.java:568)
	at org.testng.internal.MethodInvocationHelper.invokeMethod(MethodInvocationHelper.java:133)
	at org.testng.internal.MethodInvocationHelper.invokeMethodConsideringTimeout(MethodInvocationHelper.java:62)
	at org.testng.internal.ConfigInvoker.invokeConfigurationMethod(ConfigInvoker.java:385)
	at org.testng.internal.ConfigInvoker.invokeConfigurations(ConfigInvoker.java:321)
	at org.testng.TestRunner.invokeTestConfigurations(TestRunner.java:637)
	at org.testng.TestRunner.beforeRun(TestRunner.java:627)
	at org.testng.TestRunner.run(TestRunner.java:589)
	at org.testng.SuiteRunner.runTest(SuiteRunner.java:377)
	at org.testng.SuiteRunner.runSequentially(SuiteRunner.java:371)
	at org.testng.SuiteRunner.privateRun(SuiteRunner.java:332)
	at org.testng.SuiteRunner.run(SuiteRunner.java:276)
	at org.testng.SuiteRunnerWorker.runSuite(SuiteRunnerWorker.java:53)
	at org.testng.SuiteRunnerWorker.run(SuiteRunnerWorker.java:96)
	at org.testng.TestNG.runSuitesSequentially(TestNG.java:1212)
	at org.testng.TestNG.runSuitesLocally(TestNG.java:1134)
	at org.testng.TestNG.runSuites(TestNG.java:1063)
	at org.testng.TestNG.run(TestNG.java:1031)
	at org.testng.remote.AbstractRemoteTestNG.run(AbstractRemoteTestNG.java:115)
	at org.testng.remote.RemoteTestNG.initAndRun(RemoteTestNG.java:251)
	at org.testng.remote.RemoteTestNG.main(RemoteTestNG.java:77)
Caused by: com.microsoft.playwright.impl.DriverException: Error {
  message=&apos;NS_ERROR_UNKNOWN_HOST
  name=&apos;Error
  stack=&apos;Error: NS_ERROR_UNKNOWN_HOST
    at FrameManager.frameAbortedNavigation (C:\Users\HP\AppData\Local\Temp\playwright-java-6207073177838020012\package\lib\server\frames.js:216:14)
    at FrameManager.requestFailed (C:\Users\HP\AppData\Local\Temp\playwright-java-6207073177838020012\package\lib\server\frames.js:276:12)
    at FFNetworkManager._onRequestFailed (C:\Users\HP\AppData\Local\Temp\playwright-java-6207073177838020012\package\lib\server\firefox\ffNetworkManager.js:136:30)
    at FFSession.emit (node:events:514:28)
    at C:\Users\HP\AppData\Local\Temp\playwright-java-6207073177838020012\package\lib\server\firefox\ffConnection.js:154:41
}
Call log:
- navigating to &quot;https://demowebshop.tricentis.com/&quot;, waiting until &quot;load&quot;

	at com.microsoft.playwright.impl.Connection.dispatch(Connection.java:257)
	at com.microsoft.playwright.impl.Connection.processOneMessage(Connection.java:209)
	at com.microsoft.playwright.impl.ChannelOwner.runUntil(ChannelOwner.java:118)
	... 35 more

</div> <!-- stack-trace -->
                </div> <!-- method-content -->
              </div> <!-- method -->
              <div class="method">
                <div class="method-content">
                  <a name="checkoutPageTest">
                  </a> <!-- checkoutPageTest -->
                  <span class="method-name">checkoutPageTest</span>
                  <div class="stack-trace">com.microsoft.playwright.PlaywrightException: Error {
  message=&apos;NS_ERROR_UNKNOWN_HOST
  name=&apos;Error
  stack=&apos;Error: NS_ERROR_UNKNOWN_HOST
    at FrameManager.frameAbortedNavigation (C:\Users\HP\AppData\Local\Temp\playwright-java-6207073177838020012\package\lib\server\frames.js:216:14)
    at FrameManager.requestFailed (C:\Users\HP\AppData\Local\Temp\playwright-java-6207073177838020012\package\lib\server\frames.js:276:12)
    at FFNetworkManager._onRequestFailed (C:\Users\HP\AppData\Local\Temp\playwright-java-6207073177838020012\package\lib\server\firefox\ffNetworkManager.js:136:30)
    at FFSession.emit (node:events:514:28)
    at C:\Users\HP\AppData\Local\Temp\playwright-java-6207073177838020012\package\lib\server\firefox\ffConnection.js:154:41
}
Call log:
- navigating to &quot;https://demowebshop.tricentis.com/&quot;, waiting until &quot;load&quot;

	at com.microsoft.playwright.impl.WaitableResult.get(WaitableResult.java:54)
	at com.microsoft.playwright.impl.ChannelOwner.runUntil(ChannelOwner.java:120)
	at com.microsoft.playwright.impl.Connection.sendMessage(Connection.java:129)
	at com.microsoft.playwright.impl.ChannelOwner.sendMessage(ChannelOwner.java:106)
	at com.microsoft.playwright.impl.FrameImpl.navigateImpl(FrameImpl.java:463)
	at com.microsoft.playwright.impl.PageImpl.lambda$navigate$45(PageImpl.java:836)
	at com.microsoft.playwright.impl.LoggingSupport.withLogging(LoggingSupport.java:47)
	at com.microsoft.playwright.impl.ChannelOwner.withLogging(ChannelOwner.java:89)
	at com.microsoft.playwright.impl.PageImpl.navigate(PageImpl.java:836)
	at com.microsoft.playwright.impl.PageImpl.navigate(PageImpl.java:42)
	at com.microsoft.playwright.Page.navigate(Page.java:5305)
	at com.qa.Webshop.Factory.Factory.initialiseBrows(Factory.java:48)
	at com.qa.Webshop.baseTest.baseTest.setUp(baseTest.java:69)
	at java.base/jdk.internal.reflect.NativeMethodAccessorImpl.invoke0(Native Method)
	at java.base/jdk.internal.reflect.NativeMethodAccessorImpl.invoke(NativeMethodAccessorImpl.java:77)
	at java.base/jdk.internal.reflect.DelegatingMethodAccessorImpl.invoke(DelegatingMethodAccessorImpl.java:43)
	at java.base/java.lang.reflect.Method.invoke(Method.java:568)
	at org.testng.internal.MethodInvocationHelper.invokeMethod(MethodInvocationHelper.java:133)
	at org.testng.internal.MethodInvocationHelper.invokeMethodConsideringTimeout(MethodInvocationHelper.java:62)
	at org.testng.internal.ConfigInvoker.invokeConfigurationMethod(ConfigInvoker.java:385)
	at org.testng.internal.ConfigInvoker.invokeConfigurations(ConfigInvoker.java:321)
	at org.testng.TestRunner.invokeTestConfigurations(TestRunner.java:637)
	at org.testng.TestRunner.beforeRun(TestRunner.java:627)
	at org.testng.TestRunner.run(TestRunner.java:589)
	at org.testng.SuiteRunner.runTest(SuiteRunner.java:377)
	at org.testng.SuiteRunner.runSequentially(SuiteRunner.java:371)
	at org.testng.SuiteRunner.privateRun(SuiteRunner.java:332)
	at org.testng.SuiteRunner.run(SuiteRunner.java:276)
	at org.testng.SuiteRunnerWorker.runSuite(SuiteRunnerWorker.java:53)
	at org.testng.SuiteRunnerWorker.run(SuiteRunnerWorker.java:96)
	at org.testng.TestNG.runSuitesSequentially(TestNG.java:1212)
	at org.testng.TestNG.runSuitesLocally(TestNG.java:1134)
	at org.testng.TestNG.runSuites(TestNG.java:1063)
	at org.testng.TestNG.run(TestNG.java:1031)
	at org.testng.remote.AbstractRemoteTestNG.run(AbstractRemoteTestNG.java:115)
	at org.testng.remote.RemoteTestNG.initAndRun(RemoteTestNG.java:251)
	at org.testng.remote.RemoteTestNG.main(RemoteTestNG.java:77)
Caused by: com.microsoft.playwright.impl.DriverException: Error {
  message=&apos;NS_ERROR_UNKNOWN_HOST
  name=&apos;Error
  stack=&apos;Error: NS_ERROR_UNKNOWN_HOST
    at FrameManager.frameAbortedNavigation (C:\Users\HP\AppData\Local\Temp\playwright-java-6207073177838020012\package\lib\server\frames.js:216:14)
    at FrameManager.requestFailed (C:\Users\HP\AppData\Local\Temp\playwright-java-6207073177838020012\package\lib\server\frames.js:276:12)
    at FFNetworkManager._onRequestFailed (C:\Users\HP\AppData\Local\Temp\playwright-java-6207073177838020012\package\lib\server\firefox\ffNetworkManager.js:136:30)
    at FFSession.emit (node:events:514:28)
    at C:\Users\HP\AppData\Local\Temp\playwright-java-6207073177838020012\package\lib\server\firefox\ffConnection.js:154:41
}
Call log:
- navigating to &quot;https://demowebshop.tricentis.com/&quot;, waiting until &quot;load&quot;

	at com.microsoft.playwright.impl.Connection.dispatch(Connection.java:257)
	at com.microsoft.playwright.impl.Connection.processOneMessage(Connection.java:209)
	at com.microsoft.playwright.impl.ChannelOwner.runUntil(ChannelOwner.java:118)
	... 35 more

</div> <!-- stack-trace -->
                </div> <!-- method-content -->
              </div> <!-- method -->
              <div class="method">
                <div class="method-content">
                  <a name="regstrationPage">
                  </a> <!-- regstrationPage -->
                  <span class="method-name">regstrationPage</span>
                  <div class="stack-trace">com.microsoft.playwright.PlaywrightException: Error {
  message=&apos;NS_ERROR_UNKNOWN_HOST
  name=&apos;Error
  stack=&apos;Error: NS_ERROR_UNKNOWN_HOST
    at FrameManager.frameAbortedNavigation (C:\Users\HP\AppData\Local\Temp\playwright-java-6207073177838020012\package\lib\server\frames.js:216:14)
    at FrameManager.requestFailed (C:\Users\HP\AppData\Local\Temp\playwright-java-6207073177838020012\package\lib\server\frames.js:276:12)
    at FFNetworkManager._onRequestFailed (C:\Users\HP\AppData\Local\Temp\playwright-java-6207073177838020012\package\lib\server\firefox\ffNetworkManager.js:136:30)
    at FFSession.emit (node:events:514:28)
    at C:\Users\HP\AppData\Local\Temp\playwright-java-6207073177838020012\package\lib\server\firefox\ffConnection.js:154:41
}
Call log:
- navigating to &quot;https://demowebshop.tricentis.com/&quot;, waiting until &quot;load&quot;

	at com.microsoft.playwright.impl.WaitableResult.get(WaitableResult.java:54)
	at com.microsoft.playwright.impl.ChannelOwner.runUntil(ChannelOwner.java:120)
	at com.microsoft.playwright.impl.Connection.sendMessage(Connection.java:129)
	at com.microsoft.playwright.impl.ChannelOwner.sendMessage(ChannelOwner.java:106)
	at com.microsoft.playwright.impl.FrameImpl.navigateImpl(FrameImpl.java:463)
	at com.microsoft.playwright.impl.PageImpl.lambda$navigate$45(PageImpl.java:836)
	at com.microsoft.playwright.impl.LoggingSupport.withLogging(LoggingSupport.java:47)
	at com.microsoft.playwright.impl.ChannelOwner.withLogging(ChannelOwner.java:89)
	at com.microsoft.playwright.impl.PageImpl.navigate(PageImpl.java:836)
	at com.microsoft.playwright.impl.PageImpl.navigate(PageImpl.java:42)
	at com.microsoft.playwright.Page.navigate(Page.java:5305)
	at com.qa.Webshop.Factory.Factory.initialiseBrows(Factory.java:48)
	at com.qa.Webshop.baseTest.baseTest.setUp(baseTest.java:69)
	at java.base/jdk.internal.reflect.NativeMethodAccessorImpl.invoke0(Native Method)
	at java.base/jdk.internal.reflect.NativeMethodAccessorImpl.invoke(NativeMethodAccessorImpl.java:77)
	at java.base/jdk.internal.reflect.DelegatingMethodAccessorImpl.invoke(DelegatingMethodAccessorImpl.java:43)
	at java.base/java.lang.reflect.Method.invoke(Method.java:568)
	at org.testng.internal.MethodInvocationHelper.invokeMethod(MethodInvocationHelper.java:133)
	at org.testng.internal.MethodInvocationHelper.invokeMethodConsideringTimeout(MethodInvocationHelper.java:62)
	at org.testng.internal.ConfigInvoker.invokeConfigurationMethod(ConfigInvoker.java:385)
	at org.testng.internal.ConfigInvoker.invokeConfigurations(ConfigInvoker.java:321)
	at org.testng.TestRunner.invokeTestConfigurations(TestRunner.java:637)
	at org.testng.TestRunner.beforeRun(TestRunner.java:627)
	at org.testng.TestRunner.run(TestRunner.java:589)
	at org.testng.SuiteRunner.runTest(SuiteRunner.java:377)
	at org.testng.SuiteRunner.runSequentially(SuiteRunner.java:371)
	at org.testng.SuiteRunner.privateRun(SuiteRunner.java:332)
	at org.testng.SuiteRunner.run(SuiteRunner.java:276)
	at org.testng.SuiteRunnerWorker.runSuite(SuiteRunnerWorker.java:53)
	at org.testng.SuiteRunnerWorker.run(SuiteRunnerWorker.java:96)
	at org.testng.TestNG.runSuitesSequentially(TestNG.java:1212)
	at org.testng.TestNG.runSuitesLocally(TestNG.java:1134)
	at org.testng.TestNG.runSuites(TestNG.java:1063)
	at org.testng.TestNG.run(TestNG.java:1031)
	at org.testng.remote.AbstractRemoteTestNG.run(AbstractRemoteTestNG.java:115)
	at org.testng.remote.RemoteTestNG.initAndRun(RemoteTestNG.java:251)
	at org.testng.remote.RemoteTestNG.main(RemoteTestNG.java:77)
Caused by: com.microsoft.playwright.impl.DriverException: Error {
  message=&apos;NS_ERROR_UNKNOWN_HOST
  name=&apos;Error
  stack=&apos;Error: NS_ERROR_UNKNOWN_HOST
    at FrameManager.frameAbortedNavigation (C:\Users\HP\AppData\Local\Temp\playwright-java-6207073177838020012\package\lib\server\frames.js:216:14)
    at FrameManager.requestFailed (C:\Users\HP\AppData\Local\Temp\playwright-java-6207073177838020012\package\lib\server\frames.js:276:12)
    at FFNetworkManager._onRequestFailed (C:\Users\HP\AppData\Local\Temp\playwright-java-6207073177838020012\package\lib\server\firefox\ffNetworkManager.js:136:30)
    at FFSession.emit (node:events:514:28)
    at C:\Users\HP\AppData\Local\Temp\playwright-java-6207073177838020012\package\lib\server\firefox\ffConnection.js:154:41
}
Call log:
- navigating to &quot;https://demowebshop.tricentis.com/&quot;, waiting until &quot;load&quot;

	at com.microsoft.playwright.impl.Connection.dispatch(Connection.java:257)
	at com.microsoft.playwright.impl.Connection.processOneMessage(Connection.java:209)
	at com.microsoft.playwright.impl.ChannelOwner.runUntil(ChannelOwner.java:118)
	... 35 more

</div> <!-- stack-trace -->
                </div> <!-- method-content -->
              </div> <!-- method -->
            </div> <!-- main-panel-content rounded-window-bottom -->
          </div> <!-- suite-Default_suite-class-skipped -->
        </div> <!-- panel Default_suite -->
        <div panel-name="test-xml-Default_suite" class="panel">
          <div class="main-panel-header rounded-window-top">
            <span class="header-content">C:\Users\HP\AppData\Local\Temp\testng-eclipse-1736215292\testng-customsuite.xml</span>
          </div> <!-- main-panel-header rounded-window-top -->
          <div class="main-panel-content rounded-window-bottom">
            <pre>
&lt;?xml version=&quot;1.0&quot; encoding=&quot;UTF-8&quot;?&gt;
&lt;!DOCTYPE suite SYSTEM &quot;https://testng.org/testng-1.0.dtd&quot;&gt;
&lt;suite name=&quot;Default suite&quot; guice-stage=&quot;DEVELOPMENT&quot;&gt;
  &lt;test thread-count=&quot;5&quot; name=&quot;Default test&quot; verbose=&quot;2&quot;&gt;
    &lt;classes&gt;
      &lt;class name=&quot;com.qa.Webshop.Test.TestAutomation&quot;/&gt;
    &lt;/classes&gt;
  &lt;/test&gt; &lt;!-- Default test --&gt;
&lt;/suite&gt; &lt;!-- Default suite --&gt;
            </pre>
          </div> <!-- main-panel-content rounded-window-bottom -->
        </div> <!-- panel -->
        <div panel-name="testlist-Default_suite" class="panel">
          <div class="main-panel-header rounded-window-top">
            <span class="header-content">Tests for Default suite</span>
          </div> <!-- main-panel-header rounded-window-top -->
          <div class="main-panel-content rounded-window-bottom">
            <ul>
              <li>
                <span class="test-name">Default test (1 class)</span>
              </li>
            </ul>
          </div> <!-- main-panel-content rounded-window-bottom -->
        </div> <!-- panel -->
        <div panel-name="group-Default_suite" class="panel">
          <div class="main-panel-header rounded-window-top">
            <span class="header-content">Groups for Default suite</span>
          </div> <!-- main-panel-header rounded-window-top -->
          <div class="main-panel-content rounded-window-bottom">
          </div> <!-- main-panel-content rounded-window-bottom -->
        </div> <!-- panel -->
        <div panel-name="times-Default_suite" class="panel">
          <div class="main-panel-header rounded-window-top">
            <span class="header-content">Times for Default suite</span>
          </div> <!-- main-panel-header rounded-window-top -->
          <div class="main-panel-content rounded-window-bottom">
            <div class="times-div">
              <script type="text/javascript">
suiteTableInitFunctions.push('tableData_Default_suite');
function tableData_Default_suite() {
var data = new google.visualization.DataTable();
data.addColumn('number', 'Number');
data.addColumn('string', 'Method');
data.addColumn('string', 'Class');
data.addColumn('number', 'Time (ms)');
data.addRows(6);
data.setCell(0, 0, 0)
data.setCell(0, 1, 'buyingcomputer')
data.setCell(0, 2, 'com.qa.Webshop.Test.TestAutomation')
data.setCell(0, 3, 0);
data.setCell(1, 0, 1)
data.setCell(1, 1, 'buyingJwelery')
data.setCell(1, 2, 'com.qa.Webshop.Test.TestAutomation')
data.setCell(1, 3, 0);
data.setCell(2, 0, 2)
data.setCell(2, 1, 'regstrationPage')
data.setCell(2, 2, 'com.qa.Webshop.Test.TestAutomation')
data.setCell(2, 3, 0);
data.setCell(3, 0, 3)
data.setCell(3, 1, 'buyingElectronic')
data.setCell(3, 2, 'com.qa.Webshop.Test.TestAutomation')
data.setCell(3, 3, 0);
data.setCell(4, 0, 4)
data.setCell(4, 1, 'buyingBookTest')
data.setCell(4, 2, 'com.qa.Webshop.Test.TestAutomation')
data.setCell(4, 3, 0);
data.setCell(5, 0, 5)
data.setCell(5, 1, 'checkoutPageTest')
data.setCell(5, 2, 'com.qa.Webshop.Test.TestAutomation')
data.setCell(5, 3, 0);
window.suiteTableData['Default_suite']= { tableData: data, tableDiv: 'times-div-Default_suite'}
return data;
}
              </script>
              <span class="suite-total-time">Total running time: 0 ms</span>
              <div id="times-div-Default_suite">
              </div> <!-- times-div-Default_suite -->
            </div> <!-- times-div -->
          </div> <!-- main-panel-content rounded-window-bottom -->
        </div> <!-- panel -->
        <div panel-name="reporter-Default_suite" class="panel">
          <div class="main-panel-header rounded-window-top">
            <span class="header-content">Reporter output for Default suite</span>
          </div> <!-- main-panel-header rounded-window-top -->
          <div class="main-panel-content rounded-window-bottom">
          </div> <!-- main-panel-content rounded-window-bottom -->
        </div> <!-- panel -->
        <div panel-name="ignored-methods-Default_suite" class="panel">
          <div class="main-panel-header rounded-window-top">
            <span class="header-content">0 ignored methods</span>
          </div> <!-- main-panel-header rounded-window-top -->
          <div class="main-panel-content rounded-window-bottom">
          </div> <!-- main-panel-content rounded-window-bottom -->
        </div> <!-- panel -->
        <div panel-name="chronological-Default_suite" class="panel">
          <div class="main-panel-header rounded-window-top">
            <span class="header-content">Methods in chronological order</span>
          </div> <!-- main-panel-header rounded-window-top -->
          <div class="main-panel-content rounded-window-bottom">
            <div class="chronological-class">
              <div class="chronological-class-name">com.qa.Webshop.Test.TestAutomation</div> <!-- chronological-class-name -->
              <div class="configuration-test before">
                <img src="failed.png">
                </img>
                <span class="method-name">setUp</span>
                <span class="method-start">0 ms</span>
              </div> <!-- configuration-test before -->
              <div class="test-method">
                <span class="method-name">regstrationPage</span>
                <span class="method-start">24184 ms</span>
              </div> <!-- test-method -->
              <div class="configuration-method after">
                <span class="method-name">getTestResult</span>
                <span class="method-start">24212 ms</span>
              </div> <!-- configuration-method after -->
              <div class="test-method">
                <span class="method-name">buyingBookTest</span>
                <span class="method-start">24229 ms</span>
              </div> <!-- test-method -->
              <div class="configuration-method after">
                <span class="method-name">getTestResult</span>
                <span class="method-start">24251 ms</span>
              </div> <!-- configuration-method after -->
              <div class="test-method">
                <span class="method-name">buyingcomputer</span>
                <span class="method-start">24258 ms</span>
              </div> <!-- test-method -->
              <div class="configuration-method after">
                <span class="method-name">getTestResult</span>
                <span class="method-start">24265 ms</span>
              </div> <!-- configuration-method after -->
              <div class="test-method">
                <span class="method-name">buyingElectronic</span>
                <span class="method-start">24280 ms</span>
              </div> <!-- test-method -->
              <div class="configuration-method after">
                <span class="method-name">getTestResult</span>
                <span class="method-start">24312 ms</span>
              </div> <!-- configuration-method after -->
              <div class="test-method">
                <span class="method-name">buyingJwelery</span>
                <span class="method-start">24316 ms</span>
              </div> <!-- test-method -->
              <div class="configuration-method after">
                <span class="method-name">getTestResult</span>
                <span class="method-start">24350 ms</span>
              </div> <!-- configuration-method after -->
              <div class="test-method">
                <span class="method-name">checkoutPageTest</span>
                <span class="method-start">24370 ms</span>
              </div> <!-- test-method -->
              <div class="configuration-method after">
                <span class="method-name">getTestResult</span>
                <span class="method-start">24451 ms</span>
              </div> <!-- configuration-method after -->
              <div class="configuration-test after">
                <span class="method-name">flushReport</span>
                <span class="method-start">24455 ms</span>
              </div> <!-- configuration-test after -->
              <div class="configuration-suite after">
                <span class="method-name">TearDown</span>
                <span class="method-start">24891 ms</span>
              </div> <!-- configuration-suite after -->
          </div> <!-- main-panel-content rounded-window-bottom -->
        </div> <!-- panel -->
      </div> <!-- main-panel-root -->
    </div> <!-- wrapper -->
  </body>
<script type="text/javascript" src="testng-reports2.js"></script>
</html>
