<?xml version="1.0" encoding="UTF-8"?>
<testng-results ignored="0" total="6" passed="0" failed="0" skipped="6">
  <reporter-output>
  </reporter-output>
  <suite started-at="2024-01-13T00:01:48 IST" name="Default suite" finished-at="2024-01-13T00:02:13 IST" duration-ms="24480">
    <groups>
    </groups>
    <test started-at="2024-01-13T00:01:48 IST" name="Default test" finished-at="2024-01-13T00:02:13 IST" duration-ms="24480">
      <class name="com.qa.Webshop.Test.TestAutomation">
        <test-method is-config="true" signature="setUp()[pri:0, instance:com.qa.Webshop.Test.TestAutomation@6babf3bf]" started-at="2024-01-13T00:01:48 IST" name="setUp" finished-at="2024-01-13T00:02:12 IST" duration-ms="24031" status="FAIL">
          <exception class="com.microsoft.playwright.PlaywrightException">
            <message>
              <![CDATA[Error {
  message='NS_ERROR_UNKNOWN_HOST
  name='Error
  stack='Error: NS_ERROR_UNKNOWN_HOST
    at FrameManager.frameAbortedNavigation (C:\Users\HP\AppData\Local\Temp\playwright-java-6207073177838020012\package\lib\server\frames.js:216:14)
    at FrameManager.requestFailed (C:\Users\HP\AppData\Local\Temp\playwright-java-6207073177838020012\package\lib\server\frames.js:276:12)
    at FFNetworkManager._onRequestFailed (C:\Users\HP\AppData\Local\Temp\playwright-java-6207073177838020012\package\lib\server\firefox\ffNetworkManager.js:136:30)
    at FFSession.emit (node:events:514:28)
    at C:\Users\HP\AppData\Local\Temp\playwright-java-6207073177838020012\package\lib\server\firefox\ffConnection.js:154:41
}
Call log:
- navigating to "https://demowebshop.tricentis.com/", waiting until "load"
]]>
            </message>
            <full-stacktrace>
              <![CDATA[com.microsoft.playwright.PlaywrightException: Error {
  message='NS_ERROR_UNKNOWN_HOST
  name='Error
  stack='Error: NS_ERROR_UNKNOWN_HOST
    at FrameManager.frameAbortedNavigation (C:\Users\HP\AppData\Local\Temp\playwright-java-6207073177838020012\package\lib\server\frames.js:216:14)
    at FrameManager.requestFailed (C:\Users\HP\AppData\Local\Temp\playwright-java-6207073177838020012\package\lib\server\frames.js:276:12)
    at FFNetworkManager._onRequestFailed (C:\Users\HP\AppData\Local\Temp\playwright-java-6207073177838020012\package\lib\server\firefox\ffNetworkManager.js:136:30)
    at FFSession.emit (node:events:514:28)
    at C:\Users\HP\AppData\Local\Temp\playwright-java-6207073177838020012\package\lib\server\firefox\ffConnection.js:154:41
}
Call log:
- navigating to "https://demowebshop.tricentis.com/", waiting until "load"

at com.microsoft.playwright.impl.WaitableResult.get(WaitableResult.java:54)
at com.microsoft.playwright.impl.ChannelOwner.runUntil(ChannelOwner.java:120)
at com.microsoft.playwright.impl.Connection.sendMessage(Connection.java:129)
at com.microsoft.playwright.impl.ChannelOwner.sendMessage(ChannelOwner.java:106)
at com.microsoft.playwright.impl.FrameImpl.navigateImpl(FrameImpl.java:463)
at com.microsoft.playwright.impl.PageImpl.lambda$navigate$45(PageImpl.java:836)
at com.microsoft.playwright.impl.LoggingSupport.withLogging(LoggingSupport.java:47)
at com.microsoft.playwright.impl.ChannelOwner.withLogging(ChannelOwner.java:89)
at com.microsoft.playwright.impl.PageImpl.navigate(PageImpl.java:836)
at com.microsoft.playwright.impl.PageImpl.navigate(PageImpl.java:42)
at com.microsoft.playwright.Page.navigate(Page.java:5305)
at com.qa.Webshop.Factory.Factory.initialiseBrows(Factory.java:48)
at com.qa.Webshop.baseTest.baseTest.setUp(baseTest.java:69)
at java.base/jdk.internal.reflect.NativeMethodAccessorImpl.invoke0(Native Method)
at java.base/jdk.internal.reflect.NativeMethodAccessorImpl.invoke(NativeMethodAccessorImpl.java:77)
at java.base/jdk.internal.reflect.DelegatingMethodAccessorImpl.invoke(DelegatingMethodAccessorImpl.java:43)
at java.base/java.lang.reflect.Method.invoke(Method.java:568)
at org.testng.internal.MethodInvocationHelper.invokeMethod(MethodInvocationHelper.java:133)
at org.testng.internal.MethodInvocationHelper.invokeMethodConsideringTimeout(MethodInvocationHelper.java:62)
at org.testng.internal.ConfigInvoker.invokeConfigurationMethod(ConfigInvoker.java:385)
at org.testng.internal.ConfigInvoker.invokeConfigurations(ConfigInvoker.java:321)
at org.testng.TestRunner.invokeTestConfigurations(TestRunner.java:637)
at org.testng.TestRunner.beforeRun(TestRunner.java:627)
at org.testng.TestRunner.run(TestRunner.java:589)
at org.testng.SuiteRunner.runTest(SuiteRunner.java:377)
at org.testng.SuiteRunner.runSequentially(SuiteRunner.java:371)
at org.testng.SuiteRunner.privateRun(SuiteRunner.java:332)
at org.testng.SuiteRunner.run(SuiteRunner.java:276)
at org.testng.SuiteRunnerWorker.runSuite(SuiteRunnerWorker.java:53)
at org.testng.SuiteRunnerWorker.run(SuiteRunnerWorker.java:96)
at org.testng.TestNG.runSuitesSequentially(TestNG.java:1212)
at org.testng.TestNG.runSuitesLocally(TestNG.java:1134)
at org.testng.TestNG.runSuites(TestNG.java:1063)
at org.testng.TestNG.run(TestNG.java:1031)
at org.testng.remote.AbstractRemoteTestNG.run(AbstractRemoteTestNG.java:115)
at org.testng.remote.RemoteTestNG.initAndRun(RemoteTestNG.java:251)
at org.testng.remote.RemoteTestNG.main(RemoteTestNG.java:77)
Caused by: com.microsoft.playwright.impl.DriverException: Error {
  message='NS_ERROR_UNKNOWN_HOST
  name='Error
  stack='Error: NS_ERROR_UNKNOWN_HOST
    at FrameManager.frameAbortedNavigation (C:\Users\HP\AppData\Local\Temp\playwright-java-6207073177838020012\package\lib\server\frames.js:216:14)
    at FrameManager.requestFailed (C:\Users\HP\AppData\Local\Temp\playwright-java-6207073177838020012\package\lib\server\frames.js:276:12)
    at FFNetworkManager._onRequestFailed (C:\Users\HP\AppData\Local\Temp\playwright-java-6207073177838020012\package\lib\server\firefox\ffNetworkManager.js:136:30)
    at FFSession.emit (node:events:514:28)
    at C:\Users\HP\AppData\Local\Temp\playwright-java-6207073177838020012\package\lib\server\firefox\ffConnection.js:154:41
}
Call log:
- navigating to "https://demowebshop.tricentis.com/", waiting until "load"

at com.microsoft.playwright.impl.Connection.dispatch(Connection.java:257)
at com.microsoft.playwright.impl.Connection.processOneMessage(Connection.java:209)
at com.microsoft.playwright.impl.ChannelOwner.runUntil(ChannelOwner.java:118)
... 35 more
]]>
            </full-stacktrace>
          </exception> <!-- com.microsoft.playwright.PlaywrightException -->
          <reporter-output>
          </reporter-output>
        </test-method> <!-- setUp -->
        <test-method signature="regstrationPage()[pri:1, instance:com.qa.Webshop.Test.TestAutomation@6babf3bf]" started-at="2024-01-13T00:02:12 IST" name="regstrationPage" finished-at="2024-01-13T00:02:12 IST" duration-ms="0" status="SKIP">
          <exception class="com.microsoft.playwright.PlaywrightException">
            <message>
              <![CDATA[Error {
  message='NS_ERROR_UNKNOWN_HOST
  name='Error
  stack='Error: NS_ERROR_UNKNOWN_HOST
    at FrameManager.frameAbortedNavigation (C:\Users\HP\AppData\Local\Temp\playwright-java-6207073177838020012\package\lib\server\frames.js:216:14)
    at FrameManager.requestFailed (C:\Users\HP\AppData\Local\Temp\playwright-java-6207073177838020012\package\lib\server\frames.js:276:12)
    at FFNetworkManager._onRequestFailed (C:\Users\HP\AppData\Local\Temp\playwright-java-6207073177838020012\package\lib\server\firefox\ffNetworkManager.js:136:30)
    at FFSession.emit (node:events:514:28)
    at C:\Users\HP\AppData\Local\Temp\playwright-java-6207073177838020012\package\lib\server\firefox\ffConnection.js:154:41
}
Call log:
- navigating to "https://demowebshop.tricentis.com/", waiting until "load"
]]>
            </message>
            <full-stacktrace>
              <![CDATA[com.microsoft.playwright.PlaywrightException: Error {
  message='NS_ERROR_UNKNOWN_HOST
  name='Error
  stack='Error: NS_ERROR_UNKNOWN_HOST
    at FrameManager.frameAbortedNavigation (C:\Users\HP\AppData\Local\Temp\playwright-java-6207073177838020012\package\lib\server\frames.js:216:14)
    at FrameManager.requestFailed (C:\Users\HP\AppData\Local\Temp\playwright-java-6207073177838020012\package\lib\server\frames.js:276:12)
    at FFNetworkManager._onRequestFailed (C:\Users\HP\AppData\Local\Temp\playwright-java-6207073177838020012\package\lib\server\firefox\ffNetworkManager.js:136:30)
    at FFSession.emit (node:events:514:28)
    at C:\Users\HP\AppData\Local\Temp\playwright-java-6207073177838020012\package\lib\server\firefox\ffConnection.js:154:41
}
Call log:
- navigating to "https://demowebshop.tricentis.com/", waiting until "load"

at com.microsoft.playwright.impl.WaitableResult.get(WaitableResult.java:54)
at com.microsoft.playwright.impl.ChannelOwner.runUntil(ChannelOwner.java:120)
at com.microsoft.playwright.impl.Connection.sendMessage(Connection.java:129)
at com.microsoft.playwright.impl.ChannelOwner.sendMessage(ChannelOwner.java:106)
at com.microsoft.playwright.impl.FrameImpl.navigateImpl(FrameImpl.java:463)
at com.microsoft.playwright.impl.PageImpl.lambda$navigate$45(PageImpl.java:836)
at com.microsoft.playwright.impl.LoggingSupport.withLogging(LoggingSupport.java:47)
at com.microsoft.playwright.impl.ChannelOwner.withLogging(ChannelOwner.java:89)
at com.microsoft.playwright.impl.PageImpl.navigate(PageImpl.java:836)
at com.microsoft.playwright.impl.PageImpl.navigate(PageImpl.java:42)
at com.microsoft.playwright.Page.navigate(Page.java:5305)
at com.qa.Webshop.Factory.Factory.initialiseBrows(Factory.java:48)
at com.qa.Webshop.baseTest.baseTest.setUp(baseTest.java:69)
at java.base/jdk.internal.reflect.NativeMethodAccessorImpl.invoke0(Native Method)
at java.base/jdk.internal.reflect.NativeMethodAccessorImpl.invoke(NativeMethodAccessorImpl.java:77)
at java.base/jdk.internal.reflect.DelegatingMethodAccessorImpl.invoke(DelegatingMethodAccessorImpl.java:43)
at java.base/java.lang.reflect.Method.invoke(Method.java:568)
at org.testng.internal.MethodInvocationHelper.invokeMethod(MethodInvocationHelper.java:133)
at org.testng.internal.MethodInvocationHelper.invokeMethodConsideringTimeout(MethodInvocationHelper.java:62)
at org.testng.internal.ConfigInvoker.invokeConfigurationMethod(ConfigInvoker.java:385)
at org.testng.internal.ConfigInvoker.invokeConfigurations(ConfigInvoker.java:321)
at org.testng.TestRunner.invokeTestConfigurations(TestRunner.java:637)
at org.testng.TestRunner.beforeRun(TestRunner.java:627)
at org.testng.TestRunner.run(TestRunner.java:589)
at org.testng.SuiteRunner.runTest(SuiteRunner.java:377)
at org.testng.SuiteRunner.runSequentially(SuiteRunner.java:371)
at org.testng.SuiteRunner.privateRun(SuiteRunner.java:332)
at org.testng.SuiteRunner.run(SuiteRunner.java:276)
at org.testng.SuiteRunnerWorker.runSuite(SuiteRunnerWorker.java:53)
at org.testng.SuiteRunnerWorker.run(SuiteRunnerWorker.java:96)
at org.testng.TestNG.runSuitesSequentially(TestNG.java:1212)
at org.testng.TestNG.runSuitesLocally(TestNG.java:1134)
at org.testng.TestNG.runSuites(TestNG.java:1063)
at org.testng.TestNG.run(TestNG.java:1031)
at org.testng.remote.AbstractRemoteTestNG.run(AbstractRemoteTestNG.java:115)
at org.testng.remote.RemoteTestNG.initAndRun(RemoteTestNG.java:251)
at org.testng.remote.RemoteTestNG.main(RemoteTestNG.java:77)
Caused by: com.microsoft.playwright.impl.DriverException: Error {
  message='NS_ERROR_UNKNOWN_HOST
  name='Error
  stack='Error: NS_ERROR_UNKNOWN_HOST
    at FrameManager.frameAbortedNavigation (C:\Users\HP\AppData\Local\Temp\playwright-java-6207073177838020012\package\lib\server\frames.js:216:14)
    at FrameManager.requestFailed (C:\Users\HP\AppData\Local\Temp\playwright-java-6207073177838020012\package\lib\server\frames.js:276:12)
    at FFNetworkManager._onRequestFailed (C:\Users\HP\AppData\Local\Temp\playwright-java-6207073177838020012\package\lib\server\firefox\ffNetworkManager.js:136:30)
    at FFSession.emit (node:events:514:28)
    at C:\Users\HP\AppData\Local\Temp\playwright-java-6207073177838020012\package\lib\server\firefox\ffConnection.js:154:41
}
Call log:
- navigating to "https://demowebshop.tricentis.com/", waiting until "load"

at com.microsoft.playwright.impl.Connection.dispatch(Connection.java:257)
at com.microsoft.playwright.impl.Connection.processOneMessage(Connection.java:209)
at com.microsoft.playwright.impl.ChannelOwner.runUntil(ChannelOwner.java:118)
... 35 more
]]>
            </full-stacktrace>
          </exception> <!-- com.microsoft.playwright.PlaywrightException -->
          <reporter-output>
          </reporter-output>
        </test-method> <!-- regstrationPage -->
        <test-method is-config="true" signature="getTestResult(org.testng.ITestResult)[pri:0, instance:com.qa.Webshop.Test.TestAutomation@6babf3bf]" started-at="2024-01-13T00:02:12 IST" name="getTestResult" finished-at="1970-01-01T05:30:00 IST" duration-ms="-1705084332781" status="SKIP">
          <reporter-output>
          </reporter-output>
        </test-method> <!-- getTestResult -->
        <test-method signature="buyingBookTest()[pri:3, instance:com.qa.Webshop.Test.TestAutomation@6babf3bf]" started-at="2024-01-13T00:02:12 IST" name="buyingBookTest" finished-at="2024-01-13T00:02:12 IST" duration-ms="0" status="SKIP">
          <exception class="com.microsoft.playwright.PlaywrightException">
            <message>
              <![CDATA[Error {
  message='NS_ERROR_UNKNOWN_HOST
  name='Error
  stack='Error: NS_ERROR_UNKNOWN_HOST
    at FrameManager.frameAbortedNavigation (C:\Users\HP\AppData\Local\Temp\playwright-java-6207073177838020012\package\lib\server\frames.js:216:14)
    at FrameManager.requestFailed (C:\Users\HP\AppData\Local\Temp\playwright-java-6207073177838020012\package\lib\server\frames.js:276:12)
    at FFNetworkManager._onRequestFailed (C:\Users\HP\AppData\Local\Temp\playwright-java-6207073177838020012\package\lib\server\firefox\ffNetworkManager.js:136:30)
    at FFSession.emit (node:events:514:28)
    at C:\Users\HP\AppData\Local\Temp\playwright-java-6207073177838020012\package\lib\server\firefox\ffConnection.js:154:41
}
Call log:
- navigating to "https://demowebshop.tricentis.com/", waiting until "load"
]]>
            </message>
            <full-stacktrace>
              <![CDATA[com.microsoft.playwright.PlaywrightException: Error {
  message='NS_ERROR_UNKNOWN_HOST
  name='Error
  stack='Error: NS_ERROR_UNKNOWN_HOST
    at FrameManager.frameAbortedNavigation (C:\Users\HP\AppData\Local\Temp\playwright-java-6207073177838020012\package\lib\server\frames.js:216:14)
    at FrameManager.requestFailed (C:\Users\HP\AppData\Local\Temp\playwright-java-6207073177838020012\package\lib\server\frames.js:276:12)
    at FFNetworkManager._onRequestFailed (C:\Users\HP\AppData\Local\Temp\playwright-java-6207073177838020012\package\lib\server\firefox\ffNetworkManager.js:136:30)
    at FFSession.emit (node:events:514:28)
    at C:\Users\HP\AppData\Local\Temp\playwright-java-6207073177838020012\package\lib\server\firefox\ffConnection.js:154:41
}
Call log:
- navigating to "https://demowebshop.tricentis.com/", waiting until "load"

at com.microsoft.playwright.impl.WaitableResult.get(WaitableResult.java:54)
at com.microsoft.playwright.impl.ChannelOwner.runUntil(ChannelOwner.java:120)
at com.microsoft.playwright.impl.Connection.sendMessage(Connection.java:129)
at com.microsoft.playwright.impl.ChannelOwner.sendMessage(ChannelOwner.java:106)
at com.microsoft.playwright.impl.FrameImpl.navigateImpl(FrameImpl.java:463)
at com.microsoft.playwright.impl.PageImpl.lambda$navigate$45(PageImpl.java:836)
at com.microsoft.playwright.impl.LoggingSupport.withLogging(LoggingSupport.java:47)
at com.microsoft.playwright.impl.ChannelOwner.withLogging(ChannelOwner.java:89)
at com.microsoft.playwright.impl.PageImpl.navigate(PageImpl.java:836)
at com.microsoft.playwright.impl.PageImpl.navigate(PageImpl.java:42)
at com.microsoft.playwright.Page.navigate(Page.java:5305)
at com.qa.Webshop.Factory.Factory.initialiseBrows(Factory.java:48)
at com.qa.Webshop.baseTest.baseTest.setUp(baseTest.java:69)
at java.base/jdk.internal.reflect.NativeMethodAccessorImpl.invoke0(Native Method)
at java.base/jdk.internal.reflect.NativeMethodAccessorImpl.invoke(NativeMethodAccessorImpl.java:77)
at java.base/jdk.internal.reflect.DelegatingMethodAccessorImpl.invoke(DelegatingMethodAccessorImpl.java:43)
at java.base/java.lang.reflect.Method.invoke(Method.java:568)
at org.testng.internal.MethodInvocationHelper.invokeMethod(MethodInvocationHelper.java:133)
at org.testng.internal.MethodInvocationHelper.invokeMethodConsideringTimeout(MethodInvocationHelper.java:62)
at org.testng.internal.ConfigInvoker.invokeConfigurationMethod(ConfigInvoker.java:385)
at org.testng.internal.ConfigInvoker.invokeConfigurations(ConfigInvoker.java:321)
at org.testng.TestRunner.invokeTestConfigurations(TestRunner.java:637)
at org.testng.TestRunner.beforeRun(TestRunner.java:627)
at org.testng.TestRunner.run(TestRunner.java:589)
at org.testng.SuiteRunner.runTest(SuiteRunner.java:377)
at org.testng.SuiteRunner.runSequentially(SuiteRunner.java:371)
at org.testng.SuiteRunner.privateRun(SuiteRunner.java:332)
at org.testng.SuiteRunner.run(SuiteRunner.java:276)
at org.testng.SuiteRunnerWorker.runSuite(SuiteRunnerWorker.java:53)
at org.testng.SuiteRunnerWorker.run(SuiteRunnerWorker.java:96)
at org.testng.TestNG.runSuitesSequentially(TestNG.java:1212)
at org.testng.TestNG.runSuitesLocally(TestNG.java:1134)
at org.testng.TestNG.runSuites(TestNG.java:1063)
at org.testng.TestNG.run(TestNG.java:1031)
at org.testng.remote.AbstractRemoteTestNG.run(AbstractRemoteTestNG.java:115)
at org.testng.remote.RemoteTestNG.initAndRun(RemoteTestNG.java:251)
at org.testng.remote.RemoteTestNG.main(RemoteTestNG.java:77)
Caused by: com.microsoft.playwright.impl.DriverException: Error {
  message='NS_ERROR_UNKNOWN_HOST
  name='Error
  stack='Error: NS_ERROR_UNKNOWN_HOST
    at FrameManager.frameAbortedNavigation (C:\Users\HP\AppData\Local\Temp\playwright-java-6207073177838020012\package\lib\server\frames.js:216:14)
    at FrameManager.requestFailed (C:\Users\HP\AppData\Local\Temp\playwright-java-6207073177838020012\package\lib\server\frames.js:276:12)
    at FFNetworkManager._onRequestFailed (C:\Users\HP\AppData\Local\Temp\playwright-java-6207073177838020012\package\lib\server\firefox\ffNetworkManager.js:136:30)
    at FFSession.emit (node:events:514:28)
    at C:\Users\HP\AppData\Local\Temp\playwright-java-6207073177838020012\package\lib\server\firefox\ffConnection.js:154:41
}
Call log:
- navigating to "https://demowebshop.tricentis.com/", waiting until "load"

at com.microsoft.playwright.impl.Connection.dispatch(Connection.java:257)
at com.microsoft.playwright.impl.Connection.processOneMessage(Connection.java:209)
at com.microsoft.playwright.impl.ChannelOwner.runUntil(ChannelOwner.java:118)
... 35 more
]]>
            </full-stacktrace>
          </exception> <!-- com.microsoft.playwright.PlaywrightException -->
          <reporter-output>
          </reporter-output>
        </test-method> <!-- buyingBookTest -->
        <test-method is-config="true" signature="getTestResult(org.testng.ITestResult)[pri:0, instance:com.qa.Webshop.Test.TestAutomation@6babf3bf]" started-at="2024-01-13T00:02:12 IST" name="getTestResult" finished-at="1970-01-01T05:30:00 IST" duration-ms="-1705084332820" status="SKIP">
          <reporter-output>
          </reporter-output>
        </test-method> <!-- getTestResult -->
        <test-method signature="buyingcomputer()[pri:4, instance:com.qa.Webshop.Test.TestAutomation@6babf3bf]" started-at="2024-01-13T00:02:12 IST" name="buyingcomputer" finished-at="2024-01-13T00:02:12 IST" duration-ms="0" status="SKIP">
          <exception class="com.microsoft.playwright.PlaywrightException">
            <message>
              <![CDATA[Error {
  message='NS_ERROR_UNKNOWN_HOST
  name='Error
  stack='Error: NS_ERROR_UNKNOWN_HOST
    at FrameManager.frameAbortedNavigation (C:\Users\HP\AppData\Local\Temp\playwright-java-6207073177838020012\package\lib\server\frames.js:216:14)
    at FrameManager.requestFailed (C:\Users\HP\AppData\Local\Temp\playwright-java-6207073177838020012\package\lib\server\frames.js:276:12)
    at FFNetworkManager._onRequestFailed (C:\Users\HP\AppData\Local\Temp\playwright-java-6207073177838020012\package\lib\server\firefox\ffNetworkManager.js:136:30)
    at FFSession.emit (node:events:514:28)
    at C:\Users\HP\AppData\Local\Temp\playwright-java-6207073177838020012\package\lib\server\firefox\ffConnection.js:154:41
}
Call log:
- navigating to "https://demowebshop.tricentis.com/", waiting until "load"
]]>
            </message>
            <full-stacktrace>
              <![CDATA[com.microsoft.playwright.PlaywrightException: Error {
  message='NS_ERROR_UNKNOWN_HOST
  name='Error
  stack='Error: NS_ERROR_UNKNOWN_HOST
    at FrameManager.frameAbortedNavigation (C:\Users\HP\AppData\Local\Temp\playwright-java-6207073177838020012\package\lib\server\frames.js:216:14)
    at FrameManager.requestFailed (C:\Users\HP\AppData\Local\Temp\playwright-java-6207073177838020012\package\lib\server\frames.js:276:12)
    at FFNetworkManager._onRequestFailed (C:\Users\HP\AppData\Local\Temp\playwright-java-6207073177838020012\package\lib\server\firefox\ffNetworkManager.js:136:30)
    at FFSession.emit (node:events:514:28)
    at C:\Users\HP\AppData\Local\Temp\playwright-java-6207073177838020012\package\lib\server\firefox\ffConnection.js:154:41
}
Call log:
- navigating to "https://demowebshop.tricentis.com/", waiting until "load"

at com.microsoft.playwright.impl.WaitableResult.get(WaitableResult.java:54)
at com.microsoft.playwright.impl.ChannelOwner.runUntil(ChannelOwner.java:120)
at com.microsoft.playwright.impl.Connection.sendMessage(Connection.java:129)
at com.microsoft.playwright.impl.ChannelOwner.sendMessage(ChannelOwner.java:106)
at com.microsoft.playwright.impl.FrameImpl.navigateImpl(FrameImpl.java:463)
at com.microsoft.playwright.impl.PageImpl.lambda$navigate$45(PageImpl.java:836)
at com.microsoft.playwright.impl.LoggingSupport.withLogging(LoggingSupport.java:47)
at com.microsoft.playwright.impl.ChannelOwner.withLogging(ChannelOwner.java:89)
at com.microsoft.playwright.impl.PageImpl.navigate(PageImpl.java:836)
at com.microsoft.playwright.impl.PageImpl.navigate(PageImpl.java:42)
at com.microsoft.playwright.Page.navigate(Page.java:5305)
at com.qa.Webshop.Factory.Factory.initialiseBrows(Factory.java:48)
at com.qa.Webshop.baseTest.baseTest.setUp(baseTest.java:69)
at java.base/jdk.internal.reflect.NativeMethodAccessorImpl.invoke0(Native Method)
at java.base/jdk.internal.reflect.NativeMethodAccessorImpl.invoke(NativeMethodAccessorImpl.java:77)
at java.base/jdk.internal.reflect.DelegatingMethodAccessorImpl.invoke(DelegatingMethodAccessorImpl.java:43)
at java.base/java.lang.reflect.Method.invoke(Method.java:568)
at org.testng.internal.MethodInvocationHelper.invokeMethod(MethodInvocationHelper.java:133)
at org.testng.internal.MethodInvocationHelper.invokeMethodConsideringTimeout(MethodInvocationHelper.java:62)
at org.testng.internal.ConfigInvoker.invokeConfigurationMethod(ConfigInvoker.java:385)
at org.testng.internal.ConfigInvoker.invokeConfigurations(ConfigInvoker.java:321)
at org.testng.TestRunner.invokeTestConfigurations(TestRunner.java:637)
at org.testng.TestRunner.beforeRun(TestRunner.java:627)
at org.testng.TestRunner.run(TestRunner.java:589)
at org.testng.SuiteRunner.runTest(SuiteRunner.java:377)
at org.testng.SuiteRunner.runSequentially(SuiteRunner.java:371)
at org.testng.SuiteRunner.privateRun(SuiteRunner.java:332)
at org.testng.SuiteRunner.run(SuiteRunner.java:276)
at org.testng.SuiteRunnerWorker.runSuite(SuiteRunnerWorker.java:53)
at org.testng.SuiteRunnerWorker.run(SuiteRunnerWorker.java:96)
at org.testng.TestNG.runSuitesSequentially(TestNG.java:1212)
at org.testng.TestNG.runSuitesLocally(TestNG.java:1134)
at org.testng.TestNG.runSuites(TestNG.java:1063)
at org.testng.TestNG.run(TestNG.java:1031)
at org.testng.remote.AbstractRemoteTestNG.run(AbstractRemoteTestNG.java:115)
at org.testng.remote.RemoteTestNG.initAndRun(RemoteTestNG.java:251)
at org.testng.remote.RemoteTestNG.main(RemoteTestNG.java:77)
Caused by: com.microsoft.playwright.impl.DriverException: Error {
  message='NS_ERROR_UNKNOWN_HOST
  name='Error
  stack='Error: NS_ERROR_UNKNOWN_HOST
    at FrameManager.frameAbortedNavigation (C:\Users\HP\AppData\Local\Temp\playwright-java-6207073177838020012\package\lib\server\frames.js:216:14)
    at FrameManager.requestFailed (C:\Users\HP\AppData\Local\Temp\playwright-java-6207073177838020012\package\lib\server\frames.js:276:12)
    at FFNetworkManager._onRequestFailed (C:\Users\HP\AppData\Local\Temp\playwright-java-6207073177838020012\package\lib\server\firefox\ffNetworkManager.js:136:30)
    at FFSession.emit (node:events:514:28)
    at C:\Users\HP\AppData\Local\Temp\playwright-java-6207073177838020012\package\lib\server\firefox\ffConnection.js:154:41
}
Call log:
- navigating to "https://demowebshop.tricentis.com/", waiting until "load"

at com.microsoft.playwright.impl.Connection.dispatch(Connection.java:257)
at com.microsoft.playwright.impl.Connection.processOneMessage(Connection.java:209)
at com.microsoft.playwright.impl.ChannelOwner.runUntil(ChannelOwner.java:118)
... 35 more
]]>
            </full-stacktrace>
          </exception> <!-- com.microsoft.playwright.PlaywrightException -->
          <reporter-output>
          </reporter-output>
        </test-method> <!-- buyingcomputer -->
        <test-method is-config="true" signature="getTestResult(org.testng.ITestResult)[pri:0, instance:com.qa.Webshop.Test.TestAutomation@6babf3bf]" started-at="2024-01-13T00:02:12 IST" name="getTestResult" finished-at="1970-01-01T05:30:00 IST" duration-ms="-1705084332834" status="SKIP">
          <reporter-output>
          </reporter-output>
        </test-method> <!-- getTestResult -->
        <test-method signature="buyingElectronic()[pri:5, instance:com.qa.Webshop.Test.TestAutomation@6babf3bf]" started-at="2024-01-13T00:02:12 IST" name="buyingElectronic" finished-at="2024-01-13T00:02:12 IST" duration-ms="0" status="SKIP">
          <exception class="com.microsoft.playwright.PlaywrightException">
            <message>
              <![CDATA[Error {
  message='NS_ERROR_UNKNOWN_HOST
  name='Error
  stack='Error: NS_ERROR_UNKNOWN_HOST
    at FrameManager.frameAbortedNavigation (C:\Users\HP\AppData\Local\Temp\playwright-java-6207073177838020012\package\lib\server\frames.js:216:14)
    at FrameManager.requestFailed (C:\Users\HP\AppData\Local\Temp\playwright-java-6207073177838020012\package\lib\server\frames.js:276:12)
    at FFNetworkManager._onRequestFailed (C:\Users\HP\AppData\Local\Temp\playwright-java-6207073177838020012\package\lib\server\firefox\ffNetworkManager.js:136:30)
    at FFSession.emit (node:events:514:28)
    at C:\Users\HP\AppData\Local\Temp\playwright-java-6207073177838020012\package\lib\server\firefox\ffConnection.js:154:41
}
Call log:
- navigating to "https://demowebshop.tricentis.com/", waiting until "load"
]]>
            </message>
            <full-stacktrace>
              <![CDATA[com.microsoft.playwright.PlaywrightException: Error {
  message='NS_ERROR_UNKNOWN_HOST
  name='Error
  stack='Error: NS_ERROR_UNKNOWN_HOST
    at FrameManager.frameAbortedNavigation (C:\Users\HP\AppData\Local\Temp\playwright-java-6207073177838020012\package\lib\server\frames.js:216:14)
    at FrameManager.requestFailed (C:\Users\HP\AppData\Local\Temp\playwright-java-6207073177838020012\package\lib\server\frames.js:276:12)
    at FFNetworkManager._onRequestFailed (C:\Users\HP\AppData\Local\Temp\playwright-java-6207073177838020012\package\lib\server\firefox\ffNetworkManager.js:136:30)
    at FFSession.emit (node:events:514:28)
    at C:\Users\HP\AppData\Local\Temp\playwright-java-6207073177838020012\package\lib\server\firefox\ffConnection.js:154:41
}
Call log:
- navigating to "https://demowebshop.tricentis.com/", waiting until "load"

at com.microsoft.playwright.impl.WaitableResult.get(WaitableResult.java:54)
at com.microsoft.playwright.impl.ChannelOwner.runUntil(ChannelOwner.java:120)
at com.microsoft.playwright.impl.Connection.sendMessage(Connection.java:129)
at com.microsoft.playwright.impl.ChannelOwner.sendMessage(ChannelOwner.java:106)
at com.microsoft.playwright.impl.FrameImpl.navigateImpl(FrameImpl.java:463)
at com.microsoft.playwright.impl.PageImpl.lambda$navigate$45(PageImpl.java:836)
at com.microsoft.playwright.impl.LoggingSupport.withLogging(LoggingSupport.java:47)
at com.microsoft.playwright.impl.ChannelOwner.withLogging(ChannelOwner.java:89)
at com.microsoft.playwright.impl.PageImpl.navigate(PageImpl.java:836)
at com.microsoft.playwright.impl.PageImpl.navigate(PageImpl.java:42)
at com.microsoft.playwright.Page.navigate(Page.java:5305)
at com.qa.Webshop.Factory.Factory.initialiseBrows(Factory.java:48)
at com.qa.Webshop.baseTest.baseTest.setUp(baseTest.java:69)
at java.base/jdk.internal.reflect.NativeMethodAccessorImpl.invoke0(Native Method)
at java.base/jdk.internal.reflect.NativeMethodAccessorImpl.invoke(NativeMethodAccessorImpl.java:77)
at java.base/jdk.internal.reflect.DelegatingMethodAccessorImpl.invoke(DelegatingMethodAccessorImpl.java:43)
at java.base/java.lang.reflect.Method.invoke(Method.java:568)
at org.testng.internal.MethodInvocationHelper.invokeMethod(MethodInvocationHelper.java:133)
at org.testng.internal.MethodInvocationHelper.invokeMethodConsideringTimeout(MethodInvocationHelper.java:62)
at org.testng.internal.ConfigInvoker.invokeConfigurationMethod(ConfigInvoker.java:385)
at org.testng.internal.ConfigInvoker.invokeConfigurations(ConfigInvoker.java:321)
at org.testng.TestRunner.invokeTestConfigurations(TestRunner.java:637)
at org.testng.TestRunner.beforeRun(TestRunner.java:627)
at org.testng.TestRunner.run(TestRunner.java:589)
at org.testng.SuiteRunner.runTest(SuiteRunner.java:377)
at org.testng.SuiteRunner.runSequentially(SuiteRunner.java:371)
at org.testng.SuiteRunner.privateRun(SuiteRunner.java:332)
at org.testng.SuiteRunner.run(SuiteRunner.java:276)
at org.testng.SuiteRunnerWorker.runSuite(SuiteRunnerWorker.java:53)
at org.testng.SuiteRunnerWorker.run(SuiteRunnerWorker.java:96)
at org.testng.TestNG.runSuitesSequentially(TestNG.java:1212)
at org.testng.TestNG.runSuitesLocally(TestNG.java:1134)
at org.testng.TestNG.runSuites(TestNG.java:1063)
at org.testng.TestNG.run(TestNG.java:1031)
at org.testng.remote.AbstractRemoteTestNG.run(AbstractRemoteTestNG.java:115)
at org.testng.remote.RemoteTestNG.initAndRun(RemoteTestNG.java:251)
at org.testng.remote.RemoteTestNG.main(RemoteTestNG.java:77)
Caused by: com.microsoft.playwright.impl.DriverException: Error {
  message='NS_ERROR_UNKNOWN_HOST
  name='Error
  stack='Error: NS_ERROR_UNKNOWN_HOST
    at FrameManager.frameAbortedNavigation (C:\Users\HP\AppData\Local\Temp\playwright-java-6207073177838020012\package\lib\server\frames.js:216:14)
    at FrameManager.requestFailed (C:\Users\HP\AppData\Local\Temp\playwright-java-6207073177838020012\package\lib\server\frames.js:276:12)
    at FFNetworkManager._onRequestFailed (C:\Users\HP\AppData\Local\Temp\playwright-java-6207073177838020012\package\lib\server\firefox\ffNetworkManager.js:136:30)
    at FFSession.emit (node:events:514:28)
    at C:\Users\HP\AppData\Local\Temp\playwright-java-6207073177838020012\package\lib\server\firefox\ffConnection.js:154:41
}
Call log:
- navigating to "https://demowebshop.tricentis.com/", waiting until "load"

at com.microsoft.playwright.impl.Connection.dispatch(Connection.java:257)
at com.microsoft.playwright.impl.Connection.processOneMessage(Connection.java:209)
at com.microsoft.playwright.impl.ChannelOwner.runUntil(ChannelOwner.java:118)
... 35 more
]]>
            </full-stacktrace>
          </exception> <!-- com.microsoft.playwright.PlaywrightException -->
          <reporter-output>
          </reporter-output>
        </test-method> <!-- buyingElectronic -->
        <test-method is-config="true" signature="getTestResult(org.testng.ITestResult)[pri:0, instance:com.qa.Webshop.Test.TestAutomation@6babf3bf]" started-at="2024-01-13T00:02:12 IST" name="getTestResult" finished-at="1970-01-01T05:30:00 IST" duration-ms="-1705084332881" status="SKIP">
          <reporter-output>
          </reporter-output>
        </test-method> <!-- getTestResult -->
        <test-method signature="buyingJwelery()[pri:6, instance:com.qa.Webshop.Test.TestAutomation@6babf3bf]" started-at="2024-01-13T00:02:12 IST" name="buyingJwelery" finished-at="2024-01-13T00:02:12 IST" duration-ms="0" status="SKIP">
          <exception class="com.microsoft.playwright.PlaywrightException">
            <message>
              <![CDATA[Error {
  message='NS_ERROR_UNKNOWN_HOST
  name='Error
  stack='Error: NS_ERROR_UNKNOWN_HOST
    at FrameManager.frameAbortedNavigation (C:\Users\HP\AppData\Local\Temp\playwright-java-6207073177838020012\package\lib\server\frames.js:216:14)
    at FrameManager.requestFailed (C:\Users\HP\AppData\Local\Temp\playwright-java-6207073177838020012\package\lib\server\frames.js:276:12)
    at FFNetworkManager._onRequestFailed (C:\Users\HP\AppData\Local\Temp\playwright-java-6207073177838020012\package\lib\server\firefox\ffNetworkManager.js:136:30)
    at FFSession.emit (node:events:514:28)
    at C:\Users\HP\AppData\Local\Temp\playwright-java-6207073177838020012\package\lib\server\firefox\ffConnection.js:154:41
}
Call log:
- navigating to "https://demowebshop.tricentis.com/", waiting until "load"
]]>
            </message>
            <full-stacktrace>
              <![CDATA[com.microsoft.playwright.PlaywrightException: Error {
  message='NS_ERROR_UNKNOWN_HOST
  name='Error
  stack='Error: NS_ERROR_UNKNOWN_HOST
    at FrameManager.frameAbortedNavigation (C:\Users\HP\AppData\Local\Temp\playwright-java-6207073177838020012\package\lib\server\frames.js:216:14)
    at FrameManager.requestFailed (C:\Users\HP\AppData\Local\Temp\playwright-java-6207073177838020012\package\lib\server\frames.js:276:12)
    at FFNetworkManager._onRequestFailed (C:\Users\HP\AppData\Local\Temp\playwright-java-6207073177838020012\package\lib\server\firefox\ffNetworkManager.js:136:30)
    at FFSession.emit (node:events:514:28)
    at C:\Users\HP\AppData\Local\Temp\playwright-java-6207073177838020012\package\lib\server\firefox\ffConnection.js:154:41
}
Call log:
- navigating to "https://demowebshop.tricentis.com/", waiting until "load"

at com.microsoft.playwright.impl.WaitableResult.get(WaitableResult.java:54)
at com.microsoft.playwright.impl.ChannelOwner.runUntil(ChannelOwner.java:120)
at com.microsoft.playwright.impl.Connection.sendMessage(Connection.java:129)
at com.microsoft.playwright.impl.ChannelOwner.sendMessage(ChannelOwner.java:106)
at com.microsoft.playwright.impl.FrameImpl.navigateImpl(FrameImpl.java:463)
at com.microsoft.playwright.impl.PageImpl.lambda$navigate$45(PageImpl.java:836)
at com.microsoft.playwright.impl.LoggingSupport.withLogging(LoggingSupport.java:47)
at com.microsoft.playwright.impl.ChannelOwner.withLogging(ChannelOwner.java:89)
at com.microsoft.playwright.impl.PageImpl.navigate(PageImpl.java:836)
at com.microsoft.playwright.impl.PageImpl.navigate(PageImpl.java:42)
at com.microsoft.playwright.Page.navigate(Page.java:5305)
at com.qa.Webshop.Factory.Factory.initialiseBrows(Factory.java:48)
at com.qa.Webshop.baseTest.baseTest.setUp(baseTest.java:69)
at java.base/jdk.internal.reflect.NativeMethodAccessorImpl.invoke0(Native Method)
at java.base/jdk.internal.reflect.NativeMethodAccessorImpl.invoke(NativeMethodAccessorImpl.java:77)
at java.base/jdk.internal.reflect.DelegatingMethodAccessorImpl.invoke(DelegatingMethodAccessorImpl.java:43)
at java.base/java.lang.reflect.Method.invoke(Method.java:568)
at org.testng.internal.MethodInvocationHelper.invokeMethod(MethodInvocationHelper.java:133)
at org.testng.internal.MethodInvocationHelper.invokeMethodConsideringTimeout(MethodInvocationHelper.java:62)
at org.testng.internal.ConfigInvoker.invokeConfigurationMethod(ConfigInvoker.java:385)
at org.testng.internal.ConfigInvoker.invokeConfigurations(ConfigInvoker.java:321)
at org.testng.TestRunner.invokeTestConfigurations(TestRunner.java:637)
at org.testng.TestRunner.beforeRun(TestRunner.java:627)
at org.testng.TestRunner.run(TestRunner.java:589)
at org.testng.SuiteRunner.runTest(SuiteRunner.java:377)
at org.testng.SuiteRunner.runSequentially(SuiteRunner.java:371)
at org.testng.SuiteRunner.privateRun(SuiteRunner.java:332)
at org.testng.SuiteRunner.run(SuiteRunner.java:276)
at org.testng.SuiteRunnerWorker.runSuite(SuiteRunnerWorker.java:53)
at org.testng.SuiteRunnerWorker.run(SuiteRunnerWorker.java:96)
at org.testng.TestNG.runSuitesSequentially(TestNG.java:1212)
at org.testng.TestNG.runSuitesLocally(TestNG.java:1134)
at org.testng.TestNG.runSuites(TestNG.java:1063)
at org.testng.TestNG.run(TestNG.java:1031)
at org.testng.remote.AbstractRemoteTestNG.run(AbstractRemoteTestNG.java:115)
at org.testng.remote.RemoteTestNG.initAndRun(RemoteTestNG.java:251)
at org.testng.remote.RemoteTestNG.main(RemoteTestNG.java:77)
Caused by: com.microsoft.playwright.impl.DriverException: Error {
  message='NS_ERROR_UNKNOWN_HOST
  name='Error
  stack='Error: NS_ERROR_UNKNOWN_HOST
    at FrameManager.frameAbortedNavigation (C:\Users\HP\AppData\Local\Temp\playwright-java-6207073177838020012\package\lib\server\frames.js:216:14)
    at FrameManager.requestFailed (C:\Users\HP\AppData\Local\Temp\playwright-java-6207073177838020012\package\lib\server\frames.js:276:12)
    at FFNetworkManager._onRequestFailed (C:\Users\HP\AppData\Local\Temp\playwright-java-6207073177838020012\package\lib\server\firefox\ffNetworkManager.js:136:30)
    at FFSession.emit (node:events:514:28)
    at C:\Users\HP\AppData\Local\Temp\playwright-java-6207073177838020012\package\lib\server\firefox\ffConnection.js:154:41
}
Call log:
- navigating to "https://demowebshop.tricentis.com/", waiting until "load"

at com.microsoft.playwright.impl.Connection.dispatch(Connection.java:257)
at com.microsoft.playwright.impl.Connection.processOneMessage(Connection.java:209)
at com.microsoft.playwright.impl.ChannelOwner.runUntil(ChannelOwner.java:118)
... 35 more
]]>
            </full-stacktrace>
          </exception> <!-- com.microsoft.playwright.PlaywrightException -->
          <reporter-output>
          </reporter-output>
        </test-method> <!-- buyingJwelery -->
        <test-method is-config="true" signature="getTestResult(org.testng.ITestResult)[pri:0, instance:com.qa.Webshop.Test.TestAutomation@6babf3bf]" started-at="2024-01-13T00:02:12 IST" name="getTestResult" finished-at="1970-01-01T05:30:00 IST" duration-ms="-1705084332919" status="SKIP">
          <reporter-output>
          </reporter-output>
        </test-method> <!-- getTestResult -->
        <test-method signature="checkoutPageTest()[pri:7, instance:com.qa.Webshop.Test.TestAutomation@6babf3bf]" started-at="2024-01-13T00:02:12 IST" name="checkoutPageTest" finished-at="2024-01-13T00:02:12 IST" duration-ms="0" status="SKIP">
          <exception class="com.microsoft.playwright.PlaywrightException">
            <message>
              <![CDATA[Error {
  message='NS_ERROR_UNKNOWN_HOST
  name='Error
  stack='Error: NS_ERROR_UNKNOWN_HOST
    at FrameManager.frameAbortedNavigation (C:\Users\HP\AppData\Local\Temp\playwright-java-6207073177838020012\package\lib\server\frames.js:216:14)
    at FrameManager.requestFailed (C:\Users\HP\AppData\Local\Temp\playwright-java-6207073177838020012\package\lib\server\frames.js:276:12)
    at FFNetworkManager._onRequestFailed (C:\Users\HP\AppData\Local\Temp\playwright-java-6207073177838020012\package\lib\server\firefox\ffNetworkManager.js:136:30)
    at FFSession.emit (node:events:514:28)
    at C:\Users\HP\AppData\Local\Temp\playwright-java-6207073177838020012\package\lib\server\firefox\ffConnection.js:154:41
}
Call log:
- navigating to "https://demowebshop.tricentis.com/", waiting until "load"
]]>
            </message>
            <full-stacktrace>
              <![CDATA[com.microsoft.playwright.PlaywrightException: Error {
  message='NS_ERROR_UNKNOWN_HOST
  name='Error
  stack='Error: NS_ERROR_UNKNOWN_HOST
    at FrameManager.frameAbortedNavigation (C:\Users\HP\AppData\Local\Temp\playwright-java-6207073177838020012\package\lib\server\frames.js:216:14)
    at FrameManager.requestFailed (C:\Users\HP\AppData\Local\Temp\playwright-java-6207073177838020012\package\lib\server\frames.js:276:12)
    at FFNetworkManager._onRequestFailed (C:\Users\HP\AppData\Local\Temp\playwright-java-6207073177838020012\package\lib\server\firefox\ffNetworkManager.js:136:30)
    at FFSession.emit (node:events:514:28)
    at C:\Users\HP\AppData\Local\Temp\playwright-java-6207073177838020012\package\lib\server\firefox\ffConnection.js:154:41
}
Call log:
- navigating to "https://demowebshop.tricentis.com/", waiting until "load"

at com.microsoft.playwright.impl.WaitableResult.get(WaitableResult.java:54)
at com.microsoft.playwright.impl.ChannelOwner.runUntil(ChannelOwner.java:120)
at com.microsoft.playwright.impl.Connection.sendMessage(Connection.java:129)
at com.microsoft.playwright.impl.ChannelOwner.sendMessage(ChannelOwner.java:106)
at com.microsoft.playwright.impl.FrameImpl.navigateImpl(FrameImpl.java:463)
at com.microsoft.playwright.impl.PageImpl.lambda$navigate$45(PageImpl.java:836)
at com.microsoft.playwright.impl.LoggingSupport.withLogging(LoggingSupport.java:47)
at com.microsoft.playwright.impl.ChannelOwner.withLogging(ChannelOwner.java:89)
at com.microsoft.playwright.impl.PageImpl.navigate(PageImpl.java:836)
at com.microsoft.playwright.impl.PageImpl.navigate(PageImpl.java:42)
at com.microsoft.playwright.Page.navigate(Page.java:5305)
at com.qa.Webshop.Factory.Factory.initialiseBrows(Factory.java:48)
at com.qa.Webshop.baseTest.baseTest.setUp(baseTest.java:69)
at java.base/jdk.internal.reflect.NativeMethodAccessorImpl.invoke0(Native Method)
at java.base/jdk.internal.reflect.NativeMethodAccessorImpl.invoke(NativeMethodAccessorImpl.java:77)
at java.base/jdk.internal.reflect.DelegatingMethodAccessorImpl.invoke(DelegatingMethodAccessorImpl.java:43)
at java.base/java.lang.reflect.Method.invoke(Method.java:568)
at org.testng.internal.MethodInvocationHelper.invokeMethod(MethodInvocationHelper.java:133)
at org.testng.internal.MethodInvocationHelper.invokeMethodConsideringTimeout(MethodInvocationHelper.java:62)
at org.testng.internal.ConfigInvoker.invokeConfigurationMethod(ConfigInvoker.java:385)
at org.testng.internal.ConfigInvoker.invokeConfigurations(ConfigInvoker.java:321)
at org.testng.TestRunner.invokeTestConfigurations(TestRunner.java:637)
at org.testng.TestRunner.beforeRun(TestRunner.java:627)
at org.testng.TestRunner.run(TestRunner.java:589)
at org.testng.SuiteRunner.runTest(SuiteRunner.java:377)
at org.testng.SuiteRunner.runSequentially(SuiteRunner.java:371)
at org.testng.SuiteRunner.privateRun(SuiteRunner.java:332)
at org.testng.SuiteRunner.run(SuiteRunner.java:276)
at org.testng.SuiteRunnerWorker.runSuite(SuiteRunnerWorker.java:53)
at org.testng.SuiteRunnerWorker.run(SuiteRunnerWorker.java:96)
at org.testng.TestNG.runSuitesSequentially(TestNG.java:1212)
at org.testng.TestNG.runSuitesLocally(TestNG.java:1134)
at org.testng.TestNG.runSuites(TestNG.java:1063)
at org.testng.TestNG.run(TestNG.java:1031)
at org.testng.remote.AbstractRemoteTestNG.run(AbstractRemoteTestNG.java:115)
at org.testng.remote.RemoteTestNG.initAndRun(RemoteTestNG.java:251)
at org.testng.remote.RemoteTestNG.main(RemoteTestNG.java:77)
Caused by: com.microsoft.playwright.impl.DriverException: Error {
  message='NS_ERROR_UNKNOWN_HOST
  name='Error
  stack='Error: NS_ERROR_UNKNOWN_HOST
    at FrameManager.frameAbortedNavigation (C:\Users\HP\AppData\Local\Temp\playwright-java-6207073177838020012\package\lib\server\frames.js:216:14)
    at FrameManager.requestFailed (C:\Users\HP\AppData\Local\Temp\playwright-java-6207073177838020012\package\lib\server\frames.js:276:12)
    at FFNetworkManager._onRequestFailed (C:\Users\HP\AppData\Local\Temp\playwright-java-6207073177838020012\package\lib\server\firefox\ffNetworkManager.js:136:30)
    at FFSession.emit (node:events:514:28)
    at C:\Users\HP\AppData\Local\Temp\playwright-java-6207073177838020012\package\lib\server\firefox\ffConnection.js:154:41
}
Call log:
- navigating to "https://demowebshop.tricentis.com/", waiting until "load"

at com.microsoft.playwright.impl.Connection.dispatch(Connection.java:257)
at com.microsoft.playwright.impl.Connection.processOneMessage(Connection.java:209)
at com.microsoft.playwright.impl.ChannelOwner.runUntil(ChannelOwner.java:118)
... 35 more
]]>
            </full-stacktrace>
          </exception> <!-- com.microsoft.playwright.PlaywrightException -->
          <reporter-output>
          </reporter-output>
        </test-method> <!-- checkoutPageTest -->
        <test-method is-config="true" signature="getTestResult(org.testng.ITestResult)[pri:0, instance:com.qa.Webshop.Test.TestAutomation@6babf3bf]" started-at="2024-01-13T00:02:13 IST" name="getTestResult" finished-at="1970-01-01T05:30:00 IST" duration-ms="-1705084333020" status="SKIP">
          <reporter-output>
          </reporter-output>
        </test-method> <!-- getTestResult -->
        <test-method is-config="true" signature="flushReport()[pri:0, instance:com.qa.Webshop.Test.TestAutomation@6babf3bf]" started-at="2024-01-13T00:02:13 IST" name="flushReport" finished-at="1970-01-01T05:30:00 IST" duration-ms="-1705084333024" status="SKIP">
          <reporter-output>
          </reporter-output>
        </test-method> <!-- flushReport -->
        <test-method is-config="true" signature="TearDown()[pri:0, instance:com.qa.Webshop.Test.TestAutomation@6babf3bf]" started-at="2024-01-13T00:02:13 IST" name="TearDown" finished-at="1970-01-01T05:30:00 IST" duration-ms="-1705084333460" status="SKIP">
          <reporter-output>
          </reporter-output>
        </test-method> <!-- TearDown -->
      </class> <!-- com.qa.Webshop.Test.TestAutomation -->
    </test> <!-- Default test -->
  </suite> <!-- Default suite -->
</testng-results>
